0 verbose cli D:\node.exe D:\node_modules\npm\bin\npm-cli.js
1 info using npm@10.9.3
2 info using node@v22.18.0
3 silly config load:file:D:\node_modules\npm\npmrc
4 silly config load:file:D:\c backup\crio\OctaByte\frontend\.npmrc
5 silly config load:file:C:\Users\HP\.npmrc
6 silly config load:file:D:\c backup\crio\OctaByte\frontend\%APPDATA%\npm\etc\npmrc
7 verbose title npm install axios recharts @tanstack/react-table
8 verbose argv "install" "axios" "recharts" "@tanstack/react-table"
9 verbose logfile logs-max:10 dir:D:\c backup\crio\OctaByte\frontend\%APPDATA%\npm-cache\_logs\2026-02-28T08_55_33_442Z-
10 verbose logfile D:\c backup\crio\OctaByte\frontend\%APPDATA%\npm-cache\_logs\2026-02-28T08_55_33_442Z-debug-0.log
11 silly logfile done cleaning log files
12 silly packumentCache heap:2197815296 maxSize:549453824 maxEntrySize:274726912
13 silly idealTree buildDeps
14 silly fetch manifest axios@*
15 silly packumentCache full:https://registry.npmjs.org/axios cache-miss
16 http fetch GET 200 https://registry.npmjs.org/axios 423ms (cache revalidated)
17 silly packumentCache full:https://registry.npmjs.org/axios set size:770295 disposed:false
18 silly fetch manifest recharts@*
19 silly packumentCache full:https://registry.npmjs.org/recharts cache-miss
20 http fetch GET 200 https://registry.npmjs.org/recharts 156ms (cache miss)
21 silly packumentCache full:https://registry.npmjs.org/recharts set size:undefined disposed:false
22 silly fetch manifest react@19.2.3
23 silly packumentCache full:https://registry.npmjs.org/react cache-miss
24 http fetch GET 200 https://registry.npmjs.org/react 94ms (cache revalidated)
25 silly packumentCache full:https://registry.npmjs.org/react set size:6523821 disposed:false
26 silly fetch manifest react-dom@19.2.3
27 silly packumentCache full:https://registry.npmjs.org/react-dom cache-miss
28 http fetch GET 200 https://registry.npmjs.org/react-dom 316ms (cache miss)
29 silly packumentCache full:https://registry.npmjs.org/react-dom set size:undefined disposed:false
30 silly fetch manifest react-is@^16.8.0 || ^17.0.0 || ^18.0.0 || ^19.0.0
31 silly packumentCache full:https://registry.npmjs.org/react-is cache-miss
32 http fetch GET 200 https://registry.npmjs.org/react-is 228ms (cache miss)
33 silly packumentCache full:https://registry.npmjs.org/react-is set size:undefined disposed:false
34 silly fetch manifest @tanstack/react-table@*
35 silly packumentCache full:https://registry.npmjs.org/@tanstack%2freact-table cache-miss
36 http fetch GET 200 https://registry.npmjs.org/@tanstack%2freact-table 627ms (cache miss)
37 silly packumentCache full:https://registry.npmjs.org/@tanstack%2freact-table set size:undefined disposed:false
38 silly placeDep ROOT @tanstack/react-table@8.21.3 OK for: frontend@0.1.0 want: *
39 silly placeDep ROOT axios@1.13.6 OK for: frontend@0.1.0 want: *
40 silly placeDep ROOT recharts@3.7.0 OK for: frontend@0.1.0 want: *
41 silly fetch manifest @tanstack/table-core@8.21.3
42 silly packumentCache full:https://registry.npmjs.org/@tanstack%2ftable-core cache-miss
43 silly fetch manifest follow-redirects@^1.15.11
44 silly packumentCache full:https://registry.npmjs.org/follow-redirects cache-miss
45 silly fetch manifest form-data@^4.0.5
46 silly packumentCache full:https://registry.npmjs.org/form-data cache-miss
47 http fetch GET 200 https://registry.npmjs.org/form-data 141ms (cache miss)
48 silly packumentCache full:https://registry.npmjs.org/form-data set size:undefined disposed:false
49 silly fetch manifest proxy-from-env@^1.1.0
50 silly packumentCache full:https://registry.npmjs.org/proxy-from-env cache-miss
51 http fetch GET 200 https://registry.npmjs.org/follow-redirects 170ms (cache miss)
52 silly packumentCache full:https://registry.npmjs.org/follow-redirects set size:undefined disposed:false
53 silly fetch manifest @reduxjs/toolkit@1.x.x || 2.x.x
54 silly packumentCache full:https://registry.npmjs.org/@reduxjs%2ftoolkit cache-miss
55 http fetch GET 200 https://registry.npmjs.org/proxy-from-env 93ms (cache miss)
56 silly packumentCache full:https://registry.npmjs.org/proxy-from-env set size:undefined disposed:false
57 silly fetch manifest clsx@^2.1.1
58 silly packumentCache full:https://registry.npmjs.org/clsx cache-miss
59 http fetch GET 200 https://registry.npmjs.org/@reduxjs%2ftoolkit 84ms (cache miss)
60 silly packumentCache full:https://registry.npmjs.org/@reduxjs%2ftoolkit set size:undefined disposed:false
61 silly fetch manifest decimal.js-light@^2.5.1
62 silly packumentCache full:https://registry.npmjs.org/decimal.js-light cache-miss
63 http fetch GET 200 https://registry.npmjs.org/clsx 56ms (cache miss)
64 silly packumentCache full:https://registry.npmjs.org/clsx set size:undefined disposed:false
65 silly fetch manifest es-toolkit@^1.39.3
66 silly packumentCache full:https://registry.npmjs.org/es-toolkit cache-miss
67 http fetch GET 200 https://registry.npmjs.org/decimal.js-light 53ms (cache miss)
68 silly packumentCache full:https://registry.npmjs.org/decimal.js-light set size:undefined disposed:false
69 silly fetch manifest eventemitter3@^5.0.1
70 silly packumentCache full:https://registry.npmjs.org/eventemitter3 cache-miss
71 http fetch GET 200 https://registry.npmjs.org/eventemitter3 49ms (cache miss)
72 silly packumentCache full:https://registry.npmjs.org/eventemitter3 set size:undefined disposed:false
73 silly fetch manifest immer@^10.1.1
74 silly packumentCache full:https://registry.npmjs.org/immer cache-miss
75 http fetch GET 200 https://registry.npmjs.org/immer 78ms (cache miss)
76 silly packumentCache full:https://registry.npmjs.org/immer set size:undefined disposed:false
77 silly fetch manifest react-redux@8.x.x || 9.x.x
78 silly packumentCache full:https://registry.npmjs.org/react-redux cache-miss
79 http fetch GET 200 https://registry.npmjs.org/react-redux 69ms (cache miss)
80 silly packumentCache full:https://registry.npmjs.org/react-redux set size:undefined disposed:false
81 silly fetch manifest reselect@5.1.1
82 silly packumentCache full:https://registry.npmjs.org/reselect cache-miss
83 http fetch GET 200 https://registry.npmjs.org/@tanstack%2ftable-core 596ms (cache miss)
84 silly packumentCache full:https://registry.npmjs.org/@tanstack%2ftable-core set size:undefined disposed:false
85 silly fetch manifest tiny-invariant@^1.3.3
86 silly packumentCache full:https://registry.npmjs.org/tiny-invariant cache-miss
87 http fetch GET 200 https://registry.npmjs.org/reselect 89ms (cache miss)
88 silly packumentCache full:https://registry.npmjs.org/reselect set size:undefined disposed:false
89 silly fetch manifest use-sync-external-store@^1.2.2
90 silly packumentCache full:https://registry.npmjs.org/use-sync-external-store cache-miss
91 http fetch GET 200 https://registry.npmjs.org/es-toolkit 373ms (cache miss)
92 silly packumentCache full:https://registry.npmjs.org/es-toolkit set size:undefined disposed:false
93 silly fetch manifest victory-vendor@^37.0.2
94 silly packumentCache full:https://registry.npmjs.org/victory-vendor cache-miss
95 http fetch GET 200 https://registry.npmjs.org/tiny-invariant 291ms (cache miss)
96 silly packumentCache full:https://registry.npmjs.org/tiny-invariant set size:undefined disposed:false
97 http fetch GET 200 https://registry.npmjs.org/victory-vendor 89ms (cache miss)
98 silly packumentCache full:https://registry.npmjs.org/victory-vendor set size:undefined disposed:false
99 http fetch GET 200 https://registry.npmjs.org/use-sync-external-store 297ms (cache miss)
100 silly packumentCache full:https://registry.npmjs.org/use-sync-external-store set size:undefined disposed:false
101 silly placeDep ROOT @tanstack/table-core@8.21.3 OK for: @tanstack/react-table@8.21.3 want: 8.21.3
102 silly placeDep ROOT follow-redirects@1.15.11 OK for: axios@1.13.6 want: ^1.15.11
103 silly placeDep ROOT form-data@4.0.5 OK for: axios@1.13.6 want: ^4.0.5
104 silly placeDep ROOT proxy-from-env@1.1.0 OK for: axios@1.13.6 want: ^1.1.0
105 silly fetch manifest asynckit@^0.4.0
106 silly packumentCache full:https://registry.npmjs.org/asynckit cache-miss
107 silly fetch manifest combined-stream@^1.0.8
108 silly packumentCache full:https://registry.npmjs.org/combined-stream cache-miss
109 silly fetch manifest mime-types@^2.1.12
110 silly packumentCache full:https://registry.npmjs.org/mime-types cache-miss
111 http fetch GET 200 https://registry.npmjs.org/combined-stream 77ms (cache miss)
112 silly packumentCache full:https://registry.npmjs.org/combined-stream set size:undefined disposed:false
113 http fetch GET 200 https://registry.npmjs.org/asynckit 93ms (cache miss)
114 silly packumentCache full:https://registry.npmjs.org/asynckit set size:undefined disposed:false
115 http fetch GET 200 https://registry.npmjs.org/mime-types 93ms (cache miss)
116 silly packumentCache full:https://registry.npmjs.org/mime-types set size:undefined disposed:false
117 silly placeDep ROOT asynckit@0.4.0 OK for: form-data@4.0.5 want: ^0.4.0
118 silly placeDep ROOT combined-stream@1.0.8 OK for: form-data@4.0.5 want: ^1.0.8
119 silly placeDep ROOT mime-types@2.1.35 OK for: form-data@4.0.5 want: ^2.1.12
120 silly fetch manifest delayed-stream@~1.0.0
121 silly packumentCache full:https://registry.npmjs.org/delayed-stream cache-miss
122 silly fetch manifest mime-db@1.52.0
123 silly packumentCache full:https://registry.npmjs.org/mime-db cache-miss
124 http fetch GET 200 https://registry.npmjs.org/delayed-stream 61ms (cache miss)
125 silly packumentCache full:https://registry.npmjs.org/delayed-stream set size:undefined disposed:false
126 http fetch GET 200 https://registry.npmjs.org/mime-db 65ms (cache miss)
127 silly packumentCache full:https://registry.npmjs.org/mime-db set size:undefined disposed:false
128 silly placeDep ROOT delayed-stream@1.0.0 OK for: combined-stream@1.0.8 want: ~1.0.0
129 silly placeDep ROOT mime-db@1.52.0 OK for: mime-types@2.1.35 want: 1.52.0
130 silly fetch manifest react@^16.8.0 || ^17.0.0 || ^18.0.0 || ^19.0.0
131 silly packumentCache full:https://registry.npmjs.org/react cache-miss
132 http cache https://registry.npmjs.org/react 44ms (cache hit)
133 silly packumentCache full:https://registry.npmjs.org/react set size:6523821 disposed:false
134 silly fetch manifest @types/react@^18.2.25 || ^19
135 silly packumentCache full:https://registry.npmjs.org/@types%2freact cache-miss
136 http fetch GET 200 https://registry.npmjs.org/@types%2freact 125ms (cache miss)
137 silly packumentCache full:https://registry.npmjs.org/@types%2freact set size:undefined disposed:false
138 silly fetch manifest redux@^5.0.0
139 silly packumentCache full:https://registry.npmjs.org/redux cache-miss
140 http fetch GET 200 https://registry.npmjs.org/redux 96ms (cache miss)
141 silly packumentCache full:https://registry.npmjs.org/redux set size:undefined disposed:false
142 silly placeDep ROOT @reduxjs/toolkit@2.11.2 OK for: recharts@3.7.0 want: 1.x.x || 2.x.x
143 silly placeDep ROOT clsx@2.1.1 OK for: recharts@3.7.0 want: ^2.1.1
144 silly placeDep ROOT decimal.js-light@2.5.1 OK for: recharts@3.7.0 want: ^2.5.1
145 silly placeDep ROOT es-toolkit@1.44.0 OK for: recharts@3.7.0 want: ^1.39.3
146 silly placeDep ROOT eventemitter3@5.0.4 OK for: recharts@3.7.0 want: ^5.0.1
147 silly placeDep ROOT immer@10.2.0 OK for: recharts@3.7.0 want: ^10.1.1
148 silly placeDep ROOT react-redux@9.2.0 OK for: recharts@3.7.0 want: 8.x.x || 9.x.x
149 silly placeDep ROOT reselect@5.1.1 OK for: recharts@3.7.0 want: 5.1.1
150 silly placeDep ROOT tiny-invariant@1.3.3 OK for: recharts@3.7.0 want: ^1.3.3
151 silly placeDep ROOT use-sync-external-store@1.6.0 OK for: recharts@3.7.0 want: ^1.2.2
152 silly placeDep ROOT victory-vendor@37.3.6 OK for: recharts@3.7.0 want: ^37.0.2
153 silly fetch manifest @standard-schema/spec@^1.0.0
154 silly packumentCache full:https://registry.npmjs.org/@standard-schema%2fspec cache-miss
155 silly fetch manifest @standard-schema/utils@^0.3.0
156 silly packumentCache full:https://registry.npmjs.org/@standard-schema%2futils cache-miss
157 silly fetch manifest immer@^11.0.0
158 silly packumentCache full:https://registry.npmjs.org/immer cache-miss
159 http cache https://registry.npmjs.org/immer 77ms (cache hit)
160 silly packumentCache full:https://registry.npmjs.org/immer set size:747136 disposed:false
161 silly fetch manifest redux@^5.0.1
162 silly packumentCache full:https://registry.npmjs.org/redux cache-miss
163 http fetch GET 200 https://registry.npmjs.org/@standard-schema%2futils 94ms (cache miss)
164 silly packumentCache full:https://registry.npmjs.org/@standard-schema%2futils set size:undefined disposed:false
165 silly fetch manifest redux-thunk@^3.1.0
166 silly packumentCache full:https://registry.npmjs.org/redux-thunk cache-miss
167 http cache https://registry.npmjs.org/redux 16ms (cache hit)
168 silly packumentCache full:https://registry.npmjs.org/redux set size:553833 disposed:false
169 silly fetch manifest reselect@^5.1.0
170 silly packumentCache full:https://registry.npmjs.org/reselect cache-miss
171 http cache https://registry.npmjs.org/reselect 11ms (cache hit)
172 silly packumentCache full:https://registry.npmjs.org/reselect set size:910470 disposed:false
173 silly fetch manifest @types/use-sync-external-store@^0.0.6
174 silly packumentCache full:https://registry.npmjs.org/@types%2fuse-sync-external-store cache-miss
175 http fetch GET 200 https://registry.npmjs.org/redux-thunk 58ms (cache miss)
176 silly packumentCache full:https://registry.npmjs.org/redux-thunk set size:undefined disposed:false
177 silly fetch manifest use-sync-external-store@^1.4.0
178 silly packumentCache full:https://registry.npmjs.org/use-sync-external-store cache-miss
179 http cache https://registry.npmjs.org/use-sync-external-store 21ms (cache hit)
180 silly packumentCache full:https://registry.npmjs.org/use-sync-external-store set size:4544327 disposed:false
181 silly fetch manifest d3-ease@^3.0.1
182 silly packumentCache full:https://registry.npmjs.org/d3-ease cache-miss
183 http fetch GET 200 https://registry.npmjs.org/@types%2fuse-sync-external-store 99ms (cache miss)
184 silly packumentCache full:https://registry.npmjs.org/@types%2fuse-sync-external-store set size:undefined disposed:false
185 silly fetch manifest d3-time@^3.0.0
186 silly packumentCache full:https://registry.npmjs.org/d3-time cache-miss
187 http fetch GET 200 https://registry.npmjs.org/d3-ease 42ms (cache miss)
188 silly packumentCache full:https://registry.npmjs.org/d3-ease set size:undefined disposed:false
189 silly fetch manifest d3-array@^3.1.6
190 silly packumentCache full:https://registry.npmjs.org/d3-array cache-miss
191 http fetch GET 200 https://registry.npmjs.org/d3-time 56ms (cache miss)
192 silly packumentCache full:https://registry.npmjs.org/d3-time set size:undefined disposed:false
193 silly fetch manifest d3-scale@^4.0.2
194 silly packumentCache full:https://registry.npmjs.org/d3-scale cache-miss
195 http fetch GET 200 https://registry.npmjs.org/d3-array 85ms (cache miss)
196 silly packumentCache full:https://registry.npmjs.org/d3-array set size:undefined disposed:false
197 silly fetch manifest d3-shape@^3.1.0
198 silly packumentCache full:https://registry.npmjs.org/d3-shape cache-miss
199 http fetch GET 200 https://registry.npmjs.org/@standard-schema%2fspec 365ms (cache miss)
200 silly packumentCache full:https://registry.npmjs.org/@standard-schema%2fspec set size:undefined disposed:false
201 silly fetch manifest d3-timer@^3.0.1
202 silly packumentCache full:https://registry.npmjs.org/d3-timer cache-miss
203 http fetch GET 200 https://registry.npmjs.org/d3-scale 79ms (cache miss)
204 silly packumentCache full:https://registry.npmjs.org/d3-scale set size:undefined disposed:false
205 silly fetch manifest @types/d3-ease@^3.0.0
206 silly packumentCache full:https://registry.npmjs.org/@types%2fd3-ease cache-miss
207 http fetch GET 200 https://registry.npmjs.org/d3-shape 63ms (cache miss)
208 silly packumentCache full:https://registry.npmjs.org/d3-shape set size:undefined disposed:false
209 silly fetch manifest @types/d3-time@^3.0.0
210 silly packumentCache full:https://registry.npmjs.org/@types%2fd3-time cache-miss
211 http fetch GET 200 https://registry.npmjs.org/d3-timer 61ms (cache miss)
212 silly packumentCache full:https://registry.npmjs.org/d3-timer set size:undefined disposed:false
213 silly fetch manifest d3-interpolate@^3.0.1
214 silly packumentCache full:https://registry.npmjs.org/d3-interpolate cache-miss
215 http fetch GET 200 https://registry.npmjs.org/@types%2fd3-ease 60ms (cache miss)
216 silly packumentCache full:https://registry.npmjs.org/@types%2fd3-ease set size:undefined disposed:false
217 silly fetch manifest @types/d3-array@^3.0.3
218 silly packumentCache full:https://registry.npmjs.org/@types%2fd3-array cache-miss
219 http fetch GET 200 https://registry.npmjs.org/d3-interpolate 51ms (cache miss)
220 silly packumentCache full:https://registry.npmjs.org/d3-interpolate set size:undefined disposed:false
221 silly fetch manifest @types/d3-scale@^4.0.2
222 silly packumentCache full:https://registry.npmjs.org/@types%2fd3-scale cache-miss
223 http fetch GET 200 https://registry.npmjs.org/@types%2fd3-array 61ms (cache miss)
224 silly packumentCache full:https://registry.npmjs.org/@types%2fd3-array set size:undefined disposed:false
225 silly fetch manifest @types/d3-shape@^3.1.0
226 silly packumentCache full:https://registry.npmjs.org/@types%2fd3-shape cache-miss
227 http fetch GET 200 https://registry.npmjs.org/@types%2fd3-scale 58ms (cache miss)
228 silly packumentCache full:https://registry.npmjs.org/@types%2fd3-scale set size:undefined disposed:false
229 silly fetch manifest @types/d3-timer@^3.0.0
230 silly packumentCache full:https://registry.npmjs.org/@types%2fd3-timer cache-miss
231 http fetch GET 200 https://registry.npmjs.org/@types%2fd3-shape 76ms (cache miss)
232 silly packumentCache full:https://registry.npmjs.org/@types%2fd3-shape set size:undefined disposed:false
233 silly fetch manifest @types/d3-interpolate@^3.0.1
234 silly packumentCache full:https://registry.npmjs.org/@types%2fd3-interpolate cache-miss
235 http fetch GET 200 https://registry.npmjs.org/@types%2fd3-time 173ms (cache miss)
236 silly packumentCache full:https://registry.npmjs.org/@types%2fd3-time set size:undefined disposed:false
237 http fetch GET 200 https://registry.npmjs.org/@types%2fd3-timer 75ms (cache miss)
238 silly packumentCache full:https://registry.npmjs.org/@types%2fd3-timer set size:undefined disposed:false
239 http fetch GET 200 https://registry.npmjs.org/@types%2fd3-interpolate 53ms (cache miss)
240 silly packumentCache full:https://registry.npmjs.org/@types%2fd3-interpolate set size:undefined disposed:false
241 silly placeDep ROOT @standard-schema/spec@1.1.0 OK for: @reduxjs/toolkit@2.11.2 want: ^1.0.0
242 silly placeDep ROOT @standard-schema/utils@0.3.0 OK for: @reduxjs/toolkit@2.11.2 want: ^0.3.0
243 silly placeDep node_modules/@reduxjs/toolkit immer@11.1.4 OK for: @reduxjs/toolkit@2.11.2 want: ^11.0.0
244 silly placeDep ROOT redux@5.0.1 OK for: @reduxjs/toolkit@2.11.2 want: ^5.0.1
245 silly placeDep ROOT redux-thunk@3.1.0 OK for: @reduxjs/toolkit@2.11.2 want: ^3.1.0
246 silly placeDep ROOT @types/use-sync-external-store@0.0.6 OK for: react-redux@9.2.0 want: ^0.0.6
247 silly placeDep ROOT @types/d3-array@3.2.2 OK for: victory-vendor@37.3.6 want: ^3.0.3
248 silly placeDep ROOT @types/d3-ease@3.0.2 OK for: victory-vendor@37.3.6 want: ^3.0.0
249 silly placeDep ROOT @types/d3-interpolate@3.0.4 OK for: victory-vendor@37.3.6 want: ^3.0.1
250 silly placeDep ROOT @types/d3-scale@4.0.9 OK for: victory-vendor@37.3.6 want: ^4.0.2
251 silly placeDep ROOT @types/d3-shape@3.1.8 OK for: victory-vendor@37.3.6 want: ^3.1.0
252 silly placeDep ROOT @types/d3-time@3.0.4 OK for: victory-vendor@37.3.6 want: ^3.0.0
253 silly placeDep ROOT @types/d3-timer@3.0.2 OK for: victory-vendor@37.3.6 want: ^3.0.0
254 silly placeDep ROOT d3-array@3.2.4 OK for: victory-vendor@37.3.6 want: ^3.1.6
255 silly placeDep ROOT d3-ease@3.0.1 OK for: victory-vendor@37.3.6 want: ^3.0.1
256 silly placeDep ROOT d3-interpolate@3.0.1 OK for: victory-vendor@37.3.6 want: ^3.0.1
257 silly placeDep ROOT d3-scale@4.0.2 OK for: victory-vendor@37.3.6 want: ^4.0.2
258 silly placeDep ROOT d3-shape@3.2.0 OK for: victory-vendor@37.3.6 want: ^3.1.0
259 silly placeDep ROOT d3-time@3.1.0 OK for: victory-vendor@37.3.6 want: ^3.0.0
260 silly placeDep ROOT d3-timer@3.0.1 OK for: victory-vendor@37.3.6 want: ^3.0.1
261 silly fetch manifest @types/d3-color@*
262 silly packumentCache full:https://registry.npmjs.org/@types%2fd3-color cache-miss
263 silly fetch manifest @types/d3-time@*
264 silly packumentCache full:https://registry.npmjs.org/@types%2fd3-time cache-miss
265 silly fetch manifest @types/d3-path@*
266 silly packumentCache full:https://registry.npmjs.org/@types%2fd3-path cache-miss
267 http cache https://registry.npmjs.org/@types%2fd3-time 11ms (cache hit)
268 silly packumentCache full:https://registry.npmjs.org/@types%2fd3-time set size:52652 disposed:false
269 silly fetch manifest internmap@1 - 2
270 silly packumentCache full:https://registry.npmjs.org/internmap cache-miss
271 http fetch GET 200 https://registry.npmjs.org/internmap 72ms (cache miss)
272 silly packumentCache full:https://registry.npmjs.org/internmap set size:undefined disposed:false
273 silly fetch manifest d3-color@1 - 3
274 silly packumentCache full:https://registry.npmjs.org/d3-color cache-miss
275 http fetch GET 200 https://registry.npmjs.org/@types%2fd3-path 99ms (cache miss)
276 silly packumentCache full:https://registry.npmjs.org/@types%2fd3-path set size:undefined disposed:false
277 silly fetch manifest d3-format@1 - 3
278 silly packumentCache full:https://registry.npmjs.org/d3-format cache-miss
279 http fetch GET 200 https://registry.npmjs.org/@types%2fd3-color 107ms (cache miss)
280 silly packumentCache full:https://registry.npmjs.org/@types%2fd3-color set size:undefined disposed:false
281 silly fetch manifest d3-time@2.1.1 - 3
282 silly packumentCache full:https://registry.npmjs.org/d3-time cache-miss
283 http cache https://registry.npmjs.org/d3-time 14ms (cache hit)
284 silly packumentCache full:https://registry.npmjs.org/d3-time set size:150406 disposed:false
285 silly fetch manifest d3-time-format@2 - 4
286 silly packumentCache full:https://registry.npmjs.org/d3-time-format cache-miss
287 http fetch GET 200 https://registry.npmjs.org/d3-color 56ms (cache miss)
288 silly packumentCache full:https://registry.npmjs.org/d3-color set size:undefined disposed:false
289 silly fetch manifest d3-path@^3.1.0
290 silly packumentCache full:https://registry.npmjs.org/d3-path cache-miss
291 http fetch GET 200 https://registry.npmjs.org/d3-format 68ms (cache miss)
292 silly packumentCache full:https://registry.npmjs.org/d3-format set size:undefined disposed:false
293 http fetch GET 200 https://registry.npmjs.org/d3-time-format 56ms (cache miss)
294 silly packumentCache full:https://registry.npmjs.org/d3-time-format set size:undefined disposed:false
295 http fetch GET 200 https://registry.npmjs.org/d3-path 54ms (cache miss)
296 silly packumentCache full:https://registry.npmjs.org/d3-path set size:undefined disposed:false
297 silly placeDep ROOT @types/d3-color@3.1.3 OK for: @types/d3-interpolate@3.0.4 want: *
298 silly placeDep ROOT @types/d3-path@3.1.1 OK for: @types/d3-shape@3.1.8 want: *
299 silly placeDep ROOT internmap@2.0.3 OK for: d3-array@3.2.4 want: 1 - 2
300 silly placeDep ROOT d3-color@3.1.0 OK for: d3-interpolate@3.0.1 want: 1 - 3
301 silly placeDep ROOT d3-format@3.1.2 OK for: d3-scale@4.0.2 want: 1 - 3
302 silly placeDep ROOT d3-time-format@4.1.0 OK for: d3-scale@4.0.2 want: 2 - 4
303 silly placeDep ROOT d3-path@3.1.0 OK for: d3-shape@3.2.0 want: ^3.1.0
304 silly reify moves {}
305 verbose reify failed optional dependency D:\c backup\crio\OctaByte\frontend\node_modules\@tailwindcss\oxide-wasm32-wasi
306 silly reify mark deleted [
306 silly reify   'D:\\c backup\\crio\\OctaByte\\frontend\\node_modules\\@tailwindcss\\oxide-wasm32-wasi'
306 silly reify ]
307 silly audit bulk request {
307 silly audit   '@alloc/quick-lru': [ '5.2.0' ],
307 silly audit   '@babel/code-frame': [ '7.29.0' ],
307 silly audit   '@babel/compat-data': [ '7.29.0' ],
307 silly audit   '@babel/core': [ '7.29.0' ],
307 silly audit   '@babel/generator': [ '7.29.1' ],
307 silly audit   '@babel/helper-compilation-targets': [ '7.28.6' ],
307 silly audit   '@babel/helper-globals': [ '7.28.0' ],
307 silly audit   '@babel/helper-module-imports': [ '7.28.6' ],
307 silly audit   '@babel/helper-module-transforms': [ '7.28.6' ],
307 silly audit   '@babel/helper-string-parser': [ '7.27.1' ],
307 silly audit   '@babel/helper-validator-identifier': [ '7.28.5' ],
307 silly audit   '@babel/helper-validator-option': [ '7.27.1' ],
307 silly audit   '@babel/helpers': [ '7.28.6' ],
307 silly audit   '@babel/parser': [ '7.29.0' ],
307 silly audit   '@babel/template': [ '7.28.6' ],
307 silly audit   '@babel/traverse': [ '7.29.0' ],
307 silly audit   '@babel/types': [ '7.29.0' ],
307 silly audit   '@emnapi/core': [ '1.8.1' ],
307 silly audit   '@emnapi/runtime': [ '1.8.1' ],
307 silly audit   '@emnapi/wasi-threads': [ '1.1.0' ],
307 silly audit   '@eslint-community/eslint-utils': [ '4.9.1' ],
307 silly audit   'eslint-visitor-keys': [ '3.4.3', '5.0.1', '4.2.1' ],
307 silly audit   '@eslint-community/regexpp': [ '4.12.2' ],
307 silly audit   '@eslint/config-array': [ '0.21.1' ],
307 silly audit   '@eslint/config-helpers': [ '0.4.2' ],
307 silly audit   '@eslint/core': [ '0.17.0' ],
307 silly audit   '@eslint/eslintrc': [ '3.3.4' ],
307 silly audit   '@eslint/js': [ '9.39.3' ],
307 silly audit   '@eslint/object-schema': [ '2.1.7' ],
307 silly audit   '@eslint/plugin-kit': [ '0.4.1' ],
307 silly audit   '@humanfs/core': [ '0.19.1' ],
307 silly audit   '@humanfs/node': [ '0.16.7' ],
307 silly audit   '@humanwhocodes/module-importer': [ '1.0.1' ],
307 silly audit   '@humanwhocodes/retry': [ '0.4.3' ],
307 silly audit   '@img/colour': [ '1.0.0' ],
307 silly audit   '@img/sharp-darwin-arm64': [ '0.34.5' ],
307 silly audit   '@img/sharp-darwin-x64': [ '0.34.5' ],
307 silly audit   '@img/sharp-libvips-darwin-arm64': [ '1.2.4' ],
307 silly audit   '@img/sharp-libvips-darwin-x64': [ '1.2.4' ],
307 silly audit   '@img/sharp-libvips-linux-arm': [ '1.2.4' ],
307 silly audit   '@img/sharp-libvips-linux-arm64': [ '1.2.4' ],
307 silly audit   '@img/sharp-libvips-linux-ppc64': [ '1.2.4' ],
307 silly audit   '@img/sharp-libvips-linux-riscv64': [ '1.2.4' ],
307 silly audit   '@img/sharp-libvips-linux-s390x': [ '1.2.4' ],
307 silly audit   '@img/sharp-libvips-linux-x64': [ '1.2.4' ],
307 silly audit   '@img/sharp-libvips-linuxmusl-arm64': [ '1.2.4' ],
307 silly audit   '@img/sharp-libvips-linuxmusl-x64': [ '1.2.4' ],
307 silly audit   '@img/sharp-linux-arm': [ '0.34.5' ],
307 silly audit   '@img/sharp-linux-arm64': [ '0.34.5' ],
307 silly audit   '@img/sharp-linux-ppc64': [ '0.34.5' ],
307 silly audit   '@img/sharp-linux-riscv64': [ '0.34.5' ],
307 silly audit   '@img/sharp-linux-s390x': [ '0.34.5' ],
307 silly audit   '@img/sharp-linux-x64': [ '0.34.5' ],
307 silly audit   '@img/sharp-linuxmusl-arm64': [ '0.34.5' ],
307 silly audit   '@img/sharp-linuxmusl-x64': [ '0.34.5' ],
307 silly audit   '@img/sharp-wasm32': [ '0.34.5' ],
307 silly audit   '@img/sharp-win32-arm64': [ '0.34.5' ],
307 silly audit   '@img/sharp-win32-ia32': [ '0.34.5' ],
307 silly audit   '@img/sharp-win32-x64': [ '0.34.5' ],
307 silly audit   '@jridgewell/gen-mapping': [ '0.3.13' ],
307 silly audit   '@jridgewell/remapping': [ '2.3.5' ],
307 silly audit   '@jridgewell/resolve-uri': [ '3.1.2' ],
307 silly audit   '@jridgewell/sourcemap-codec': [ '1.5.5' ],
307 silly audit   '@jridgewell/trace-mapping': [ '0.3.31' ],
307 silly audit   '@napi-rs/wasm-runtime': [ '0.2.12' ],
307 silly audit   '@next/env': [ '16.1.6' ],
307 silly audit   '@next/eslint-plugin-next': [ '16.1.6' ],
307 silly audit   '@next/swc-darwin-arm64': [ '16.1.6' ],
307 silly audit   '@next/swc-darwin-x64': [ '16.1.6' ],
307 silly audit   '@next/swc-linux-arm64-gnu': [ '16.1.6' ],
307 silly audit   '@next/swc-linux-arm64-musl': [ '16.1.6' ],
307 silly audit   '@next/swc-linux-x64-gnu': [ '16.1.6' ],
307 silly audit   '@next/swc-linux-x64-musl': [ '16.1.6' ],
307 silly audit   '@next/swc-win32-arm64-msvc': [ '16.1.6' ],
307 silly audit   '@next/swc-win32-x64-msvc': [ '16.1.6' ],
307 silly audit   '@nodelib/fs.scandir': [ '2.1.5' ],
307 silly audit   '@nodelib/fs.stat': [ '2.0.5' ],
307 silly audit   '@nodelib/fs.walk': [ '1.2.8' ],
307 silly audit   '@nolyfill/is-core-module': [ '1.0.39' ],
307 silly audit   '@rtsao/scc': [ '1.1.0' ],
307 silly audit   '@swc/helpers': [ '0.5.15' ],
307 silly audit   '@tailwindcss/node': [ '4.2.1' ],
307 silly audit   '@tailwindcss/oxide': [ '4.2.1' ],
307 silly audit   '@tailwindcss/oxide-android-arm64': [ '4.2.1' ],
307 silly audit   '@tailwindcss/oxide-darwin-arm64': [ '4.2.1' ],
307 silly audit   '@tailwindcss/oxide-darwin-x64': [ '4.2.1' ],
307 silly audit   '@tailwindcss/oxide-freebsd-x64': [ '4.2.1' ],
307 silly audit   '@tailwindcss/oxide-linux-arm-gnueabihf': [ '4.2.1' ],
307 silly audit   '@tailwindcss/oxide-linux-arm64-gnu': [ '4.2.1' ],
307 silly audit   '@tailwindcss/oxide-linux-arm64-musl': [ '4.2.1' ],
307 silly audit   '@tailwindcss/oxide-linux-x64-gnu': [ '4.2.1' ],
307 silly audit   '@tailwindcss/oxide-linux-x64-musl': [ '4.2.1' ],
307 silly audit   '@tailwindcss/oxide-win32-arm64-msvc': [ '4.2.1' ],
307 silly audit   '@tailwindcss/oxide-win32-x64-msvc': [ '4.2.1' ],
307 silly audit   '@tailwindcss/postcss': [ '4.2.1' ],
307 silly audit   '@tybys/wasm-util': [ '0.10.1' ],
307 silly audit   '@types/estree': [ '1.0.8' ],
307 silly audit   '@types/json-schema': [ '7.0.15' ],
307 silly audit   '@types/json5': [ '0.0.29' ],
307 silly audit   '@types/node': [ '20.19.35' ],
307 silly audit   '@types/react': [ '19.2.14' ],
307 silly audit   '@types/react-dom': [ '19.2.3' ],
307 silly audit   '@typescript-eslint/eslint-plugin': [ '8.56.1' ],
307 silly audit   ignore: [ '7.0.5', '5.3.2' ],
307 silly audit   '@typescript-eslint/parser': [ '8.56.1' ],
307 silly audit   '@typescript-eslint/project-service': [ '8.56.1' ],
307 silly audit   '@typescript-eslint/scope-manager': [ '8.56.1' ],
307 silly audit   '@typescript-eslint/tsconfig-utils': [ '8.56.1' ],
307 silly audit   '@typescript-eslint/type-utils': [ '8.56.1' ],
307 silly audit   '@typescript-eslint/types': [ '8.56.1' ],
307 silly audit   '@typescript-eslint/typescript-estree': [ '8.56.1' ],
307 silly audit   'balanced-match': [ '4.0.4', '1.0.2' ],
307 silly audit   'brace-expansion': [ '5.0.4', '1.1.12' ],
307 silly audit   minimatch: [ '10.2.4', '3.1.5' ],
307 silly audit   semver: [ '7.7.4', '6.3.1' ],
307 silly audit   '@typescript-eslint/utils': [ '8.56.1' ],
307 silly audit   '@typescript-eslint/visitor-keys': [ '8.56.1' ],
307 silly audit   '@unrs/resolver-binding-android-arm-eabi': [ '1.11.1' ],
307 silly audit   '@unrs/resolver-binding-android-arm64': [ '1.11.1' ],
307 silly audit   '@unrs/resolver-binding-darwin-arm64': [ '1.11.1' ],
307 silly audit   '@unrs/resolver-binding-darwin-x64': [ '1.11.1' ],
307 silly audit   '@unrs/resolver-binding-freebsd-x64': [ '1.11.1' ],
307 silly audit   '@unrs/resolver-binding-linux-arm-gnueabihf': [ '1.11.1' ],
307 silly audit   '@unrs/resolver-binding-linux-arm-musleabihf': [ '1.11.1' ],
307 silly audit   '@unrs/resolver-binding-linux-arm64-gnu': [ '1.11.1' ],
307 silly audit   '@unrs/resolver-binding-linux-arm64-musl': [ '1.11.1' ],
307 silly audit   '@unrs/resolver-binding-linux-ppc64-gnu': [ '1.11.1' ],
307 silly audit   '@unrs/resolver-binding-linux-riscv64-gnu': [ '1.11.1' ],
307 silly audit   '@unrs/resolver-binding-linux-riscv64-musl': [ '1.11.1' ],
307 silly audit   '@unrs/resolver-binding-linux-s390x-gnu': [ '1.11.1' ],
307 silly audit   '@unrs/resolver-binding-linux-x64-gnu': [ '1.11.1' ],
307 silly audit   '@unrs/resolver-binding-linux-x64-musl': [ '1.11.1' ],
307 silly audit   '@unrs/resolver-binding-wasm32-wasi': [ '1.11.1' ],
307 silly audit   '@unrs/resolver-binding-win32-arm64-msvc': [ '1.11.1' ],
307 silly audit   '@unrs/resolver-binding-win32-ia32-msvc': [ '1.11.1' ],
307 silly audit   '@unrs/resolver-binding-win32-x64-msvc': [ '1.11.1' ],
307 silly audit   acorn: [ '8.16.0' ],
307 silly audit   'acorn-jsx': [ '5.3.2' ],
307 silly audit   ajv: [ '6.14.0' ],
307 silly audit   'ansi-styles': [ '4.3.0' ],
307 silly audit   argparse: [ '2.0.1' ],
307 silly audit   'aria-query': [ '5.3.2' ],
307 silly audit   'array-buffer-byte-length': [ '1.0.2' ],
307 silly audit   'array-includes': [ '3.1.9' ],
307 silly audit   'array.prototype.findlast': [ '1.2.5' ],
307 silly audit   'array.prototype.findlastindex': [ '1.2.6' ],
307 silly audit   'array.prototype.flat': [ '1.3.3' ],
307 silly audit   'array.prototype.flatmap': [ '1.3.3' ],
307 silly audit   'array.prototype.tosorted': [ '1.1.4' ],
307 silly audit   'arraybuffer.prototype.slice': [ '1.0.4' ],
307 silly audit   'ast-types-flow': [ '0.0.8' ],
307 silly audit   'async-function': [ '1.0.0' ],
307 silly audit   'available-typed-arrays': [ '1.0.7' ],
307 silly audit   'axe-core': [ '4.11.1' ],
307 silly audit   'axobject-query': [ '4.1.0' ],
307 silly audit   'babel-plugin-react-compiler': [ '1.0.0' ],
307 silly audit   'baseline-browser-mapping': [ '2.10.0' ],
307 silly audit   braces: [ '3.0.3' ],
307 silly audit   browserslist: [ '4.28.1' ],
307 silly audit   'call-bind': [ '1.0.8' ],
307 silly audit   'call-bind-apply-helpers': [ '1.0.2' ],
307 silly audit   'call-bound': [ '1.0.4' ],
307 silly audit   callsites: [ '3.1.0' ],
307 silly audit   'caniuse-lite': [ '1.0.30001774' ],
307 silly audit   chalk: [ '4.1.2' ],
307 silly audit   'client-only': [ '0.0.1' ],
307 silly audit   'color-convert': [ '2.0.1' ],
307 silly audit   'color-name': [ '1.1.4' ],
307 silly audit   'concat-map': [ '0.0.1' ],
307 silly audit   'convert-source-map': [ '2.0.0' ],
307 silly audit   'cross-spawn': [ '7.0.6' ],
307 silly audit   csstype: [ '3.2.3' ],
307 silly audit   'damerau-levenshtein': [ '1.0.8' ],
307 silly audit   'data-view-buffer': [ '1.0.2' ],
307 silly audit   'data-view-byte-length': [ '1.0.2' ],
307 silly audit   'data-view-byte-offset': [ '1.0.1' ],
307 silly audit   debug: [ '4.4.3', '3.2.7' ],
307 silly audit   'deep-is': [ '0.1.4' ],
307 silly audit   'define-data-property': [ '1.1.4' ],
307 silly audit   'define-properties': [ '1.2.1' ],
307 silly audit   'detect-libc': [ '2.1.2' ],
307 silly audit   doctrine: [ '2.1.0' ],
307 silly audit   'dunder-proto': [ '1.0.1' ],
307 silly audit   'electron-to-chromium': [ '1.5.302' ],
307 silly audit   'emoji-regex': [ '9.2.2' ],
307 silly audit   'enhanced-resolve': [ '5.19.0' ],
307 silly audit   'es-abstract': [ '1.24.1' ],
307 silly audit   'es-define-property': [ '1.0.1' ],
307 silly audit   'es-errors': [ '1.3.0' ],
307 silly audit   'es-iterator-helpers': [ '1.2.2' ],
307 silly audit   'es-object-atoms': [ '1.1.1' ],
307 silly audit   'es-set-tostringtag': [ '2.1.0' ],
307 silly audit   'es-shim-unscopables': [ '1.1.0' ],
307 silly audit   'es-to-primitive': [ '1.3.0' ],
307 silly audit   escalade: [ '3.2.0' ],
307 silly audit   'escape-string-regexp': [ '4.0.0' ],
307 silly audit   eslint: [ '9.39.3' ],
307 silly audit   'eslint-config-next': [ '16.1.6' ],
307 silly audit   globals: [ '16.4.0', '14.0.0' ],
307 silly audit   'eslint-import-resolver-node': [ '0.3.9' ],
307 silly audit   'eslint-import-resolver-typescript': [ '3.10.1' ],
307 silly audit   'eslint-module-utils': [ '2.12.1' ],
307 silly audit   'eslint-plugin-import': [ '2.32.0' ],
307 silly audit   'eslint-plugin-jsx-a11y': [ '6.10.2' ],
307 silly audit   'eslint-plugin-react': [ '7.37.5' ],
307 silly audit   'eslint-plugin-react-hooks': [ '7.0.1' ],
307 silly audit   resolve: [ '2.0.0-next.6', '1.22.11' ],
307 silly audit   'eslint-scope': [ '8.4.0' ],
307 silly audit   espree: [ '10.4.0' ],
307 silly audit   esquery: [ '1.7.0' ],
307 silly audit   esrecurse: [ '4.3.0' ],
307 silly audit   estraverse: [ '5.3.0' ],
307 silly audit   esutils: [ '2.0.3' ],
307 silly audit   'fast-deep-equal': [ '3.1.3' ],
307 silly audit   'fast-glob': [ '3.3.1' ],
307 silly audit   'glob-parent': [ '5.1.2', '6.0.2' ],
307 silly audit   'fast-json-stable-stringify': [ '2.1.0' ],
307 silly audit   'fast-levenshtein': [ '2.0.6' ],
307 silly audit   fastq: [ '1.20.1' ],
307 silly audit   'file-entry-cache': [ '8.0.0' ],
307 silly audit   'fill-range': [ '7.1.1' ],
307 silly audit   'find-up': [ '5.0.0' ],
307 silly audit   'flat-cache': [ '4.0.1' ],
307 silly audit   flatted: [ '3.3.3' ],
307 silly audit   'for-each': [ '0.3.5' ],
307 silly audit   'function-bind': [ '1.1.2' ],
307 silly audit   'function.prototype.name': [ '1.1.8' ],
307 silly audit   'functions-have-names': [ '1.2.3' ],
307 silly audit   'generator-function': [ '2.0.1' ],
307 silly audit   gensync: [ '1.0.0-beta.2' ],
307 silly audit   'get-intrinsic': [ '1.3.0' ],
307 silly audit   'get-proto': [ '1.0.1' ],
307 silly audit   'get-symbol-description': [ '1.1.0' ],
307 silly audit   'get-tsconfig': [ '4.13.6' ],
307 silly audit   globalthis: [ '1.0.4' ],
307 silly audit   gopd: [ '1.2.0' ],
307 silly audit   'graceful-fs': [ '4.2.11' ],
307 silly audit   'has-bigints': [ '1.1.0' ],
307 silly audit   'has-flag': [ '4.0.0' ],
307 silly audit   'has-property-descriptors': [ '1.0.2' ],
307 silly audit   'has-proto': [ '1.2.0' ],
307 silly audit   'has-symbols': [ '1.1.0' ],
307 silly audit   'has-tostringtag': [ '1.0.2' ],
307 silly audit   hasown: [ '2.0.2' ],
307 silly audit   'hermes-estree': [ '0.25.1' ],
307 silly audit   'hermes-parser': [ '0.25.1' ],
307 silly audit   'import-fresh': [ '3.3.1' ],
307 silly audit   imurmurhash: [ '0.1.4' ],
307 silly audit   'internal-slot': [ '1.1.0' ],
307 silly audit   'is-array-buffer': [ '3.0.5' ],
307 silly audit   'is-async-function': [ '2.1.1' ],
307 silly audit   'is-bigint': [ '1.1.0' ],
307 silly audit   'is-boolean-object': [ '1.2.2' ],
307 silly audit   'is-bun-module': [ '2.0.0' ],
307 silly audit   'is-callable': [ '1.2.7' ],
307 silly audit   'is-core-module': [ '2.16.1' ],
307 silly audit   'is-data-view': [ '1.0.2' ],
307 silly audit   'is-date-object': [ '1.1.0' ],
307 silly audit   'is-extglob': [ '2.1.1' ],
307 silly audit   'is-finalizationregistry': [ '1.1.1' ],
307 silly audit   'is-generator-function': [ '1.1.2' ],
307 silly audit   'is-glob': [ '4.0.3' ],
307 silly audit   'is-map': [ '2.0.3' ],
307 silly audit   'is-negative-zero': [ '2.0.3' ],
307 silly audit   'is-number': [ '7.0.0' ],
307 silly audit   'is-number-object': [ '1.1.1' ],
307 silly audit   'is-regex': [ '1.2.1' ],
307 silly audit   'is-set': [ '2.0.3' ],
307 silly audit   'is-shared-array-buffer': [ '1.0.4' ],
307 silly audit   'is-string': [ '1.1.1' ],
307 silly audit   'is-symbol': [ '1.1.1' ],
307 silly audit   'is-typed-array': [ '1.1.15' ],
307 silly audit   'is-weakmap': [ '2.0.2' ],
307 silly audit   'is-weakref': [ '1.1.1' ],
307 silly audit   'is-weakset': [ '2.0.4' ],
307 silly audit   isarray: [ '2.0.5' ],
307 silly audit   isexe: [ '2.0.0' ],
307 silly audit   'iterator.prototype': [ '1.1.5' ],
307 silly audit   jiti: [ '2.6.1' ],
307 silly audit   'js-tokens': [ '4.0.0' ],
307 silly audit   'js-yaml': [ '4.1.1' ],
307 silly audit   jsesc: [ '3.1.0' ],
307 silly audit   'json-buffer': [ '3.0.1' ],
307 silly audit   'json-schema-traverse': [ '0.4.1' ],
307 silly audit   'json-stable-stringify-without-jsonify': [ '1.0.1' ],
307 silly audit   json5: [ '2.2.3', '1.0.2' ],
307 silly audit   'jsx-ast-utils': [ '3.3.5' ],
307 silly audit   keyv: [ '4.5.4' ],
307 silly audit   'language-subtag-registry': [ '0.3.23' ],
307 silly audit   'language-tags': [ '1.0.9' ],
307 silly audit   levn: [ '0.4.1' ],
307 silly audit   lightningcss: [ '1.31.1' ],
307 silly audit   'lightningcss-android-arm64': [ '1.31.1' ],
307 silly audit   'lightningcss-darwin-arm64': [ '1.31.1' ],
307 silly audit   'lightningcss-darwin-x64': [ '1.31.1' ],
307 silly audit   'lightningcss-freebsd-x64': [ '1.31.1' ],
307 silly audit   'lightningcss-linux-arm-gnueabihf': [ '1.31.1' ],
307 silly audit   'lightningcss-linux-arm64-gnu': [ '1.31.1' ],
307 silly audit   'lightningcss-linux-arm64-musl': [ '1.31.1' ],
307 silly audit   'lightningcss-linux-x64-gnu': [ '1.31.1' ],
307 silly audit   'lightningcss-linux-x64-musl': [ '1.31.1' ],
307 silly audit   'lightningcss-win32-arm64-msvc': [ '1.31.1' ],
307 silly audit   'lightningcss-win32-x64-msvc': [ '1.31.1' ],
307 silly audit   'locate-path': [ '6.0.0' ],
307 silly audit   'lodash.merge': [ '4.6.2' ],
307 silly audit   'loose-envify': [ '1.4.0' ],
307 silly audit   'lru-cache': [ '5.1.1' ],
307 silly audit   'magic-string': [ '0.30.21' ],
307 silly audit   'math-intrinsics': [ '1.1.0' ],
307 silly audit   merge2: [ '1.4.1' ],
307 silly audit   micromatch: [ '4.0.8' ],
307 silly audit   minimist: [ '1.2.8' ],
307 silly audit   ms: [ '2.1.3' ],
307 silly audit   nanoid: [ '3.3.11' ],
307 silly audit   'napi-postinstall': [ '0.3.4' ],
307 silly audit   'natural-compare': [ '1.4.0' ],
307 silly audit   next: [ '16.1.6' ],
307 silly audit   postcss: [ '8.4.31', '8.5.6' ],
307 silly audit   'node-exports-info': [ '1.6.0' ],
307 silly audit   'node-releases': [ '2.0.27' ],
307 silly audit   'object-assign': [ '4.1.1' ],
307 silly audit   'object-inspect': [ '1.13.4' ],
307 silly audit   'object-keys': [ '1.1.1' ],
307 silly audit   'object.assign': [ '4.1.7' ],
307 silly audit   'object.entries': [ '1.1.9' ],
307 silly audit   'object.fromentries': [ '2.0.8' ],
307 silly audit   'object.groupby': [ '1.0.3' ],
307 silly audit   'object.values': [ '1.2.1' ],
307 silly audit   optionator: [ '0.9.4' ],
307 silly audit   'own-keys': [ '1.0.1' ],
307 silly audit   'p-limit': [ '3.1.0' ],
307 silly audit   'p-locate': [ '5.0.0' ],
307 silly audit   'parent-module': [ '1.0.1' ],
307 silly audit   'path-exists': [ '4.0.0' ],
307 silly audit   'path-key': [ '3.1.1' ],
307 silly audit   'path-parse': [ '1.0.7' ],
307 silly audit   picocolors: [ '1.1.1' ],
307 silly audit   picomatch: [ '2.3.1', '4.0.3' ],
307 silly audit   'possible-typed-array-names': [ '1.1.0' ],
307 silly audit   'prelude-ls': [ '1.2.1' ],
307 silly audit   'prop-types': [ '15.8.1' ],
307 silly audit   punycode: [ '2.3.1' ],
307 silly audit   'queue-microtask': [ '1.2.3' ],
307 silly audit   react: [ '19.2.3' ],
307 silly audit   'react-dom': [ '19.2.3' ],
307 silly audit   'react-is': [ '16.13.1' ],
307 silly audit   'reflect.getprototypeof': [ '1.0.10' ],
307 silly audit   'regexp.prototype.flags': [ '1.5.4' ],
307 silly audit   'resolve-from': [ '4.0.0' ],
307 silly audit   'resolve-pkg-maps': [ '1.0.0' ],
307 silly audit   reusify: [ '1.1.0' ],
307 silly audit   'run-parallel': [ '1.2.0' ],
307 silly audit   'safe-array-concat': [ '1.1.3' ],
307 silly audit   'safe-push-apply': [ '1.0.0' ],
307 silly audit   'safe-regex-test': [ '1.1.0' ],
307 silly audit   scheduler: [ '0.27.0' ],
307 silly audit   'set-function-length': [ '1.2.2' ],
307 silly audit   'set-function-name': [ '2.0.2' ],
307 silly audit   'set-proto': [ '1.0.0' ],
307 silly audit   sharp: [ '0.34.5' ],
307 silly audit   'shebang-command': [ '2.0.0' ],
307 silly audit   'shebang-regex': [ '3.0.0' ],
307 silly audit   'side-channel': [ '1.1.0' ],
307 silly audit   'side-channel-list': [ '1.0.0' ],
307 silly audit   'side-channel-map': [ '1.0.1' ],
307 silly audit   'side-channel-weakmap': [ '1.0.2' ],
307 silly audit   'source-map-js': [ '1.2.1' ],
307 silly audit   'stable-hash': [ '0.0.5' ],
307 silly audit   'stop-iteration-iterator': [ '1.1.0' ],
307 silly audit   'string.prototype.includes': [ '2.0.1' ],
307 silly audit   'string.prototype.matchall': [ '4.0.12' ],
307 silly audit   'string.prototype.repeat': [ '1.0.0' ],
307 silly audit   'string.prototype.trim': [ '1.2.10' ],
307 silly audit   'string.prototype.trimend': [ '1.0.9' ],
307 silly audit   'string.prototype.trimstart': [ '1.0.8' ],
307 silly audit   'strip-bom': [ '3.0.0' ],
307 silly audit   'strip-json-comments': [ '3.1.1' ],
307 silly audit   'styled-jsx': [ '5.1.6' ],
307 silly audit   'supports-color': [ '7.2.0' ],
307 silly audit   'supports-preserve-symlinks-flag': [ '1.0.0' ],
307 silly audit   tailwindcss: [ '4.2.1' ],
307 silly audit   tapable: [ '2.3.0' ],
307 silly audit   tinyglobby: [ '0.2.15' ],
307 silly audit   fdir: [ '6.5.0' ],
307 silly audit   'to-regex-range': [ '5.0.1' ],
307 silly audit   'ts-api-utils': [ '2.4.0' ],
307 silly audit   'tsconfig-paths': [ '3.15.0' ],
307 silly audit   tslib: [ '2.8.1' ],
307 silly audit   'type-check': [ '0.4.0' ],
307 silly audit   'typed-array-buffer': [ '1.0.3' ],
307 silly audit   'typed-array-byte-length': [ '1.0.3' ],
307 silly audit   'typed-array-byte-offset': [ '1.0.4' ],
307 silly audit   'typed-array-length': [ '1.0.7' ],
307 silly audit   typescript: [ '5.9.3' ],
307 silly audit   'typescript-eslint': [ '8.56.1' ],
307 silly audit   'unbox-primitive': [ '1.1.0' ],
307 silly audit   'undici-types': [ '6.21.0' ],
307 silly audit   'unrs-resolver': [ '1.11.1' ],
307 silly audit   'update-browserslist-db': [ '1.2.3' ],
307 silly audit   'uri-js': [ '4.4.1' ],
307 silly audit   which: [ '2.0.2' ],
307 silly audit   'which-boxed-primitive': [ '1.1.1' ],
307 silly audit   'which-builtin-type': [ '1.2.1' ],
307 silly audit   'which-collection': [ '1.0.2' ],
307 silly audit   'which-typed-array': [ '1.1.20' ],
307 silly audit   'word-wrap': [ '1.2.5' ],
307 silly audit   yallist: [ '3.1.1' ],
307 silly audit   'yocto-queue': [ '0.1.0' ],
307 silly audit   zod: [ '4.3.6' ],
307 silly audit   'zod-validation-error': [ '4.0.2' ],
307 silly audit   '@tanstack/react-table': [ '8.21.3' ],
307 silly audit   axios: [ '1.13.6' ],
307 silly audit   recharts: [ '3.7.0' ],
307 silly audit   '@tanstack/table-core': [ '8.21.3' ],
307 silly audit   'follow-redirects': [ '1.15.11' ],
307 silly audit   'form-data': [ '4.0.5' ],
307 silly audit   'proxy-from-env': [ '1.1.0' ],
307 silly audit   asynckit: [ '0.4.0' ],
307 silly audit   'combined-stream': [ '1.0.8' ],
307 silly audit   'mime-types': [ '2.1.35' ],
307 silly audit   'delayed-stream': [ '1.0.0' ],
307 silly audit   'mime-db': [ '1.52.0' ],
307 silly audit   '@reduxjs/toolkit': [ '2.11.2' ],
307 silly audit   clsx: [ '2.1.1' ],
307 silly audit   'decimal.js-light': [ '2.5.1' ],
307 silly audit   'es-toolkit': [ '1.44.0' ],
307 silly audit   eventemitter3: [ '5.0.4' ],
307 silly audit   immer: [ '10.2.0', '11.1.4' ],
307 silly audit   'react-redux': [ '9.2.0' ],
307 silly audit   reselect: [ '5.1.1' ],
307 silly audit   'tiny-invariant': [ '1.3.3' ],
307 silly audit   'use-sync-external-store': [ '1.6.0' ],
307 silly audit   'victory-vendor': [ '37.3.6' ],
307 silly audit   '@standard-schema/spec': [ '1.1.0' ],
307 silly audit   '@standard-schema/utils': [ '0.3.0' ],
307 silly audit   redux: [ '5.0.1' ],
307 silly audit   'redux-thunk': [ '3.1.0' ],
307 silly audit   '@types/use-sync-external-store': [ '0.0.6' ],
307 silly audit   '@types/d3-array': [ '3.2.2' ],
307 silly audit   '@types/d3-ease': [ '3.0.2' ],
307 silly audit   '@types/d3-interpolate': [ '3.0.4' ],
307 silly audit   '@types/d3-scale': [ '4.0.9' ],
307 silly audit   '@types/d3-shape': [ '3.1.8' ],
307 silly audit   '@types/d3-time': [ '3.0.4' ],
307 silly audit   '@types/d3-timer': [ '3.0.2' ],
307 silly audit   'd3-array': [ '3.2.4' ],
307 silly audit   'd3-ease': [ '3.0.1' ],
307 silly audit   'd3-interpolate': [ '3.0.1' ],
307 silly audit   'd3-scale': [ '4.0.2' ],
307 silly audit   'd3-shape': [ '3.2.0' ],
307 silly audit   'd3-time': [ '3.1.0' ],
307 silly audit   'd3-timer': [ '3.0.1' ],
307 silly audit   '@types/d3-color': [ '3.1.3' ],
307 silly audit   '@types/d3-path': [ '3.1.1' ],
307 silly audit   internmap: [ '2.0.3' ],
307 silly audit   'd3-color': [ '3.1.0' ],
307 silly audit   'd3-format': [ '3.1.2' ],
307 silly audit   'd3-time-format': [ '4.1.0' ],
307 silly audit   'd3-path': [ '3.1.0' ],
307 silly audit   '@tailwindcss/oxide-wasm32-wasi': [ '4.2.1' ]
307 silly audit }
308 verbose reify failed optional dependency D:\c backup\crio\OctaByte\frontend\node_modules\lightningcss-win32-arm64-msvc
309 silly reify mark deleted [
309 silly reify   'D:\\c backup\\crio\\OctaByte\\frontend\\node_modules\\lightningcss-win32-arm64-msvc'
309 silly reify ]
310 verbose reify failed optional dependency D:\c backup\crio\OctaByte\frontend\node_modules\lightningcss-linux-x64-musl
311 silly reify mark deleted [
311 silly reify   'D:\\c backup\\crio\\OctaByte\\frontend\\node_modules\\lightningcss-linux-x64-musl'
311 silly reify ]
312 verbose reify failed optional dependency D:\c backup\crio\OctaByte\frontend\node_modules\lightningcss-linux-x64-gnu
313 silly reify mark deleted [
313 silly reify   'D:\\c backup\\crio\\OctaByte\\frontend\\node_modules\\lightningcss-linux-x64-gnu'
313 silly reify ]
314 verbose reify failed optional dependency D:\c backup\crio\OctaByte\frontend\node_modules\lightningcss-linux-arm64-musl
315 silly reify mark deleted [
315 silly reify   'D:\\c backup\\crio\\OctaByte\\frontend\\node_modules\\lightningcss-linux-arm64-musl'
315 silly reify ]
316 verbose reify failed optional dependency D:\c backup\crio\OctaByte\frontend\node_modules\lightningcss-linux-arm64-gnu
317 silly reify mark deleted [
317 silly reify   'D:\\c backup\\crio\\OctaByte\\frontend\\node_modules\\lightningcss-linux-arm64-gnu'
317 silly reify ]
318 verbose reify failed optional dependency D:\c backup\crio\OctaByte\frontend\node_modules\lightningcss-linux-arm-gnueabihf
319 silly reify mark deleted [
319 silly reify   'D:\\c backup\\crio\\OctaByte\\frontend\\node_modules\\lightningcss-linux-arm-gnueabihf'
319 silly reify ]
320 verbose reify failed optional dependency D:\c backup\crio\OctaByte\frontend\node_modules\lightningcss-freebsd-x64
321 silly reify mark deleted [
321 silly reify   'D:\\c backup\\crio\\OctaByte\\frontend\\node_modules\\lightningcss-freebsd-x64'
321 silly reify ]
322 verbose reify failed optional dependency D:\c backup\crio\OctaByte\frontend\node_modules\lightningcss-darwin-x64
323 silly reify mark deleted [
323 silly reify   'D:\\c backup\\crio\\OctaByte\\frontend\\node_modules\\lightningcss-darwin-x64'
323 silly reify ]
324 verbose reify failed optional dependency D:\c backup\crio\OctaByte\frontend\node_modules\lightningcss-darwin-arm64
325 silly reify mark deleted [
325 silly reify   'D:\\c backup\\crio\\OctaByte\\frontend\\node_modules\\lightningcss-darwin-arm64'
325 silly reify ]
326 verbose reify failed optional dependency D:\c backup\crio\OctaByte\frontend\node_modules\lightningcss-android-arm64
327 silly reify mark deleted [
327 silly reify   'D:\\c backup\\crio\\OctaByte\\frontend\\node_modules\\lightningcss-android-arm64'
327 silly reify ]
328 verbose reify failed optional dependency D:\c backup\crio\OctaByte\frontend\node_modules\@unrs\resolver-binding-win32-ia32-msvc
329 silly reify mark deleted [
329 silly reify   'D:\\c backup\\crio\\OctaByte\\frontend\\node_modules\\@unrs\\resolver-binding-win32-ia32-msvc'
329 silly reify ]
330 verbose reify failed optional dependency D:\c backup\crio\OctaByte\frontend\node_modules\@unrs\resolver-binding-win32-arm64-msvc
331 silly reify mark deleted [
331 silly reify   'D:\\c backup\\crio\\OctaByte\\frontend\\node_modules\\@unrs\\resolver-binding-win32-arm64-msvc'
331 silly reify ]
332 verbose reify failed optional dependency D:\c backup\crio\OctaByte\frontend\node_modules\@unrs\resolver-binding-wasm32-wasi
333 silly reify mark deleted [
333 silly reify   'D:\\c backup\\crio\\OctaByte\\frontend\\node_modules\\@unrs\\resolver-binding-wasm32-wasi'
333 silly reify ]
334 verbose reify failed optional dependency D:\c backup\crio\OctaByte\frontend\node_modules\@unrs\resolver-binding-linux-x64-musl
335 silly reify mark deleted [
335 silly reify   'D:\\c backup\\crio\\OctaByte\\frontend\\node_modules\\@unrs\\resolver-binding-linux-x64-musl'
335 silly reify ]
336 verbose reify failed optional dependency D:\c backup\crio\OctaByte\frontend\node_modules\@unrs\resolver-binding-linux-x64-gnu
337 silly reify mark deleted [
337 silly reify   'D:\\c backup\\crio\\OctaByte\\frontend\\node_modules\\@unrs\\resolver-binding-linux-x64-gnu'
337 silly reify ]
338 verbose reify failed optional dependency D:\c backup\crio\OctaByte\frontend\node_modules\@unrs\resolver-binding-linux-s390x-gnu
339 silly reify mark deleted [
339 silly reify   'D:\\c backup\\crio\\OctaByte\\frontend\\node_modules\\@unrs\\resolver-binding-linux-s390x-gnu'
339 silly reify ]
340 verbose reify failed optional dependency D:\c backup\crio\OctaByte\frontend\node_modules\@unrs\resolver-binding-linux-riscv64-musl
341 silly reify mark deleted [
341 silly reify   'D:\\c backup\\crio\\OctaByte\\frontend\\node_modules\\@unrs\\resolver-binding-linux-riscv64-musl'
341 silly reify ]
342 verbose reify failed optional dependency D:\c backup\crio\OctaByte\frontend\node_modules\@unrs\resolver-binding-linux-riscv64-gnu
343 silly reify mark deleted [
343 silly reify   'D:\\c backup\\crio\\OctaByte\\frontend\\node_modules\\@unrs\\resolver-binding-linux-riscv64-gnu'
343 silly reify ]
344 verbose reify failed optional dependency D:\c backup\crio\OctaByte\frontend\node_modules\@unrs\resolver-binding-linux-ppc64-gnu
345 silly reify mark deleted [
345 silly reify   'D:\\c backup\\crio\\OctaByte\\frontend\\node_modules\\@unrs\\resolver-binding-linux-ppc64-gnu'
345 silly reify ]
346 verbose reify failed optional dependency D:\c backup\crio\OctaByte\frontend\node_modules\@unrs\resolver-binding-linux-arm64-musl
347 silly reify mark deleted [
347 silly reify   'D:\\c backup\\crio\\OctaByte\\frontend\\node_modules\\@unrs\\resolver-binding-linux-arm64-musl'
347 silly reify ]
348 verbose reify failed optional dependency D:\c backup\crio\OctaByte\frontend\node_modules\@unrs\resolver-binding-linux-arm64-gnu
349 silly reify mark deleted [
349 silly reify   'D:\\c backup\\crio\\OctaByte\\frontend\\node_modules\\@unrs\\resolver-binding-linux-arm64-gnu'
349 silly reify ]
350 verbose reify failed optional dependency D:\c backup\crio\OctaByte\frontend\node_modules\@unrs\resolver-binding-linux-arm-musleabihf
351 silly reify mark deleted [
351 silly reify   'D:\\c backup\\crio\\OctaByte\\frontend\\node_modules\\@unrs\\resolver-binding-linux-arm-musleabihf'
351 silly reify ]
352 verbose reify failed optional dependency D:\c backup\crio\OctaByte\frontend\node_modules\@unrs\resolver-binding-linux-arm-gnueabihf
353 silly reify mark deleted [
353 silly reify   'D:\\c backup\\crio\\OctaByte\\frontend\\node_modules\\@unrs\\resolver-binding-linux-arm-gnueabihf'
353 silly reify ]
354 verbose reify failed optional dependency D:\c backup\crio\OctaByte\frontend\node_modules\@unrs\resolver-binding-freebsd-x64
355 silly reify mark deleted [
355 silly reify   'D:\\c backup\\crio\\OctaByte\\frontend\\node_modules\\@unrs\\resolver-binding-freebsd-x64'
355 silly reify ]
356 verbose reify failed optional dependency D:\c backup\crio\OctaByte\frontend\node_modules\@unrs\resolver-binding-darwin-x64
357 silly reify mark deleted [
357 silly reify   'D:\\c backup\\crio\\OctaByte\\frontend\\node_modules\\@unrs\\resolver-binding-darwin-x64'
357 silly reify ]
358 verbose reify failed optional dependency D:\c backup\crio\OctaByte\frontend\node_modules\@unrs\resolver-binding-darwin-arm64
359 silly reify mark deleted [
359 silly reify   'D:\\c backup\\crio\\OctaByte\\frontend\\node_modules\\@unrs\\resolver-binding-darwin-arm64'
359 silly reify ]
360 verbose reify failed optional dependency D:\c backup\crio\OctaByte\frontend\node_modules\@unrs\resolver-binding-android-arm64
361 silly reify mark deleted [
361 silly reify   'D:\\c backup\\crio\\OctaByte\\frontend\\node_modules\\@unrs\\resolver-binding-android-arm64'
361 silly reify ]
362 verbose reify failed optional dependency D:\c backup\crio\OctaByte\frontend\node_modules\@unrs\resolver-binding-android-arm-eabi
363 silly reify mark deleted [
363 silly reify   'D:\\c backup\\crio\\OctaByte\\frontend\\node_modules\\@unrs\\resolver-binding-android-arm-eabi'
363 silly reify ]
364 verbose reify failed optional dependency D:\c backup\crio\OctaByte\frontend\node_modules\@tailwindcss\oxide-win32-arm64-msvc
365 silly reify mark deleted [
365 silly reify   'D:\\c backup\\crio\\OctaByte\\frontend\\node_modules\\@tailwindcss\\oxide-win32-arm64-msvc'
365 silly reify ]
366 verbose reify failed optional dependency D:\c backup\crio\OctaByte\frontend\node_modules\@tailwindcss\oxide-linux-x64-musl
367 silly reify mark deleted [
367 silly reify   'D:\\c backup\\crio\\OctaByte\\frontend\\node_modules\\@tailwindcss\\oxide-linux-x64-musl'
367 silly reify ]
368 verbose reify failed optional dependency D:\c backup\crio\OctaByte\frontend\node_modules\@tailwindcss\oxide-linux-x64-gnu
369 silly reify mark deleted [
369 silly reify   'D:\\c backup\\crio\\OctaByte\\frontend\\node_modules\\@tailwindcss\\oxide-linux-x64-gnu'
369 silly reify ]
370 verbose reify failed optional dependency D:\c backup\crio\OctaByte\frontend\node_modules\@tailwindcss\oxide-linux-arm64-musl
371 silly reify mark deleted [
371 silly reify   'D:\\c backup\\crio\\OctaByte\\frontend\\node_modules\\@tailwindcss\\oxide-linux-arm64-musl'
371 silly reify ]
372 verbose reify failed optional dependency D:\c backup\crio\OctaByte\frontend\node_modules\@tailwindcss\oxide-linux-arm64-gnu
373 silly reify mark deleted [
373 silly reify   'D:\\c backup\\crio\\OctaByte\\frontend\\node_modules\\@tailwindcss\\oxide-linux-arm64-gnu'
373 silly reify ]
374 verbose reify failed optional dependency D:\c backup\crio\OctaByte\frontend\node_modules\@tailwindcss\oxide-linux-arm-gnueabihf
375 silly reify mark deleted [
375 silly reify   'D:\\c backup\\crio\\OctaByte\\frontend\\node_modules\\@tailwindcss\\oxide-linux-arm-gnueabihf'
375 silly reify ]
376 verbose reify failed optional dependency D:\c backup\crio\OctaByte\frontend\node_modules\@tailwindcss\oxide-freebsd-x64
377 silly reify mark deleted [
377 silly reify   'D:\\c backup\\crio\\OctaByte\\frontend\\node_modules\\@tailwindcss\\oxide-freebsd-x64'
377 silly reify ]
378 verbose reify failed optional dependency D:\c backup\crio\OctaByte\frontend\node_modules\@tailwindcss\oxide-darwin-x64
379 silly reify mark deleted [
379 silly reify   'D:\\c backup\\crio\\OctaByte\\frontend\\node_modules\\@tailwindcss\\oxide-darwin-x64'
379 silly reify ]
380 verbose reify failed optional dependency D:\c backup\crio\OctaByte\frontend\node_modules\@tailwindcss\oxide-darwin-arm64
381 silly reify mark deleted [
381 silly reify   'D:\\c backup\\crio\\OctaByte\\frontend\\node_modules\\@tailwindcss\\oxide-darwin-arm64'
381 silly reify ]
382 verbose reify failed optional dependency D:\c backup\crio\OctaByte\frontend\node_modules\@tailwindcss\oxide-android-arm64
383 silly reify mark deleted [
383 silly reify   'D:\\c backup\\crio\\OctaByte\\frontend\\node_modules\\@tailwindcss\\oxide-android-arm64'
383 silly reify ]
384 verbose reify failed optional dependency D:\c backup\crio\OctaByte\frontend\node_modules\@next\swc-win32-arm64-msvc
385 silly reify mark deleted [
385 silly reify   'D:\\c backup\\crio\\OctaByte\\frontend\\node_modules\\@next\\swc-win32-arm64-msvc'
385 silly reify ]
386 verbose reify failed optional dependency D:\c backup\crio\OctaByte\frontend\node_modules\@next\swc-linux-x64-musl
387 silly reify mark deleted [
387 silly reify   'D:\\c backup\\crio\\OctaByte\\frontend\\node_modules\\@next\\swc-linux-x64-musl'
387 silly reify ]
388 verbose reify failed optional dependency D:\c backup\crio\OctaByte\frontend\node_modules\@next\swc-linux-x64-gnu
389 silly reify mark deleted [
389 silly reify   'D:\\c backup\\crio\\OctaByte\\frontend\\node_modules\\@next\\swc-linux-x64-gnu'
389 silly reify ]
390 verbose reify failed optional dependency D:\c backup\crio\OctaByte\frontend\node_modules\@next\swc-linux-arm64-musl
391 silly reify mark deleted [
391 silly reify   'D:\\c backup\\crio\\OctaByte\\frontend\\node_modules\\@next\\swc-linux-arm64-musl'
391 silly reify ]
392 verbose reify failed optional dependency D:\c backup\crio\OctaByte\frontend\node_modules\@next\swc-linux-arm64-gnu
393 silly reify mark deleted [
393 silly reify   'D:\\c backup\\crio\\OctaByte\\frontend\\node_modules\\@next\\swc-linux-arm64-gnu'
393 silly reify ]
394 verbose reify failed optional dependency D:\c backup\crio\OctaByte\frontend\node_modules\@next\swc-darwin-x64
395 silly reify mark deleted [
395 silly reify   'D:\\c backup\\crio\\OctaByte\\frontend\\node_modules\\@next\\swc-darwin-x64'
395 silly reify ]
396 verbose reify failed optional dependency D:\c backup\crio\OctaByte\frontend\node_modules\@next\swc-darwin-arm64
397 silly reify mark deleted [
397 silly reify   'D:\\c backup\\crio\\OctaByte\\frontend\\node_modules\\@next\\swc-darwin-arm64'
397 silly reify ]
398 verbose reify failed optional dependency D:\c backup\crio\OctaByte\frontend\node_modules\@img\sharp-win32-ia32
399 silly reify mark deleted [
399 silly reify   'D:\\c backup\\crio\\OctaByte\\frontend\\node_modules\\@img\\sharp-win32-ia32'
399 silly reify ]
400 verbose reify failed optional dependency D:\c backup\crio\OctaByte\frontend\node_modules\@img\sharp-win32-arm64
401 silly reify mark deleted [
401 silly reify   'D:\\c backup\\crio\\OctaByte\\frontend\\node_modules\\@img\\sharp-win32-arm64'
401 silly reify ]
402 verbose reify failed optional dependency D:\c backup\crio\OctaByte\frontend\node_modules\@img\sharp-wasm32
403 silly reify mark deleted [
403 silly reify   'D:\\c backup\\crio\\OctaByte\\frontend\\node_modules\\@img\\sharp-wasm32'
403 silly reify ]
404 verbose reify failed optional dependency D:\c backup\crio\OctaByte\frontend\node_modules\@img\sharp-linuxmusl-x64
405 silly reify mark deleted [
405 silly reify   'D:\\c backup\\crio\\OctaByte\\frontend\\node_modules\\@img\\sharp-linuxmusl-x64'
405 silly reify ]
406 verbose reify failed optional dependency D:\c backup\crio\OctaByte\frontend\node_modules\@img\sharp-linuxmusl-arm64
407 silly reify mark deleted [
407 silly reify   'D:\\c backup\\crio\\OctaByte\\frontend\\node_modules\\@img\\sharp-linuxmusl-arm64'
407 silly reify ]
408 verbose reify failed optional dependency D:\c backup\crio\OctaByte\frontend\node_modules\@img\sharp-linux-x64
409 silly reify mark deleted [
409 silly reify   'D:\\c backup\\crio\\OctaByte\\frontend\\node_modules\\@img\\sharp-linux-x64'
409 silly reify ]
410 verbose reify failed optional dependency D:\c backup\crio\OctaByte\frontend\node_modules\@img\sharp-linux-s390x
411 silly reify mark deleted [
411 silly reify   'D:\\c backup\\crio\\OctaByte\\frontend\\node_modules\\@img\\sharp-linux-s390x'
411 silly reify ]
412 verbose reify failed optional dependency D:\c backup\crio\OctaByte\frontend\node_modules\@img\sharp-linux-riscv64
413 silly reify mark deleted [
413 silly reify   'D:\\c backup\\crio\\OctaByte\\frontend\\node_modules\\@img\\sharp-linux-riscv64'
413 silly reify ]
414 verbose reify failed optional dependency D:\c backup\crio\OctaByte\frontend\node_modules\@img\sharp-linux-ppc64
415 silly reify mark deleted [
415 silly reify   'D:\\c backup\\crio\\OctaByte\\frontend\\node_modules\\@img\\sharp-linux-ppc64'
415 silly reify ]
416 verbose reify failed optional dependency D:\c backup\crio\OctaByte\frontend\node_modules\@img\sharp-linux-arm64
417 silly reify mark deleted [
417 silly reify   'D:\\c backup\\crio\\OctaByte\\frontend\\node_modules\\@img\\sharp-linux-arm64'
417 silly reify ]
418 verbose reify failed optional dependency D:\c backup\crio\OctaByte\frontend\node_modules\@img\sharp-linux-arm
419 silly reify mark deleted [
419 silly reify   'D:\\c backup\\crio\\OctaByte\\frontend\\node_modules\\@img\\sharp-linux-arm'
419 silly reify ]
420 verbose reify failed optional dependency D:\c backup\crio\OctaByte\frontend\node_modules\@img\sharp-libvips-linuxmusl-x64
421 silly reify mark deleted [
421 silly reify   'D:\\c backup\\crio\\OctaByte\\frontend\\node_modules\\@img\\sharp-libvips-linuxmusl-x64'
421 silly reify ]
422 verbose reify failed optional dependency D:\c backup\crio\OctaByte\frontend\node_modules\@img\sharp-libvips-linuxmusl-arm64
423 silly reify mark deleted [
423 silly reify   'D:\\c backup\\crio\\OctaByte\\frontend\\node_modules\\@img\\sharp-libvips-linuxmusl-arm64'
423 silly reify ]
424 verbose reify failed optional dependency D:\c backup\crio\OctaByte\frontend\node_modules\@img\sharp-libvips-linux-x64
425 silly reify mark deleted [
425 silly reify   'D:\\c backup\\crio\\OctaByte\\frontend\\node_modules\\@img\\sharp-libvips-linux-x64'
425 silly reify ]
426 verbose reify failed optional dependency D:\c backup\crio\OctaByte\frontend\node_modules\@img\sharp-libvips-linux-s390x
427 silly reify mark deleted [
427 silly reify   'D:\\c backup\\crio\\OctaByte\\frontend\\node_modules\\@img\\sharp-libvips-linux-s390x'
427 silly reify ]
428 verbose reify failed optional dependency D:\c backup\crio\OctaByte\frontend\node_modules\@img\sharp-libvips-linux-riscv64
429 silly reify mark deleted [
429 silly reify   'D:\\c backup\\crio\\OctaByte\\frontend\\node_modules\\@img\\sharp-libvips-linux-riscv64'
429 silly reify ]
430 verbose reify failed optional dependency D:\c backup\crio\OctaByte\frontend\node_modules\@img\sharp-libvips-linux-ppc64
431 silly reify mark deleted [
431 silly reify   'D:\\c backup\\crio\\OctaByte\\frontend\\node_modules\\@img\\sharp-libvips-linux-ppc64'
431 silly reify ]
432 verbose reify failed optional dependency D:\c backup\crio\OctaByte\frontend\node_modules\@img\sharp-libvips-linux-arm64
433 silly reify mark deleted [
433 silly reify   'D:\\c backup\\crio\\OctaByte\\frontend\\node_modules\\@img\\sharp-libvips-linux-arm64'
433 silly reify ]
434 verbose reify failed optional dependency D:\c backup\crio\OctaByte\frontend\node_modules\@img\sharp-libvips-linux-arm
435 silly reify mark deleted [
435 silly reify   'D:\\c backup\\crio\\OctaByte\\frontend\\node_modules\\@img\\sharp-libvips-linux-arm'
435 silly reify ]
436 verbose reify failed optional dependency D:\c backup\crio\OctaByte\frontend\node_modules\@img\sharp-libvips-darwin-x64
437 silly reify mark deleted [
437 silly reify   'D:\\c backup\\crio\\OctaByte\\frontend\\node_modules\\@img\\sharp-libvips-darwin-x64'
437 silly reify ]
438 verbose reify failed optional dependency D:\c backup\crio\OctaByte\frontend\node_modules\@img\sharp-libvips-darwin-arm64
439 silly reify mark deleted [
439 silly reify   'D:\\c backup\\crio\\OctaByte\\frontend\\node_modules\\@img\\sharp-libvips-darwin-arm64'
439 silly reify ]
440 verbose reify failed optional dependency D:\c backup\crio\OctaByte\frontend\node_modules\@img\sharp-darwin-x64
441 silly reify mark deleted [
441 silly reify   'D:\\c backup\\crio\\OctaByte\\frontend\\node_modules\\@img\\sharp-darwin-x64'
441 silly reify ]
442 verbose reify failed optional dependency D:\c backup\crio\OctaByte\frontend\node_modules\@img\sharp-darwin-arm64
443 silly reify mark deleted [
443 silly reify   'D:\\c backup\\crio\\OctaByte\\frontend\\node_modules\\@img\\sharp-darwin-arm64'
443 silly reify ]
444 http cache d3-path@https://registry.npmjs.org/d3-path/-/d3-path-3.1.0.tgz 0ms (cache hit)
445 http cache d3-time-format@https://registry.npmjs.org/d3-time-format/-/d3-time-format-4.1.0.tgz 0ms (cache hit)
446 http cache d3-format@https://registry.npmjs.org/d3-format/-/d3-format-3.1.2.tgz 0ms (cache hit)
447 http cache d3-color@https://registry.npmjs.org/d3-color/-/d3-color-3.1.0.tgz 0ms (cache hit)
448 http cache internmap@https://registry.npmjs.org/internmap/-/internmap-2.0.3.tgz 0ms (cache hit)
449 http cache @types/d3-path@https://registry.npmjs.org/@types/d3-path/-/d3-path-3.1.1.tgz 0ms (cache hit)
450 http cache @types/d3-color@https://registry.npmjs.org/@types/d3-color/-/d3-color-3.1.3.tgz 0ms (cache hit)
451 http cache d3-time@https://registry.npmjs.org/d3-time/-/d3-time-3.1.0.tgz 0ms (cache hit)
452 http cache d3-timer@https://registry.npmjs.org/d3-timer/-/d3-timer-3.0.1.tgz 0ms (cache hit)
453 http cache d3-shape@https://registry.npmjs.org/d3-shape/-/d3-shape-3.2.0.tgz 0ms (cache hit)
454 http cache d3-scale@https://registry.npmjs.org/d3-scale/-/d3-scale-4.0.2.tgz 0ms (cache hit)
455 http cache d3-interpolate@https://registry.npmjs.org/d3-interpolate/-/d3-interpolate-3.0.1.tgz 0ms (cache hit)
456 http cache d3-ease@https://registry.npmjs.org/d3-ease/-/d3-ease-3.0.1.tgz 0ms (cache hit)
457 http cache d3-array@https://registry.npmjs.org/d3-array/-/d3-array-3.2.4.tgz 0ms (cache hit)
458 http cache @types/d3-timer@https://registry.npmjs.org/@types/d3-timer/-/d3-timer-3.0.2.tgz 0ms (cache hit)
459 http cache @types/d3-shape@https://registry.npmjs.org/@types/d3-shape/-/d3-shape-3.1.8.tgz 0ms (cache hit)
460 http cache @types/d3-time@https://registry.npmjs.org/@types/d3-time/-/d3-time-3.0.4.tgz 0ms (cache hit)
461 http cache @types/d3-scale@https://registry.npmjs.org/@types/d3-scale/-/d3-scale-4.0.9.tgz 0ms (cache hit)
462 http cache @types/d3-interpolate@https://registry.npmjs.org/@types/d3-interpolate/-/d3-interpolate-3.0.4.tgz 0ms (cache hit)
463 http cache @types/d3-array@https://registry.npmjs.org/@types/d3-array/-/d3-array-3.2.2.tgz 0ms (cache hit)
464 http cache @types/d3-ease@https://registry.npmjs.org/@types/d3-ease/-/d3-ease-3.0.2.tgz 0ms (cache hit)
465 http cache @types/use-sync-external-store@https://registry.npmjs.org/@types/use-sync-external-store/-/use-sync-external-store-0.0.6.tgz 0ms (cache hit)
466 http cache @standard-schema/utils@https://registry.npmjs.org/@standard-schema/utils/-/utils-0.3.0.tgz 0ms (cache hit)
467 http cache redux-thunk@https://registry.npmjs.org/redux-thunk/-/redux-thunk-3.1.0.tgz 0ms (cache hit)
468 http cache @standard-schema/spec@https://registry.npmjs.org/@standard-schema/spec/-/spec-1.1.0.tgz 0ms (cache hit)
469 http cache redux@https://registry.npmjs.org/redux/-/redux-5.0.1.tgz 0ms (cache hit)
470 http cache victory-vendor@https://registry.npmjs.org/victory-vendor/-/victory-vendor-37.3.6.tgz 0ms (cache hit)
471 http cache use-sync-external-store@https://registry.npmjs.org/use-sync-external-store/-/use-sync-external-store-1.6.0.tgz 0ms (cache hit)
472 http cache tiny-invariant@https://registry.npmjs.org/tiny-invariant/-/tiny-invariant-1.3.3.tgz 0ms (cache hit)
473 http cache reselect@https://registry.npmjs.org/reselect/-/reselect-5.1.1.tgz 0ms (cache hit)
474 http cache react-redux@https://registry.npmjs.org/react-redux/-/react-redux-9.2.0.tgz 0ms (cache hit)
475 http cache immer@https://registry.npmjs.org/immer/-/immer-10.2.0.tgz 0ms (cache hit)
476 http cache eventemitter3@https://registry.npmjs.org/eventemitter3/-/eventemitter3-5.0.4.tgz 0ms (cache hit)
477 http cache @reduxjs/toolkit@https://registry.npmjs.org/@reduxjs/toolkit/-/toolkit-2.11.2.tgz 0ms (cache hit)
478 http cache es-toolkit@https://registry.npmjs.org/es-toolkit/-/es-toolkit-1.44.0.tgz 0ms (cache hit)
479 http cache clsx@https://registry.npmjs.org/clsx/-/clsx-2.1.1.tgz 0ms (cache hit)
480 http cache decimal.js-light@https://registry.npmjs.org/decimal.js-light/-/decimal.js-light-2.5.1.tgz 0ms (cache hit)
481 http cache mime-db@https://registry.npmjs.org/mime-db/-/mime-db-1.52.0.tgz 0ms (cache hit)
482 http cache delayed-stream@https://registry.npmjs.org/delayed-stream/-/delayed-stream-1.0.0.tgz 0ms (cache hit)
483 http cache mime-types@https://registry.npmjs.org/mime-types/-/mime-types-2.1.35.tgz 0ms (cache hit)
484 http cache asynckit@https://registry.npmjs.org/asynckit/-/asynckit-0.4.0.tgz 0ms (cache hit)
485 http cache proxy-from-env@https://registry.npmjs.org/proxy-from-env/-/proxy-from-env-1.1.0.tgz 0ms (cache hit)
486 http cache combined-stream@https://registry.npmjs.org/combined-stream/-/combined-stream-1.0.8.tgz 0ms (cache hit)
487 http cache form-data@https://registry.npmjs.org/form-data/-/form-data-4.0.5.tgz 1ms (cache hit)
488 http cache follow-redirects@https://registry.npmjs.org/follow-redirects/-/follow-redirects-1.15.11.tgz 0ms (cache hit)
489 http cache @tanstack/table-core@https://registry.npmjs.org/@tanstack/table-core/-/table-core-8.21.3.tgz 0ms (cache hit)
490 http cache @tanstack/react-table@https://registry.npmjs.org/@tanstack/react-table/-/react-table-8.21.3.tgz 0ms (cache hit)
491 silly tarball no local data for d3-path@https://registry.npmjs.org/d3-path/-/d3-path-3.1.0.tgz. Extracting by manifest.
492 silly tarball no local data for d3-time-format@https://registry.npmjs.org/d3-time-format/-/d3-time-format-4.1.0.tgz. Extracting by manifest.
493 http cache immer@https://registry.npmjs.org/immer/-/immer-11.1.4.tgz 0ms (cache hit)
494 silly tarball no local data for d3-format@https://registry.npmjs.org/d3-format/-/d3-format-3.1.2.tgz. Extracting by manifest.
495 silly tarball no local data for d3-color@https://registry.npmjs.org/d3-color/-/d3-color-3.1.0.tgz. Extracting by manifest.
496 silly tarball no local data for internmap@https://registry.npmjs.org/internmap/-/internmap-2.0.3.tgz. Extracting by manifest.
497 silly tarball no local data for @types/d3-path@https://registry.npmjs.org/@types/d3-path/-/d3-path-3.1.1.tgz. Extracting by manifest.
498 silly tarball no local data for @types/d3-color@https://registry.npmjs.org/@types/d3-color/-/d3-color-3.1.3.tgz. Extracting by manifest.
499 silly tarball no local data for d3-time@https://registry.npmjs.org/d3-time/-/d3-time-3.1.0.tgz. Extracting by manifest.
500 silly tarball no local data for d3-timer@https://registry.npmjs.org/d3-timer/-/d3-timer-3.0.1.tgz. Extracting by manifest.
501 silly tarball no local data for d3-shape@https://registry.npmjs.org/d3-shape/-/d3-shape-3.2.0.tgz. Extracting by manifest.
502 silly tarball no local data for d3-scale@https://registry.npmjs.org/d3-scale/-/d3-scale-4.0.2.tgz. Extracting by manifest.
503 silly tarball no local data for d3-interpolate@https://registry.npmjs.org/d3-interpolate/-/d3-interpolate-3.0.1.tgz. Extracting by manifest.
504 silly tarball no local data for d3-ease@https://registry.npmjs.org/d3-ease/-/d3-ease-3.0.1.tgz. Extracting by manifest.
505 silly tarball no local data for d3-array@https://registry.npmjs.org/d3-array/-/d3-array-3.2.4.tgz. Extracting by manifest.
506 silly tarball no local data for @types/d3-timer@https://registry.npmjs.org/@types/d3-timer/-/d3-timer-3.0.2.tgz. Extracting by manifest.
507 silly tarball no local data for @types/d3-shape@https://registry.npmjs.org/@types/d3-shape/-/d3-shape-3.1.8.tgz. Extracting by manifest.
508 silly tarball no local data for @types/d3-time@https://registry.npmjs.org/@types/d3-time/-/d3-time-3.0.4.tgz. Extracting by manifest.
509 silly tarball no local data for @types/d3-scale@https://registry.npmjs.org/@types/d3-scale/-/d3-scale-4.0.9.tgz. Extracting by manifest.
510 silly tarball no local data for @types/d3-interpolate@https://registry.npmjs.org/@types/d3-interpolate/-/d3-interpolate-3.0.4.tgz. Extracting by manifest.
511 silly tarball no local data for @types/d3-array@https://registry.npmjs.org/@types/d3-array/-/d3-array-3.2.2.tgz. Extracting by manifest.
512 silly tarball no local data for @types/d3-ease@https://registry.npmjs.org/@types/d3-ease/-/d3-ease-3.0.2.tgz. Extracting by manifest.
513 silly tarball no local data for @types/use-sync-external-store@https://registry.npmjs.org/@types/use-sync-external-store/-/use-sync-external-store-0.0.6.tgz. Extracting by manifest.
514 silly tarball no local data for @standard-schema/utils@https://registry.npmjs.org/@standard-schema/utils/-/utils-0.3.0.tgz. Extracting by manifest.
515 silly tarball no local data for redux-thunk@https://registry.npmjs.org/redux-thunk/-/redux-thunk-3.1.0.tgz. Extracting by manifest.
516 silly tarball no local data for @standard-schema/spec@https://registry.npmjs.org/@standard-schema/spec/-/spec-1.1.0.tgz. Extracting by manifest.
517 silly tarball no local data for redux@https://registry.npmjs.org/redux/-/redux-5.0.1.tgz. Extracting by manifest.
518 silly tarball no local data for victory-vendor@https://registry.npmjs.org/victory-vendor/-/victory-vendor-37.3.6.tgz. Extracting by manifest.
519 silly tarball no local data for use-sync-external-store@https://registry.npmjs.org/use-sync-external-store/-/use-sync-external-store-1.6.0.tgz. Extracting by manifest.
520 silly tarball no local data for tiny-invariant@https://registry.npmjs.org/tiny-invariant/-/tiny-invariant-1.3.3.tgz. Extracting by manifest.
521 silly tarball no local data for reselect@https://registry.npmjs.org/reselect/-/reselect-5.1.1.tgz. Extracting by manifest.
522 silly tarball no local data for react-redux@https://registry.npmjs.org/react-redux/-/react-redux-9.2.0.tgz. Extracting by manifest.
523 silly tarball no local data for immer@https://registry.npmjs.org/immer/-/immer-10.2.0.tgz. Extracting by manifest.
524 silly tarball no local data for eventemitter3@https://registry.npmjs.org/eventemitter3/-/eventemitter3-5.0.4.tgz. Extracting by manifest.
525 silly tarball no local data for @reduxjs/toolkit@https://registry.npmjs.org/@reduxjs/toolkit/-/toolkit-2.11.2.tgz. Extracting by manifest.
526 silly tarball no local data for es-toolkit@https://registry.npmjs.org/es-toolkit/-/es-toolkit-1.44.0.tgz. Extracting by manifest.
527 silly tarball no local data for clsx@https://registry.npmjs.org/clsx/-/clsx-2.1.1.tgz. Extracting by manifest.
528 silly tarball no local data for decimal.js-light@https://registry.npmjs.org/decimal.js-light/-/decimal.js-light-2.5.1.tgz. Extracting by manifest.
529 silly tarball no local data for mime-db@https://registry.npmjs.org/mime-db/-/mime-db-1.52.0.tgz. Extracting by manifest.
530 silly tarball no local data for delayed-stream@https://registry.npmjs.org/delayed-stream/-/delayed-stream-1.0.0.tgz. Extracting by manifest.
531 silly tarball no local data for mime-types@https://registry.npmjs.org/mime-types/-/mime-types-2.1.35.tgz. Extracting by manifest.
532 silly tarball no local data for asynckit@https://registry.npmjs.org/asynckit/-/asynckit-0.4.0.tgz. Extracting by manifest.
533 silly tarball no local data for proxy-from-env@https://registry.npmjs.org/proxy-from-env/-/proxy-from-env-1.1.0.tgz. Extracting by manifest.
534 silly tarball no local data for combined-stream@https://registry.npmjs.org/combined-stream/-/combined-stream-1.0.8.tgz. Extracting by manifest.
535 silly tarball no local data for form-data@https://registry.npmjs.org/form-data/-/form-data-4.0.5.tgz. Extracting by manifest.
536 silly tarball no local data for follow-redirects@https://registry.npmjs.org/follow-redirects/-/follow-redirects-1.15.11.tgz. Extracting by manifest.
537 silly tarball no local data for @tanstack/table-core@https://registry.npmjs.org/@tanstack/table-core/-/table-core-8.21.3.tgz. Extracting by manifest.
538 silly tarball no local data for @tanstack/react-table@https://registry.npmjs.org/@tanstack/react-table/-/react-table-8.21.3.tgz. Extracting by manifest.
539 http cache axios@https://registry.npmjs.org/axios/-/axios-1.13.6.tgz 0ms (cache hit)
540 http cache recharts@https://registry.npmjs.org/recharts/-/recharts-3.7.0.tgz 0ms (cache hit)
541 silly tarball no local data for immer@https://registry.npmjs.org/immer/-/immer-11.1.4.tgz. Extracting by manifest.
542 silly tarball no local data for axios@https://registry.npmjs.org/axios/-/axios-1.13.6.tgz. Extracting by manifest.
543 silly tarball no local data for recharts@https://registry.npmjs.org/recharts/-/recharts-3.7.0.tgz. Extracting by manifest.
544 http fetch POST 200 https://registry.npmjs.org/-/npm/v1/security/advisories/bulk 370ms
545 silly audit report {}
546 http fetch GET 200 https://registry.npmjs.org/d3-path/-/d3-path-3.1.0.tgz 899ms (cache miss)
547 http fetch GET 200 https://registry.npmjs.org/@types/d3-timer/-/d3-timer-3.0.2.tgz 901ms (cache miss)
548 http fetch GET 200 https://registry.npmjs.org/@types/d3-time/-/d3-time-3.0.4.tgz 959ms (cache miss)
549 http fetch GET 200 https://registry.npmjs.org/@types/d3-path/-/d3-path-3.1.1.tgz 1093ms (cache miss)
550 http fetch GET 200 https://registry.npmjs.org/@types/d3-interpolate/-/d3-interpolate-3.0.4.tgz 1088ms (cache miss)
551 http fetch GET 200 https://registry.npmjs.org/@types/d3-array/-/d3-array-3.2.2.tgz 1088ms (cache miss)
552 http fetch GET 200 https://registry.npmjs.org/@types/d3-shape/-/d3-shape-3.1.8.tgz 1103ms (cache miss)
553 http fetch GET 200 https://registry.npmjs.org/tiny-invariant/-/tiny-invariant-1.3.3.tgz 1144ms (cache miss)
554 http fetch GET 200 https://registry.npmjs.org/delayed-stream/-/delayed-stream-1.0.0.tgz 1166ms (cache miss)
555 http fetch GET 200 https://registry.npmjs.org/@types/d3-scale/-/d3-scale-4.0.9.tgz 1190ms (cache miss)
556 http fetch GET 200 https://registry.npmjs.org/mime-types/-/mime-types-2.1.35.tgz 1190ms (cache miss)
557 http fetch GET 200 https://registry.npmjs.org/@types/d3-ease/-/d3-ease-3.0.2.tgz 1238ms (cache miss)
558 http fetch GET 200 https://registry.npmjs.org/internmap/-/internmap-2.0.3.tgz 1269ms (cache miss)
559 http fetch GET 200 https://registry.npmjs.org/@types/d3-color/-/d3-color-3.1.3.tgz 1289ms (cache miss)
560 http fetch GET 200 https://registry.npmjs.org/combined-stream/-/combined-stream-1.0.8.tgz 1429ms (cache miss)
561 http fetch GET 200 https://registry.npmjs.org/@types/use-sync-external-store/-/use-sync-external-store-0.0.6.tgz 1459ms (cache miss)
562 http fetch GET 200 https://registry.npmjs.org/@standard-schema/utils/-/utils-0.3.0.tgz 1497ms (cache miss)
563 http fetch GET 200 https://registry.npmjs.org/@standard-schema/spec/-/spec-1.1.0.tgz 1507ms (cache miss)
564 http fetch GET 200 https://registry.npmjs.org/proxy-from-env/-/proxy-from-env-1.1.0.tgz 1518ms (cache miss)
565 http fetch GET 200 https://registry.npmjs.org/follow-redirects/-/follow-redirects-1.15.11.tgz 1531ms (cache miss)
566 http fetch GET 200 https://registry.npmjs.org/redux-thunk/-/redux-thunk-3.1.0.tgz 1590ms (cache miss)
567 http fetch GET 200 https://registry.npmjs.org/d3-timer/-/d3-timer-3.0.1.tgz 1649ms (cache miss)
568 http fetch GET 200 https://registry.npmjs.org/clsx/-/clsx-2.1.1.tgz 1643ms (cache miss)
569 http fetch GET 200 https://registry.npmjs.org/form-data/-/form-data-4.0.5.tgz 1662ms (cache miss)
570 http fetch GET 200 https://registry.npmjs.org/mime-db/-/mime-db-1.52.0.tgz 1744ms (cache miss)
571 http fetch GET 200 https://registry.npmjs.org/eventemitter3/-/eventemitter3-5.0.4.tgz 1766ms (cache miss)
572 http fetch GET 200 https://registry.npmjs.org/d3-color/-/d3-color-3.1.0.tgz 1828ms (cache miss)
573 http fetch GET 200 https://registry.npmjs.org/use-sync-external-store/-/use-sync-external-store-1.6.0.tgz 1894ms (cache miss)
574 http fetch GET 200 https://registry.npmjs.org/asynckit/-/asynckit-0.4.0.tgz 2414ms (cache miss)
575 http fetch GET 200 https://registry.npmjs.org/d3-ease/-/d3-ease-3.0.1.tgz 2451ms (cache miss)
576 http fetch GET 200 https://registry.npmjs.org/decimal.js-light/-/decimal.js-light-2.5.1.tgz 2465ms (cache miss)
577 http fetch GET 200 https://registry.npmjs.org/d3-time/-/d3-time-3.1.0.tgz 2545ms (cache miss)
578 http fetch GET 200 https://registry.npmjs.org/@tanstack/react-table/-/react-table-8.21.3.tgz 2970ms (cache miss)
579 http fetch GET 200 https://registry.npmjs.org/d3-interpolate/-/d3-interpolate-3.0.1.tgz 3070ms (cache miss)
580 http fetch GET 200 https://registry.npmjs.org/d3-scale/-/d3-scale-4.0.2.tgz 3100ms (cache miss)
581 http fetch GET 200 https://registry.npmjs.org/redux/-/redux-5.0.1.tgz 3235ms (cache miss)
582 http fetch GET 200 https://registry.npmjs.org/d3-time-format/-/d3-time-format-4.1.0.tgz 3301ms (cache miss)
583 http fetch GET 200 https://registry.npmjs.org/reselect/-/reselect-5.1.1.tgz 3424ms (cache miss)
584 http fetch GET 200 https://registry.npmjs.org/immer/-/immer-11.1.4.tgz 3598ms (cache miss)
585 http fetch GET 200 https://registry.npmjs.org/immer/-/immer-10.2.0.tgz 3625ms (cache miss)
586 http fetch GET 200 https://registry.npmjs.org/react-redux/-/react-redux-9.2.0.tgz 3867ms (cache miss)
587 http fetch GET 200 https://registry.npmjs.org/d3-array/-/d3-array-3.2.4.tgz 4161ms (cache miss)
588 http fetch GET 200 https://registry.npmjs.org/d3-format/-/d3-format-3.1.2.tgz 4189ms (cache miss)
589 http fetch GET 200 https://registry.npmjs.org/d3-shape/-/d3-shape-3.2.0.tgz 4197ms (cache miss)
590 http fetch GET 200 https://registry.npmjs.org/axios/-/axios-1.13.6.tgz 4734ms (cache miss)
591 http fetch GET 200 https://registry.npmjs.org/@tanstack/table-core/-/table-core-8.21.3.tgz 5634ms (cache miss)
592 http fetch GET 200 https://registry.npmjs.org/victory-vendor/-/victory-vendor-37.3.6.tgz 7748ms (cache miss)
593 http fetch GET 200 https://registry.npmjs.org/@reduxjs/toolkit/-/toolkit-2.11.2.tgz 8578ms (cache miss)
594 http fetch GET 200 https://registry.npmjs.org/recharts/-/recharts-3.7.0.tgz 11539ms (cache miss)
595 http fetch GET 200 https://registry.npmjs.org/es-toolkit/-/es-toolkit-1.44.0.tgz 17413ms (cache miss)
596 silly ADD node_modules/d3-path
597 silly ADD node_modules/d3-time-format
598 silly ADD node_modules/d3-format
599 silly ADD node_modules/d3-color
600 silly ADD node_modules/internmap
601 silly ADD node_modules/@types/d3-path
602 silly ADD node_modules/@types/d3-color
603 silly ADD node_modules/d3-timer
604 silly ADD node_modules/d3-time
605 silly ADD node_modules/d3-shape
606 silly ADD node_modules/d3-scale
607 silly ADD node_modules/d3-interpolate
608 silly ADD node_modules/d3-ease
609 silly ADD node_modules/d3-array
610 silly ADD node_modules/@types/d3-timer
611 silly ADD node_modules/@types/d3-time
612 silly ADD node_modules/@types/d3-shape
613 silly ADD node_modules/@types/d3-scale
614 silly ADD node_modules/@types/d3-interpolate
615 silly ADD node_modules/@types/d3-ease
616 silly ADD node_modules/@types/d3-array
617 silly ADD node_modules/@types/use-sync-external-store
618 silly ADD node_modules/redux-thunk
619 silly ADD node_modules/redux
620 silly ADD node_modules/@standard-schema/utils
621 silly ADD node_modules/@standard-schema/spec
622 silly ADD node_modules/victory-vendor
623 silly ADD node_modules/use-sync-external-store
624 silly ADD node_modules/tiny-invariant
625 silly ADD node_modules/reselect
626 silly ADD node_modules/react-redux
627 silly ADD node_modules/immer
628 silly ADD node_modules/eventemitter3
629 silly ADD node_modules/es-toolkit
630 silly ADD node_modules/decimal.js-light
631 silly ADD node_modules/clsx
632 silly ADD node_modules/@reduxjs/toolkit
633 silly ADD node_modules/@reduxjs/toolkit/node_modules/immer
634 silly ADD node_modules/mime-db
635 silly ADD node_modules/delayed-stream
636 silly ADD node_modules/mime-types
637 silly ADD node_modules/combined-stream
638 silly ADD node_modules/asynckit
639 silly ADD node_modules/proxy-from-env
640 silly ADD node_modules/form-data
641 silly ADD node_modules/follow-redirects
642 silly ADD node_modules/@tanstack/table-core
643 silly ADD node_modules/recharts
644 silly ADD node_modules/axios
645 silly ADD node_modules/@tanstack/react-table
646 silly ADD
647 silly ADD
648 silly ADD
649 silly ADD
650 silly ADD
651 silly ADD
652 silly ADD
653 silly ADD
654 silly ADD
655 silly ADD
656 silly ADD
657 silly ADD
658 silly ADD
659 silly ADD
660 silly ADD
661 silly ADD
662 silly ADD
663 silly ADD
664 silly ADD
665 silly ADD
666 silly ADD
667 silly ADD
668 silly ADD
669 silly ADD
670 silly ADD
671 silly ADD
672 silly ADD
673 silly ADD
674 silly ADD
675 silly ADD
676 silly ADD
677 silly ADD
678 silly ADD
679 silly ADD
680 silly ADD
681 silly ADD
682 silly ADD
683 silly ADD
684 silly ADD
685 silly ADD
686 silly ADD
687 silly ADD
688 silly ADD
689 silly ADD
690 silly ADD
691 silly ADD
692 silly ADD
693 silly ADD
694 silly ADD
695 silly ADD
696 silly ADD
697 silly ADD
698 silly ADD
699 silly ADD
700 silly ADD
701 silly ADD
702 silly ADD
703 silly ADD
704 silly ADD
705 silly ADD
706 silly ADD
707 silly ADD
708 silly ADD
709 silly ADD
710 silly ADD
711 silly ADD
712 silly ADD
713 silly ADD
714 silly ADD
715 verbose cwd D:\c backup\crio\OctaByte\frontend
716 verbose os Windows_NT 10.0.26200
717 verbose node v22.18.0
718 verbose npm  v10.9.3
719 verbose exit 0
720 info ok
