0 verbose cli D:\node.exe D:\node_modules\npm\bin\npm-cli.js
1 info using npm@10.9.3
2 info using node@v22.18.0
3 silly config load:file:D:\node_modules\npm\npmrc
4 silly config load:file:D:\c backup\crio\OctaByte\backend\.npmrc
5 silly config load:file:C:\Users\HP\.npmrc
6 silly config load:file:D:\c backup\crio\OctaByte\backend\%APPDATA%\npm\etc\npmrc
7 verbose title npm install cors
8 verbose argv "install" "cors"
9 verbose logfile logs-max:10 dir:D:\c backup\crio\OctaByte\backend\%APPDATA%\npm-cache\_logs\2026-02-28T21_31_19_331Z-
10 verbose logfile D:\c backup\crio\OctaByte\backend\%APPDATA%\npm-cache\_logs\2026-02-28T21_31_19_331Z-debug-0.log
11 silly logfile done cleaning log files
12 silly packumentCache heap:2197815296 maxSize:549453824 maxEntrySize:274726912
13 silly idealTree buildDeps
14 silly fetch manifest cors@^2.8.6
15 silly packumentCache full:https://registry.npmjs.org/cors cache-miss
16 http fetch GET 200 https://registry.npmjs.org/cors 540ms (cache revalidated)
17 silly packumentCache full:https://registry.npmjs.org/cors set size:77956 disposed:false
18 silly placeDep ROOT cors@2.8.6 REPLACE for: backend@1.0.0 want: ^2.8.6
19 silly reify moves {}
20 silly audit bulk request {
20 silly audit   '@cspotcode/source-map-support': [ '0.8.1' ],
20 silly audit   '@deno/shim-deno': [ '0.18.2' ],
20 silly audit   '@deno/shim-deno-test': [ '0.5.0' ],
20 silly audit   '@jridgewell/resolve-uri': [ '3.1.2' ],
20 silly audit   '@jridgewell/sourcemap-codec': [ '1.5.5' ],
20 silly audit   '@jridgewell/trace-mapping': [ '0.3.9' ],
20 silly audit   '@tsconfig/node10': [ '1.0.12' ],
20 silly audit   '@tsconfig/node12': [ '1.0.11' ],
20 silly audit   '@tsconfig/node14': [ '1.0.3' ],
20 silly audit   '@tsconfig/node16': [ '1.0.4' ],
20 silly audit   '@types/body-parser': [ '1.19.6' ],
20 silly audit   '@types/connect': [ '3.4.38' ],
20 silly audit   '@types/express': [ '5.0.6' ],
20 silly audit   '@types/express-serve-static-core': [ '5.1.1' ],
20 silly audit   '@types/http-errors': [ '2.0.5' ],
20 silly audit   '@types/node': [ '25.3.2' ],
20 silly audit   '@types/qs': [ '6.14.0' ],
20 silly audit   '@types/range-parser': [ '1.2.7' ],
20 silly audit   '@types/send': [ '1.2.1' ],
20 silly audit   '@types/serve-static': [ '2.2.0' ],
20 silly audit   '@types/strip-bom': [ '3.0.0' ],
20 silly audit   '@types/strip-json-comments': [ '0.0.30' ],
20 silly audit   accepts: [ '2.0.0' ],
20 silly audit   acorn: [ '8.16.0' ],
20 silly audit   'acorn-walk': [ '8.3.5' ],
20 silly audit   anymatch: [ '3.1.3' ],
20 silly audit   arg: [ '4.1.3' ],
20 silly audit   asynckit: [ '0.4.0' ],
20 silly audit   axios: [ '1.13.6' ],
20 silly audit   'balanced-match': [ '1.0.2' ],
20 silly audit   'binary-extensions': [ '2.3.0' ],
20 silly audit   'body-parser': [ '2.2.2' ],
20 silly audit   'iconv-lite': [ '0.7.2', '0.6.3' ],
20 silly audit   boolbase: [ '1.0.0' ],
20 silly audit   'brace-expansion': [ '1.1.12' ],
20 silly audit   braces: [ '3.0.3' ],
20 silly audit   'buffer-from': [ '1.1.2' ],
20 silly audit   bytes: [ '3.1.2' ],
20 silly audit   'call-bind-apply-helpers': [ '1.0.2' ],
20 silly audit   'call-bound': [ '1.0.4' ],
20 silly audit   cheerio: [ '1.2.0' ],
20 silly audit   'cheerio-select': [ '2.1.0' ],
20 silly audit   chokidar: [ '3.6.0' ],
20 silly audit   clone: [ '2.1.2' ],
20 silly audit   'combined-stream': [ '1.0.8' ],
20 silly audit   'concat-map': [ '0.0.1' ],
20 silly audit   'content-disposition': [ '1.0.1' ],
20 silly audit   'content-type': [ '1.0.5' ],
20 silly audit   cookie: [ '0.7.2' ],
20 silly audit   'cookie-signature': [ '1.2.2' ],
20 silly audit   'create-require': [ '1.1.1' ],
20 silly audit   'css-select': [ '5.2.2' ],
20 silly audit   'css-what': [ '6.2.2' ],
20 silly audit   debug: [ '4.4.3' ],
20 silly audit   'delayed-stream': [ '1.0.0' ],
20 silly audit   depd: [ '2.0.0' ],
20 silly audit   diff: [ '4.0.4' ],
20 silly audit   'dom-serializer': [ '2.0.0' ],
20 silly audit   domelementtype: [ '2.3.0' ],
20 silly audit   domhandler: [ '5.0.3' ],
20 silly audit   domutils: [ '3.2.2' ],
20 silly audit   dotenv: [ '17.3.1' ],
20 silly audit   'dunder-proto': [ '1.0.1' ],
20 silly audit   'dynamic-dedupe': [ '0.3.0' ],
20 silly audit   'ee-first': [ '1.1.1' ],
20 silly audit   encodeurl: [ '2.0.0' ],
20 silly audit   'encoding-sniffer': [ '0.2.1' ],
20 silly audit   entities: [ '4.5.0', '7.0.1', '6.0.1' ],
20 silly audit   'es-define-property': [ '1.0.1' ],
20 silly audit   'es-errors': [ '1.3.0' ],
20 silly audit   'es-object-atoms': [ '1.1.1' ],
20 silly audit   'es-set-tostringtag': [ '2.1.0' ],
20 silly audit   'escape-html': [ '1.0.3' ],
20 silly audit   'escape-string-regexp': [ '1.0.5' ],
20 silly audit   etag: [ '1.8.1' ],
20 silly audit   express: [ '5.2.1' ],
20 silly audit   'fetch-mock-cache': [ '2.3.1' ],
20 silly audit   'filename-reserved-regex': [ '2.0.0' ],
20 silly audit   filenamify: [ '4.3.0' ],
20 silly audit   'filenamify-url': [ '2.1.2' ],
20 silly audit   'fill-range': [ '7.1.1' ],
20 silly audit   finalhandler: [ '2.1.1' ],
20 silly audit   'follow-redirects': [ '1.15.11' ],
20 silly audit   'form-data': [ '4.0.5' ],
20 silly audit   'mime-db': [ '1.52.0', '1.54.0' ],
20 silly audit   'mime-types': [ '2.1.35', '3.0.2' ],
20 silly audit   forwarded: [ '0.2.0' ],
20 silly audit   fresh: [ '2.0.0' ],
20 silly audit   'fs.realpath': [ '1.0.0' ],
20 silly audit   fsevents: [ '2.3.3' ],
20 silly audit   'function-bind': [ '1.1.2' ],
20 silly audit   'get-intrinsic': [ '1.3.0' ],
20 silly audit   'get-proto': [ '1.0.1' ],
20 silly audit   glob: [ '7.2.3' ],
20 silly audit   'glob-parent': [ '5.1.2' ],
20 silly audit   gopd: [ '1.2.0' ],
20 silly audit   'has-symbols': [ '1.1.0' ],
20 silly audit   'has-tostringtag': [ '1.0.2' ],
20 silly audit   hasown: [ '2.0.2' ],
20 silly audit   htmlparser2: [ '10.1.0' ],
20 silly audit   'http-errors': [ '2.0.1' ],
20 silly audit   'humanize-url': [ '2.1.1' ],
20 silly audit   inflight: [ '1.0.6' ],
20 silly audit   inherits: [ '2.0.4' ],
20 silly audit   'ipaddr.js': [ '1.9.1' ],
20 silly audit   'is-binary-path': [ '2.1.0' ],
20 silly audit   'is-core-module': [ '2.16.1' ],
20 silly audit   'is-extglob': [ '2.1.1' ],
20 silly audit   'is-glob': [ '4.0.3' ],
20 silly audit   'is-number': [ '7.0.0' ],
20 silly audit   'is-promise': [ '4.0.0' ],
20 silly audit   isexe: [ '3.1.5' ],
20 silly audit   'json-schema': [ '0.4.0' ],
20 silly audit   'make-error': [ '1.3.6' ],
20 silly audit   'math-intrinsics': [ '1.1.0' ],
20 silly audit   'media-typer': [ '1.1.0' ],
20 silly audit   'merge-descriptors': [ '2.0.0' ],
20 silly audit   minimatch: [ '3.1.5' ],
20 silly audit   minimist: [ '1.2.8' ],
20 silly audit   mkdirp: [ '1.0.4' ],
20 silly audit   ms: [ '2.1.3' ],
20 silly audit   negotiator: [ '1.0.0' ],
20 silly audit   'node-cache': [ '5.1.2' ],
20 silly audit   'normalize-path': [ '3.0.0' ],
20 silly audit   'normalize-url': [ '4.5.1' ],
20 silly audit   'nth-check': [ '2.1.1' ],
20 silly audit   'object-assign': [ '4.1.1' ],
20 silly audit   'object-inspect': [ '1.13.4' ],
20 silly audit   'on-finished': [ '2.4.1' ],
20 silly audit   once: [ '1.4.0' ],
20 silly audit   parse5: [ '7.3.0' ],
20 silly audit   'parse5-htmlparser2-tree-adapter': [ '7.1.0' ],
20 silly audit   'parse5-parser-stream': [ '7.1.2' ],
20 silly audit   parseurl: [ '1.3.3' ],
20 silly audit   'path-is-absolute': [ '1.0.1' ],
20 silly audit   'path-parse': [ '1.0.7' ],
20 silly audit   'path-to-regexp': [ '8.3.0' ],
20 silly audit   picomatch: [ '2.3.1' ],
20 silly audit   'proxy-addr': [ '2.0.7' ],
20 silly audit   'proxy-from-env': [ '1.1.0' ],
20 silly audit   psl: [ '1.15.0' ],
20 silly audit   punycode: [ '2.3.1' ],
20 silly audit   qs: [ '6.15.0' ],
20 silly audit   querystringify: [ '2.2.0' ],
20 silly audit   'range-parser': [ '1.2.1' ],
20 silly audit   'raw-body': [ '3.0.2' ],
20 silly audit   readdirp: [ '3.6.0' ],
20 silly audit   'requires-port': [ '1.0.0' ],
20 silly audit   resolve: [ '1.22.11' ],
20 silly audit   rimraf: [ '2.7.1' ],
20 silly audit   router: [ '2.2.0' ],
20 silly audit   'safer-buffer': [ '2.1.2' ],
20 silly audit   send: [ '1.2.1' ],
20 silly audit   'serve-static': [ '2.2.1' ],
20 silly audit   setprototypeof: [ '1.2.0' ],
20 silly audit   'side-channel': [ '1.1.0' ],
20 silly audit   'side-channel-list': [ '1.0.0' ],
20 silly audit   'side-channel-map': [ '1.0.1' ],
20 silly audit   'side-channel-weakmap': [ '1.0.2' ],
20 silly audit   'source-map': [ '0.6.1' ],
20 silly audit   'source-map-support': [ '0.5.21' ],
20 silly audit   statuses: [ '2.0.2' ],
20 silly audit   'strip-bom': [ '3.0.0' ],
20 silly audit   'strip-json-comments': [ '2.0.1' ],
20 silly audit   'strip-outer': [ '1.0.1' ],
20 silly audit   'supports-preserve-symlinks-flag': [ '1.0.0' ],
20 silly audit   tldts: [ '6.1.86' ],
20 silly audit   'tldts-core': [ '6.1.86' ],
20 silly audit   'to-regex-range': [ '5.0.1' ],
20 silly audit   toidentifier: [ '1.0.1' ],
20 silly audit   'tough-cookie': [ '5.1.2', '4.1.4' ],
20 silly audit   'tough-cookie-file-store': [ '2.0.3' ],
20 silly audit   'tree-kill': [ '1.2.2' ],
20 silly audit   'trim-repeated': [ '1.0.0' ],
20 silly audit   'ts-node': [ '10.9.2' ],
20 silly audit   'ts-node-dev': [ '2.0.0' ],
20 silly audit   tsconfig: [ '7.0.0' ],
20 silly audit   'type-is': [ '2.0.1' ],
20 silly audit   typescript: [ '5.9.3' ],
20 silly audit   undici: [ '7.22.0' ],
20 silly audit   'undici-types': [ '7.18.2' ],
20 silly audit   universalify: [ '0.2.0' ],
20 silly audit   unpipe: [ '1.0.0' ],
20 silly audit   'url-parse': [ '1.5.10' ],
20 silly audit   'v8-compile-cache-lib': [ '3.0.1' ],
20 silly audit   vary: [ '1.1.2' ],
20 silly audit   'whatwg-encoding': [ '3.1.1' ],
20 silly audit   'whatwg-mimetype': [ '4.0.0' ],
20 silly audit   which: [ '4.0.0' ],
20 silly audit   wrappy: [ '1.0.2' ],
20 silly audit   xtend: [ '4.0.2' ],
20 silly audit   'yahoo-finance2': [ '3.13.1' ],
20 silly audit   yn: [ '3.1.1' ],
20 silly audit   cors: [ '2.8.6' ]
20 silly audit }
21 verbose reify failed optional dependency D:\c backup\crio\OctaByte\backend\node_modules\fsevents
22 silly reify mark deleted [ 'D:\\c backup\\crio\\OctaByte\\backend\\node_modules\\fsevents' ]
23 http fetch POST 200 https://registry.npmjs.org/-/npm/v1/security/advisories/bulk 259ms
24 silly audit report {}
25 silly ADD
26 verbose cwd D:\c backup\crio\OctaByte\backend
27 verbose os Windows_NT 10.0.26200
28 verbose node v22.18.0
29 verbose npm  v10.9.3
30 verbose exit 0
31 info ok
