0 verbose cli D:\node.exe D:\node_modules\npm\bin\npm-cli.js
1 info using npm@10.9.3
2 info using node@v22.18.0
3 silly config load:file:D:\node_modules\npm\npmrc
4 silly config load:file:D:\c backup\crio\OctaByte\backend\.npmrc
5 silly config load:file:C:\Users\HP\.npmrc
6 silly config load:file:D:\c backup\crio\OctaByte\backend\%APPDATA%\npm\etc\npmrc
7 verbose title npm install express axios cheerio node-cache cors dotenv
8 verbose argv "install" "express" "axios" "cheerio" "node-cache" "cors" "dotenv"
9 verbose logfile logs-max:10 dir:D:\c backup\crio\OctaByte\backend\%APPDATA%\npm-cache\_logs\2026-02-28T08_32_01_243Z-
10 verbose logfile D:\c backup\crio\OctaByte\backend\%APPDATA%\npm-cache\_logs\2026-02-28T08_32_01_243Z-debug-0.log
11 silly logfile done cleaning log files
12 silly packumentCache heap:2197815296 maxSize:549453824 maxEntrySize:274726912
13 silly idealTree buildDeps
14 silly fetch manifest express@*
15 silly packumentCache full:https://registry.npmjs.org/express cache-miss
16 http fetch GET 200 https://registry.npmjs.org/express 262ms (cache miss)
17 silly packumentCache full:https://registry.npmjs.org/express set size:undefined disposed:false
18 silly fetch manifest axios@*
19 silly packumentCache full:https://registry.npmjs.org/axios cache-miss
20 http fetch GET 200 https://registry.npmjs.org/axios 87ms (cache miss)
21 silly packumentCache full:https://registry.npmjs.org/axios set size:undefined disposed:false
22 silly fetch manifest cheerio@*
23 silly packumentCache full:https://registry.npmjs.org/cheerio cache-miss
24 http fetch GET 200 https://registry.npmjs.org/cheerio 317ms (cache miss)
25 silly packumentCache full:https://registry.npmjs.org/cheerio set size:undefined disposed:false
26 silly fetch manifest node-cache@*
27 silly packumentCache full:https://registry.npmjs.org/node-cache cache-miss
28 http fetch GET 200 https://registry.npmjs.org/node-cache 57ms (cache miss)
29 silly packumentCache full:https://registry.npmjs.org/node-cache set size:undefined disposed:false
30 silly fetch manifest cors@*
31 silly packumentCache full:https://registry.npmjs.org/cors cache-miss
32 http fetch GET 200 https://registry.npmjs.org/cors 79ms (cache miss)
33 silly packumentCache full:https://registry.npmjs.org/cors set size:undefined disposed:false
34 silly fetch manifest dotenv@*
35 silly packumentCache full:https://registry.npmjs.org/dotenv cache-miss
36 http fetch GET 200 https://registry.npmjs.org/dotenv 79ms (cache miss)
37 silly packumentCache full:https://registry.npmjs.org/dotenv set size:undefined disposed:false
38 silly placeDep ROOT axios@1.13.6 OK for: backend@1.0.0 want: *
39 silly placeDep ROOT cheerio@1.2.0 OK for: backend@1.0.0 want: *
40 silly placeDep ROOT cors@2.8.6 OK for: backend@1.0.0 want: *
41 silly placeDep ROOT dotenv@17.3.1 OK for: backend@1.0.0 want: *
42 silly placeDep ROOT express@5.2.1 OK for: backend@1.0.0 want: *
43 silly placeDep ROOT node-cache@5.1.2 OK for: backend@1.0.0 want: *
44 silly fetch manifest follow-redirects@^1.15.11
45 silly packumentCache full:https://registry.npmjs.org/follow-redirects cache-miss
46 silly fetch manifest form-data@^4.0.5
47 silly packumentCache full:https://registry.npmjs.org/form-data cache-miss
48 silly fetch manifest proxy-from-env@^1.1.0
49 silly packumentCache full:https://registry.npmjs.org/proxy-from-env cache-miss
50 http fetch GET 200 https://registry.npmjs.org/follow-redirects 81ms (cache miss)
51 silly packumentCache full:https://registry.npmjs.org/follow-redirects set size:undefined disposed:false
52 silly fetch manifest parse5@^7.3.0
53 silly packumentCache full:https://registry.npmjs.org/parse5 cache-miss
54 http fetch GET 200 https://registry.npmjs.org/proxy-from-env 145ms (cache miss)
55 silly packumentCache full:https://registry.npmjs.org/proxy-from-env set size:undefined disposed:false
56 silly fetch manifest undici@^7.19.0
57 silly packumentCache full:https://registry.npmjs.org/undici cache-miss
58 http fetch GET 200 https://registry.npmjs.org/form-data 157ms (cache miss)
59 silly packumentCache full:https://registry.npmjs.org/form-data set size:undefined disposed:false
60 silly fetch manifest domutils@^3.2.2
61 silly packumentCache full:https://registry.npmjs.org/domutils cache-miss
62 http fetch GET 200 https://registry.npmjs.org/parse5 85ms (cache miss)
63 silly packumentCache full:https://registry.npmjs.org/parse5 set size:undefined disposed:false
64 silly fetch manifest domhandler@^5.0.3
65 silly packumentCache full:https://registry.npmjs.org/domhandler cache-miss
66 http fetch GET 200 https://registry.npmjs.org/domutils 63ms (cache miss)
67 silly packumentCache full:https://registry.npmjs.org/domutils set size:undefined disposed:false
68 silly fetch manifest htmlparser2@^10.1.0
69 silly packumentCache full:https://registry.npmjs.org/htmlparser2 cache-miss
70 http fetch GET 200 https://registry.npmjs.org/domhandler 72ms (cache miss)
71 silly packumentCache full:https://registry.npmjs.org/domhandler set size:undefined disposed:false
72 silly fetch manifest cheerio-select@^2.1.0
73 silly packumentCache full:https://registry.npmjs.org/cheerio-select cache-miss
74 http fetch GET 200 https://registry.npmjs.org/undici 131ms (cache miss)
75 silly packumentCache full:https://registry.npmjs.org/undici set size:undefined disposed:false
76 silly fetch manifest dom-serializer@^2.0.0
77 silly packumentCache full:https://registry.npmjs.org/dom-serializer cache-miss
78 http fetch GET 200 https://registry.npmjs.org/htmlparser2 84ms (cache miss)
79 silly packumentCache full:https://registry.npmjs.org/htmlparser2 set size:undefined disposed:false
80 silly fetch manifest whatwg-mimetype@^4.0.0
81 silly packumentCache full:https://registry.npmjs.org/whatwg-mimetype cache-miss
82 http fetch GET 200 https://registry.npmjs.org/dom-serializer 47ms (cache miss)
83 silly packumentCache full:https://registry.npmjs.org/dom-serializer set size:undefined disposed:false
84 silly fetch manifest encoding-sniffer@^0.2.1
85 silly packumentCache full:https://registry.npmjs.org/encoding-sniffer cache-miss
86 http fetch GET 200 https://registry.npmjs.org/whatwg-mimetype 48ms (cache miss)
87 silly packumentCache full:https://registry.npmjs.org/whatwg-mimetype set size:undefined disposed:false
88 silly fetch manifest parse5-parser-stream@^7.1.2
89 silly packumentCache full:https://registry.npmjs.org/parse5-parser-stream cache-miss
90 http fetch GET 200 https://registry.npmjs.org/encoding-sniffer 53ms (cache miss)
91 silly packumentCache full:https://registry.npmjs.org/encoding-sniffer set size:undefined disposed:false
92 silly fetch manifest parse5-htmlparser2-tree-adapter@^7.1.0
93 silly packumentCache full:https://registry.npmjs.org/parse5-htmlparser2-tree-adapter cache-miss
94 http fetch GET 200 https://registry.npmjs.org/parse5-parser-stream 42ms (cache miss)
95 silly packumentCache full:https://registry.npmjs.org/parse5-parser-stream set size:undefined disposed:false
96 silly fetch manifest object-assign@^4
97 silly packumentCache full:https://registry.npmjs.org/object-assign cache-miss
98 http fetch GET 200 https://registry.npmjs.org/object-assign 49ms (cache miss)
99 silly packumentCache full:https://registry.npmjs.org/object-assign set size:undefined disposed:false
100 silly fetch manifest vary@^1
101 silly packumentCache full:https://registry.npmjs.org/vary cache-miss
102 http fetch GET 200 https://registry.npmjs.org/parse5-htmlparser2-tree-adapter 58ms (cache miss)
103 silly packumentCache full:https://registry.npmjs.org/parse5-htmlparser2-tree-adapter set size:undefined disposed:false
104 silly fetch manifest qs@^6.14.0
105 silly packumentCache full:https://registry.npmjs.org/qs cache-miss
106 http fetch GET 200 https://registry.npmjs.org/vary 36ms (cache miss)
107 silly packumentCache full:https://registry.npmjs.org/vary set size:undefined disposed:false
108 silly fetch manifest depd@^2.0.0
109 silly packumentCache full:https://registry.npmjs.org/depd cache-miss
110 http fetch GET 200 https://registry.npmjs.org/qs 72ms (cache miss)
111 silly packumentCache full:https://registry.npmjs.org/qs set size:undefined disposed:false
112 silly fetch manifest etag@^1.8.1
113 silly packumentCache full:https://registry.npmjs.org/etag cache-miss
114 http fetch GET 200 https://registry.npmjs.org/depd 57ms (cache miss)
115 silly packumentCache full:https://registry.npmjs.org/depd set size:undefined disposed:false
116 silly fetch manifest once@^1.4.0
117 silly packumentCache full:https://registry.npmjs.org/once cache-miss
118 http fetch GET 200 https://registry.npmjs.org/once 47ms (cache miss)
119 silly packumentCache full:https://registry.npmjs.org/once set size:undefined disposed:false
120 silly fetch manifest send@^1.1.0
121 silly packumentCache full:https://registry.npmjs.org/send cache-miss
122 http fetch GET 200 https://registry.npmjs.org/etag 66ms (cache miss)
123 silly packumentCache full:https://registry.npmjs.org/etag set size:undefined disposed:false
124 silly fetch manifest vary@^1.1.2
125 silly packumentCache full:https://registry.npmjs.org/vary cache-miss
126 http cache https://registry.npmjs.org/vary 34ms (cache hit)
127 silly packumentCache full:https://registry.npmjs.org/vary set size:16018 disposed:false
128 silly fetch manifest debug@^4.4.0
129 silly packumentCache full:https://registry.npmjs.org/debug cache-miss
130 http fetch GET 200 https://registry.npmjs.org/send 51ms (cache miss)
131 silly packumentCache full:https://registry.npmjs.org/send set size:undefined disposed:false
132 silly fetch manifest fresh@^2.0.0
133 silly packumentCache full:https://registry.npmjs.org/fresh cache-miss
134 http fetch GET 200 https://registry.npmjs.org/debug 44ms (cache miss)
135 silly packumentCache full:https://registry.npmjs.org/debug set size:undefined disposed:false
136 silly fetch manifest cookie@^0.7.1
137 silly packumentCache full:https://registry.npmjs.org/cookie cache-miss
138 http fetch GET 200 https://registry.npmjs.org/fresh 50ms (cache miss)
139 silly packumentCache full:https://registry.npmjs.org/fresh set size:undefined disposed:false
140 silly fetch manifest router@^2.2.0
141 silly packumentCache full:https://registry.npmjs.org/router cache-miss
142 http fetch GET 200 https://registry.npmjs.org/cookie 40ms (cache miss)
143 silly packumentCache full:https://registry.npmjs.org/cookie set size:undefined disposed:false
144 silly fetch manifest accepts@^2.0.0
145 silly packumentCache full:https://registry.npmjs.org/accepts cache-miss
146 http fetch GET 200 https://registry.npmjs.org/router 54ms (cache miss)
147 silly packumentCache full:https://registry.npmjs.org/router set size:undefined disposed:false
148 silly fetch manifest type-is@^2.0.1
149 silly packumentCache full:https://registry.npmjs.org/type-is cache-miss
150 http fetch GET 200 https://registry.npmjs.org/accepts 50ms (cache miss)
151 silly packumentCache full:https://registry.npmjs.org/accepts set size:undefined disposed:false
152 silly fetch manifest parseurl@^1.3.3
153 silly packumentCache full:https://registry.npmjs.org/parseurl cache-miss
154 http fetch GET 200 https://registry.npmjs.org/type-is 57ms (cache miss)
155 silly packumentCache full:https://registry.npmjs.org/type-is set size:undefined disposed:false
156 silly fetch manifest statuses@^2.0.1
157 silly packumentCache full:https://registry.npmjs.org/statuses cache-miss
158 http fetch GET 200 https://registry.npmjs.org/parseurl 66ms (cache miss)
159 silly packumentCache full:https://registry.npmjs.org/parseurl set size:undefined disposed:false
160 silly fetch manifest encodeurl@^2.0.0
161 silly packumentCache full:https://registry.npmjs.org/encodeurl cache-miss
162 http fetch GET 200 https://registry.npmjs.org/statuses 47ms (cache miss)
163 silly packumentCache full:https://registry.npmjs.org/statuses set size:undefined disposed:false
164 silly fetch manifest mime-types@^3.0.0
165 silly packumentCache full:https://registry.npmjs.org/mime-types cache-miss
166 http fetch GET 200 https://registry.npmjs.org/encodeurl 50ms (cache miss)
167 silly packumentCache full:https://registry.npmjs.org/encodeurl set size:undefined disposed:false
168 silly fetch manifest proxy-addr@^2.0.7
169 silly packumentCache full:https://registry.npmjs.org/proxy-addr cache-miss
170 http fetch GET 200 https://registry.npmjs.org/mime-types 57ms (cache miss)
171 silly packumentCache full:https://registry.npmjs.org/mime-types set size:undefined disposed:false
172 silly fetch manifest body-parser@^2.2.1
173 silly packumentCache full:https://registry.npmjs.org/body-parser cache-miss
174 http fetch GET 200 https://registry.npmjs.org/proxy-addr 76ms (cache miss)
175 silly packumentCache full:https://registry.npmjs.org/proxy-addr set size:undefined disposed:false
176 silly fetch manifest escape-html@^1.0.3
177 silly packumentCache full:https://registry.npmjs.org/escape-html cache-miss
178 http fetch GET 200 https://registry.npmjs.org/body-parser 70ms (cache miss)
179 silly packumentCache full:https://registry.npmjs.org/body-parser set size:undefined disposed:false
180 silly fetch manifest http-errors@^2.0.0
181 silly packumentCache full:https://registry.npmjs.org/http-errors cache-miss
182 http fetch GET 200 https://registry.npmjs.org/http-errors 46ms (cache miss)
183 silly packumentCache full:https://registry.npmjs.org/http-errors set size:undefined disposed:false
184 silly fetch manifest on-finished@^2.4.1
185 silly packumentCache full:https://registry.npmjs.org/on-finished cache-miss
186 http fetch GET 200 https://registry.npmjs.org/escape-html 94ms (cache miss)
187 silly packumentCache full:https://registry.npmjs.org/escape-html set size:undefined disposed:false
188 silly fetch manifest content-type@^1.0.5
189 silly packumentCache full:https://registry.npmjs.org/content-type cache-miss
190 http fetch GET 200 https://registry.npmjs.org/on-finished 56ms (cache miss)
191 silly packumentCache full:https://registry.npmjs.org/on-finished set size:undefined disposed:false
192 silly fetch manifest finalhandler@^2.1.0
193 silly packumentCache full:https://registry.npmjs.org/finalhandler cache-miss
194 http fetch GET 200 https://registry.npmjs.org/cheerio-select 908ms (cache miss)
195 silly packumentCache full:https://registry.npmjs.org/cheerio-select set size:undefined disposed:false
196 silly fetch manifest range-parser@^1.2.1
197 silly packumentCache full:https://registry.npmjs.org/range-parser cache-miss
198 http fetch GET 200 https://registry.npmjs.org/content-type 71ms (cache miss)
199 silly packumentCache full:https://registry.npmjs.org/content-type set size:undefined disposed:false
200 silly fetch manifest serve-static@^2.2.0
201 silly packumentCache full:https://registry.npmjs.org/serve-static cache-miss
202 http fetch GET 200 https://registry.npmjs.org/finalhandler 53ms (cache miss)
203 silly packumentCache full:https://registry.npmjs.org/finalhandler set size:undefined disposed:false
204 silly fetch manifest cookie-signature@^1.2.1
205 silly packumentCache full:https://registry.npmjs.org/cookie-signature cache-miss
206 http fetch GET 200 https://registry.npmjs.org/range-parser 61ms (cache miss)
207 silly packumentCache full:https://registry.npmjs.org/range-parser set size:undefined disposed:false
208 silly fetch manifest merge-descriptors@^2.0.0
209 silly packumentCache full:https://registry.npmjs.org/merge-descriptors cache-miss
210 http fetch GET 200 https://registry.npmjs.org/serve-static 63ms (cache miss)
211 silly packumentCache full:https://registry.npmjs.org/serve-static set size:undefined disposed:false
212 silly fetch manifest content-disposition@^1.0.0
213 silly packumentCache full:https://registry.npmjs.org/content-disposition cache-miss
214 http fetch GET 200 https://registry.npmjs.org/cookie-signature 53ms (cache miss)
215 silly packumentCache full:https://registry.npmjs.org/cookie-signature set size:undefined disposed:false
216 silly fetch manifest clone@2.x
217 silly packumentCache full:https://registry.npmjs.org/clone cache-miss
218 http fetch GET 200 https://registry.npmjs.org/merge-descriptors 54ms (cache miss)
219 silly packumentCache full:https://registry.npmjs.org/merge-descriptors set size:undefined disposed:false
220 http fetch GET 200 https://registry.npmjs.org/content-disposition 41ms (cache miss)
221 silly packumentCache full:https://registry.npmjs.org/content-disposition set size:undefined disposed:false
222 http fetch GET 200 https://registry.npmjs.org/clone 52ms (cache miss)
223 silly packumentCache full:https://registry.npmjs.org/clone set size:undefined disposed:false
224 silly placeDep ROOT follow-redirects@1.15.11 OK for: axios@1.13.6 want: ^1.15.11
225 silly placeDep ROOT form-data@4.0.5 OK for: axios@1.13.6 want: ^4.0.5
226 silly placeDep ROOT proxy-from-env@1.1.0 OK for: axios@1.13.6 want: ^1.1.0
227 silly fetch manifest asynckit@^0.4.0
228 silly packumentCache full:https://registry.npmjs.org/asynckit cache-miss
229 silly fetch manifest combined-stream@^1.0.8
230 silly packumentCache full:https://registry.npmjs.org/combined-stream cache-miss
231 silly fetch manifest es-set-tostringtag@^2.1.0
232 silly packumentCache full:https://registry.npmjs.org/es-set-tostringtag cache-miss
233 http fetch GET 200 https://registry.npmjs.org/combined-stream 64ms (cache miss)
234 silly packumentCache full:https://registry.npmjs.org/combined-stream set size:undefined disposed:false
235 silly fetch manifest hasown@^2.0.2
236 silly packumentCache full:https://registry.npmjs.org/hasown cache-miss
237 http fetch GET 200 https://registry.npmjs.org/es-set-tostringtag 67ms (cache miss)
238 silly packumentCache full:https://registry.npmjs.org/es-set-tostringtag set size:undefined disposed:false
239 silly fetch manifest mime-types@^2.1.12
240 silly packumentCache full:https://registry.npmjs.org/mime-types cache-miss
241 http fetch GET 200 https://registry.npmjs.org/asynckit 78ms (cache miss)
242 silly packumentCache full:https://registry.npmjs.org/asynckit set size:undefined disposed:false
243 http cache https://registry.npmjs.org/mime-types 12ms (cache hit)
244 silly packumentCache full:https://registry.npmjs.org/mime-types set size:139110 disposed:false
245 http fetch GET 200 https://registry.npmjs.org/hasown 41ms (cache miss)
246 silly packumentCache full:https://registry.npmjs.org/hasown set size:undefined disposed:false
247 silly placeDep ROOT cheerio-select@2.1.0 OK for: cheerio@1.2.0 want: ^2.1.0
248 silly placeDep ROOT dom-serializer@2.0.0 OK for: cheerio@1.2.0 want: ^2.0.0
249 silly placeDep ROOT domhandler@5.0.3 OK for: cheerio@1.2.0 want: ^5.0.3
250 silly placeDep ROOT domutils@3.2.2 OK for: cheerio@1.2.0 want: ^3.2.2
251 silly placeDep ROOT encoding-sniffer@0.2.1 OK for: cheerio@1.2.0 want: ^0.2.1
252 silly placeDep ROOT htmlparser2@10.1.0 OK for: cheerio@1.2.0 want: ^10.1.0
253 silly placeDep ROOT parse5@7.3.0 OK for: cheerio@1.2.0 want: ^7.3.0
254 silly placeDep ROOT parse5-htmlparser2-tree-adapter@7.1.0 OK for: cheerio@1.2.0 want: ^7.1.0
255 silly placeDep ROOT parse5-parser-stream@7.1.2 OK for: cheerio@1.2.0 want: ^7.1.2
256 silly placeDep ROOT undici@7.22.0 OK for: cheerio@1.2.0 want: ^7.19.0
257 silly placeDep ROOT whatwg-mimetype@4.0.0 OK for: cheerio@1.2.0 want: ^4.0.0
258 silly fetch manifest boolbase@^1.0.0
259 silly packumentCache full:https://registry.npmjs.org/boolbase cache-miss
260 silly fetch manifest css-what@^6.1.0
261 silly packumentCache full:https://registry.npmjs.org/css-what cache-miss
262 silly fetch manifest domutils@^3.0.1
263 silly packumentCache full:https://registry.npmjs.org/domutils cache-miss
264 http cache https://registry.npmjs.org/domutils 9ms (cache hit)
265 silly packumentCache full:https://registry.npmjs.org/domutils set size:102772 disposed:false
266 silly fetch manifest css-select@^5.1.0
267 silly packumentCache full:https://registry.npmjs.org/css-select cache-miss
268 http fetch GET 200 https://registry.npmjs.org/boolbase 57ms (cache miss)
269 silly packumentCache full:https://registry.npmjs.org/boolbase set size:undefined disposed:false
270 silly fetch manifest domelementtype@^2.3.0
271 silly packumentCache full:https://registry.npmjs.org/domelementtype cache-miss
272 http fetch GET 200 https://registry.npmjs.org/css-what 70ms (cache miss)
273 silly packumentCache full:https://registry.npmjs.org/css-what set size:undefined disposed:false
274 silly fetch manifest entities@^4.2.0
275 silly packumentCache full:https://registry.npmjs.org/entities cache-miss
276 http fetch GET 200 https://registry.npmjs.org/css-select 69ms (cache miss)
277 silly packumentCache full:https://registry.npmjs.org/css-select set size:undefined disposed:false
278 silly fetch manifest domhandler@^5.0.2
279 silly packumentCache full:https://registry.npmjs.org/domhandler cache-miss
280 http cache https://registry.npmjs.org/domhandler 25ms (cache hit)
281 silly packumentCache full:https://registry.npmjs.org/domhandler set size:73300 disposed:false
282 silly fetch manifest domelementtype@^2.3.0
283 silly packumentCache full:https://registry.npmjs.org/domelementtype cache-miss
284 http fetch GET 200 https://registry.npmjs.org/domelementtype 67ms (cache miss)
285 silly packumentCache full:https://registry.npmjs.org/domelementtype set size:undefined disposed:false
286 silly fetch manifest iconv-lite@^0.6.3
287 silly packumentCache full:https://registry.npmjs.org/iconv-lite cache-miss
288 http fetch GET 200 https://registry.npmjs.org/entities 74ms (cache miss)
289 silly packumentCache full:https://registry.npmjs.org/entities set size:undefined disposed:false
290 silly fetch manifest whatwg-encoding@^3.1.1
291 silly packumentCache full:https://registry.npmjs.org/whatwg-encoding cache-miss
292 http fetch GET 200 https://registry.npmjs.org/domelementtype 49ms (cache miss)
293 silly packumentCache full:https://registry.npmjs.org/domelementtype set size:undefined disposed:false
294 silly fetch manifest entities@^7.0.1
295 silly packumentCache full:https://registry.npmjs.org/entities cache-miss
296 http cache https://registry.npmjs.org/entities 30ms (cache hit)
297 silly packumentCache full:https://registry.npmjs.org/entities set size:99036 disposed:false
298 silly fetch manifest entities@^6.0.0
299 silly packumentCache full:https://registry.npmjs.org/entities cache-hit
300 http fetch GET 200 https://registry.npmjs.org/iconv-lite 71ms (cache miss)
301 silly packumentCache full:https://registry.npmjs.org/iconv-lite set size:undefined disposed:false
302 http fetch GET 200 https://registry.npmjs.org/whatwg-encoding 78ms (cache miss)
303 silly packumentCache full:https://registry.npmjs.org/whatwg-encoding set size:undefined disposed:false
304 silly placeDep ROOT boolbase@1.0.0 OK for: cheerio-select@2.1.0 want: ^1.0.0
305 silly placeDep ROOT css-select@5.2.2 OK for: cheerio-select@2.1.0 want: ^5.1.0
306 silly placeDep ROOT css-what@6.2.2 OK for: cheerio-select@2.1.0 want: ^6.1.0
307 silly placeDep ROOT domelementtype@2.3.0 OK for: cheerio-select@2.1.0 want: ^2.3.0
308 silly fetch manifest nth-check@^2.0.1
309 silly packumentCache full:https://registry.npmjs.org/nth-check cache-miss
310 http fetch GET 200 https://registry.npmjs.org/nth-check 45ms (cache miss)
311 silly packumentCache full:https://registry.npmjs.org/nth-check set size:undefined disposed:false
312 silly placeDep ROOT object-assign@4.1.1 OK for: cors@2.8.6 want: ^4
313 silly placeDep ROOT vary@1.1.2 OK for: cors@2.8.6 want: ^1
314 silly placeDep ROOT nth-check@2.1.1 OK for: css-select@5.2.2 want: ^2.0.1
315 silly placeDep ROOT entities@4.5.0 OK for: dom-serializer@2.0.0 want: ^4.2.0
316 silly placeDep ROOT iconv-lite@0.6.3 OK for: encoding-sniffer@0.2.1 want: ^0.6.3
317 silly placeDep ROOT whatwg-encoding@3.1.1 OK for: encoding-sniffer@0.2.1 want: ^3.1.1
318 silly fetch manifest safer-buffer@>= 2.1.2 < 3.0.0
319 silly packumentCache full:https://registry.npmjs.org/safer-buffer cache-miss
320 http fetch GET 200 https://registry.npmjs.org/safer-buffer 44ms (cache miss)
321 silly packumentCache full:https://registry.npmjs.org/safer-buffer set size:undefined disposed:false
322 silly placeDep ROOT accepts@2.0.0 OK for: express@5.2.1 want: ^2.0.0
323 silly placeDep ROOT body-parser@2.2.2 OK for: express@5.2.1 want: ^2.2.1
324 silly placeDep ROOT content-disposition@1.0.1 OK for: express@5.2.1 want: ^1.0.0
325 silly placeDep ROOT content-type@1.0.5 OK for: express@5.2.1 want: ^1.0.5
326 silly placeDep ROOT cookie@0.7.2 OK for: express@5.2.1 want: ^0.7.1
327 silly placeDep ROOT cookie-signature@1.2.2 OK for: express@5.2.1 want: ^1.2.1
328 silly placeDep ROOT debug@4.4.3 OK for: express@5.2.1 want: ^4.4.0
329 silly placeDep ROOT depd@2.0.0 OK for: express@5.2.1 want: ^2.0.0
330 silly placeDep ROOT encodeurl@2.0.0 OK for: express@5.2.1 want: ^2.0.0
331 silly placeDep ROOT escape-html@1.0.3 OK for: express@5.2.1 want: ^1.0.3
332 silly placeDep ROOT etag@1.8.1 OK for: express@5.2.1 want: ^1.8.1
333 silly placeDep ROOT finalhandler@2.1.1 OK for: express@5.2.1 want: ^2.1.0
334 silly placeDep ROOT fresh@2.0.0 OK for: express@5.2.1 want: ^2.0.0
335 silly placeDep ROOT http-errors@2.0.1 OK for: express@5.2.1 want: ^2.0.0
336 silly placeDep ROOT merge-descriptors@2.0.0 OK for: express@5.2.1 want: ^2.0.0
337 silly placeDep ROOT mime-types@3.0.2 OK for: express@5.2.1 want: ^3.0.0
338 silly placeDep ROOT on-finished@2.4.1 OK for: express@5.2.1 want: ^2.4.1
339 silly placeDep ROOT once@1.4.0 OK for: express@5.2.1 want: ^1.4.0
340 silly placeDep ROOT parseurl@1.3.3 OK for: express@5.2.1 want: ^1.3.3
341 silly placeDep ROOT proxy-addr@2.0.7 OK for: express@5.2.1 want: ^2.0.7
342 silly placeDep ROOT qs@6.15.0 OK for: express@5.2.1 want: ^6.14.0
343 silly placeDep ROOT range-parser@1.2.1 OK for: express@5.2.1 want: ^1.2.1
344 silly placeDep ROOT router@2.2.0 OK for: express@5.2.1 want: ^2.2.0
345 silly placeDep ROOT send@1.2.1 OK for: express@5.2.1 want: ^1.1.0
346 silly placeDep ROOT serve-static@2.2.1 OK for: express@5.2.1 want: ^2.2.0
347 silly placeDep ROOT statuses@2.0.2 OK for: express@5.2.1 want: ^2.0.1
348 silly placeDep ROOT type-is@2.0.1 OK for: express@5.2.1 want: ^2.0.1
349 silly fetch manifest negotiator@^1.0.0
350 silly packumentCache full:https://registry.npmjs.org/negotiator cache-miss
351 silly fetch manifest bytes@^3.1.2
352 silly packumentCache full:https://registry.npmjs.org/bytes cache-miss
353 silly fetch manifest debug@^4.4.3
354 silly packumentCache full:https://registry.npmjs.org/debug cache-miss
355 http cache https://registry.npmjs.org/debug 126ms (cache hit)
356 silly packumentCache full:https://registry.npmjs.org/debug set size:195840 disposed:false
357 silly fetch manifest iconv-lite@^0.7.0
358 silly packumentCache full:https://registry.npmjs.org/iconv-lite cache-miss
359 http fetch GET 200 https://registry.npmjs.org/negotiator 142ms (cache miss)
360 silly packumentCache full:https://registry.npmjs.org/negotiator set size:undefined disposed:false
361 silly fetch manifest qs@^6.14.1
362 silly packumentCache full:https://registry.npmjs.org/qs cache-miss
363 http fetch GET 200 https://registry.npmjs.org/bytes 144ms (cache miss)
364 silly packumentCache full:https://registry.npmjs.org/bytes set size:undefined disposed:false
365 silly fetch manifest raw-body@^3.0.1
366 silly packumentCache full:https://registry.npmjs.org/raw-body cache-miss
367 http cache https://registry.npmjs.org/iconv-lite 18ms (cache hit)
368 silly packumentCache full:https://registry.npmjs.org/iconv-lite set size:120557 disposed:false
369 silly fetch manifest ms@^2.1.3
370 silly packumentCache full:https://registry.npmjs.org/ms cache-miss
371 http cache https://registry.npmjs.org/qs 18ms (cache hit)
372 silly packumentCache full:https://registry.npmjs.org/qs set size:350258 disposed:false
373 silly fetch manifest inherits@~2.0.4
374 silly packumentCache full:https://registry.npmjs.org/inherits cache-miss
375 http fetch GET 200 https://registry.npmjs.org/raw-body 125ms (cache miss)
376 silly packumentCache full:https://registry.npmjs.org/raw-body set size:undefined disposed:false
377 silly fetch manifest setprototypeof@~1.2.0
378 silly packumentCache full:https://registry.npmjs.org/setprototypeof cache-miss
379 http fetch GET 200 https://registry.npmjs.org/ms 129ms (cache miss)
380 silly packumentCache full:https://registry.npmjs.org/ms set size:undefined disposed:false
381 silly fetch manifest statuses@~2.0.2
382 silly packumentCache full:https://registry.npmjs.org/statuses cache-miss
383 http fetch GET 200 https://registry.npmjs.org/inherits 92ms (cache miss)
384 silly packumentCache full:https://registry.npmjs.org/inherits set size:undefined disposed:false
385 silly fetch manifest toidentifier@~1.0.1
386 silly packumentCache full:https://registry.npmjs.org/toidentifier cache-miss
387 http cache https://registry.npmjs.org/statuses 20ms (cache hit)
388 silly packumentCache full:https://registry.npmjs.org/statuses set size:37117 disposed:false
389 silly fetch manifest mime-db@^1.54.0
390 silly packumentCache full:https://registry.npmjs.org/mime-db cache-miss
391 http fetch GET 200 https://registry.npmjs.org/toidentifier 39ms (cache miss)
392 silly packumentCache full:https://registry.npmjs.org/toidentifier set size:undefined disposed:false
393 silly fetch manifest ee-first@1.1.1
394 silly packumentCache full:https://registry.npmjs.org/ee-first cache-miss
395 http fetch GET 200 https://registry.npmjs.org/mime-db 60ms (cache miss)
396 silly packumentCache full:https://registry.npmjs.org/mime-db set size:undefined disposed:false
397 silly fetch manifest wrappy@1
398 silly packumentCache full:https://registry.npmjs.org/wrappy cache-miss
399 http fetch GET 200 https://registry.npmjs.org/ee-first 49ms (cache miss)
400 silly packumentCache full:https://registry.npmjs.org/ee-first set size:undefined disposed:false
401 silly fetch manifest forwarded@0.2.0
402 silly packumentCache full:https://registry.npmjs.org/forwarded cache-miss
403 http fetch GET 200 https://registry.npmjs.org/wrappy 38ms (cache miss)
404 silly packumentCache full:https://registry.npmjs.org/wrappy set size:undefined disposed:false
405 silly fetch manifest ipaddr.js@1.9.1
406 silly packumentCache full:https://registry.npmjs.org/ipaddr.js cache-miss
407 http fetch GET 200 https://registry.npmjs.org/forwarded 44ms (cache miss)
408 silly packumentCache full:https://registry.npmjs.org/forwarded set size:undefined disposed:false
409 silly fetch manifest side-channel@^1.1.0
410 silly packumentCache full:https://registry.npmjs.org/side-channel cache-miss
411 http fetch GET 200 https://registry.npmjs.org/ipaddr.js 47ms (cache miss)
412 silly packumentCache full:https://registry.npmjs.org/ipaddr.js set size:undefined disposed:false
413 silly fetch manifest is-promise@^4.0.0
414 silly packumentCache full:https://registry.npmjs.org/is-promise cache-miss
415 http fetch GET 200 https://registry.npmjs.org/side-channel 43ms (cache miss)
416 silly packumentCache full:https://registry.npmjs.org/side-channel set size:undefined disposed:false
417 silly fetch manifest path-to-regexp@^8.0.0
418 silly packumentCache full:https://registry.npmjs.org/path-to-regexp cache-miss
419 http fetch GET 200 https://registry.npmjs.org/is-promise 40ms (cache miss)
420 silly packumentCache full:https://registry.npmjs.org/is-promise set size:undefined disposed:false
421 silly fetch manifest statuses@^2.0.2
422 silly packumentCache full:https://registry.npmjs.org/statuses cache-hit
423 silly fetch manifest media-typer@^1.1.0
424 silly packumentCache full:https://registry.npmjs.org/media-typer cache-miss
425 http fetch GET 200 https://registry.npmjs.org/media-typer 42ms (cache miss)
426 silly packumentCache full:https://registry.npmjs.org/media-typer set size:undefined disposed:false
427 http fetch GET 200 https://registry.npmjs.org/path-to-regexp 67ms (cache miss)
428 silly packumentCache full:https://registry.npmjs.org/path-to-regexp set size:undefined disposed:false
429 http fetch GET 200 https://registry.npmjs.org/setprototypeof 325ms (cache miss)
430 silly packumentCache full:https://registry.npmjs.org/setprototypeof set size:undefined disposed:false
431 silly placeDep ROOT negotiator@1.0.0 OK for: accepts@2.0.0 want: ^1.0.0
432 silly placeDep ROOT bytes@3.1.2 OK for: body-parser@2.2.2 want: ^3.1.2
433 silly placeDep node_modules/body-parser iconv-lite@0.7.2 OK for: body-parser@2.2.2 want: ^0.7.0
434 silly placeDep ROOT raw-body@3.0.2 OK for: body-parser@2.2.2 want: ^3.0.1
435 silly fetch manifest unpipe@~1.0.0
436 silly packumentCache full:https://registry.npmjs.org/unpipe cache-miss
437 silly fetch manifest iconv-lite@~0.7.0
438 silly packumentCache full:https://registry.npmjs.org/iconv-lite cache-hit
439 http fetch GET 200 https://registry.npmjs.org/unpipe 54ms (cache miss)
440 silly packumentCache full:https://registry.npmjs.org/unpipe set size:undefined disposed:false
441 silly placeDep ROOT ms@2.1.3 OK for: debug@4.4.3 want: ^2.1.3
442 silly placeDep ROOT asynckit@0.4.0 OK for: form-data@4.0.5 want: ^0.4.0
443 silly placeDep ROOT combined-stream@1.0.8 OK for: form-data@4.0.5 want: ^1.0.8
444 silly placeDep ROOT es-set-tostringtag@2.1.0 OK for: form-data@4.0.5 want: ^2.1.0
445 silly placeDep ROOT hasown@2.0.2 OK for: form-data@4.0.5 want: ^2.0.2
446 silly placeDep node_modules/form-data mime-types@2.1.35 OK for: form-data@4.0.5 want: ^2.1.12
447 silly fetch manifest delayed-stream@~1.0.0
448 silly packumentCache full:https://registry.npmjs.org/delayed-stream cache-miss
449 silly fetch manifest es-errors@^1.3.0
450 silly packumentCache full:https://registry.npmjs.org/es-errors cache-miss
451 silly fetch manifest get-intrinsic@^1.2.6
452 silly packumentCache full:https://registry.npmjs.org/get-intrinsic cache-miss
453 http fetch GET 200 https://registry.npmjs.org/get-intrinsic 55ms (cache miss)
454 silly packumentCache full:https://registry.npmjs.org/get-intrinsic set size:undefined disposed:false
455 silly fetch manifest has-tostringtag@^1.0.2
456 silly packumentCache full:https://registry.npmjs.org/has-tostringtag cache-miss
457 http fetch GET 200 https://registry.npmjs.org/delayed-stream 62ms (cache miss)
458 silly packumentCache full:https://registry.npmjs.org/delayed-stream set size:undefined disposed:false
459 silly fetch manifest function-bind@^1.1.2
460 silly packumentCache full:https://registry.npmjs.org/function-bind cache-miss
461 http fetch GET 200 https://registry.npmjs.org/es-errors 69ms (cache miss)
462 silly packumentCache full:https://registry.npmjs.org/es-errors set size:undefined disposed:false
463 silly fetch manifest mime-db@1.52.0
464 silly packumentCache full:https://registry.npmjs.org/mime-db cache-miss
465 http cache https://registry.npmjs.org/mime-db 118ms (cache hit)
466 silly packumentCache full:https://registry.npmjs.org/mime-db set size:164953 disposed:false
467 http fetch GET 200 https://registry.npmjs.org/has-tostringtag 144ms (cache miss)
468 silly packumentCache full:https://registry.npmjs.org/has-tostringtag set size:undefined disposed:false
469 http fetch GET 200 https://registry.npmjs.org/function-bind 140ms (cache miss)
470 silly packumentCache full:https://registry.npmjs.org/function-bind set size:undefined disposed:false
471 silly placeDep ROOT delayed-stream@1.0.0 OK for: combined-stream@1.0.8 want: ~1.0.0
472 silly placeDep ROOT es-errors@1.3.0 OK for: es-set-tostringtag@2.1.0 want: ^1.3.0
473 silly placeDep ROOT get-intrinsic@1.3.0 OK for: es-set-tostringtag@2.1.0 want: ^1.2.6
474 silly placeDep ROOT has-tostringtag@1.0.2 OK for: es-set-tostringtag@2.1.0 want: ^1.0.2
475 silly fetch manifest gopd@^1.2.0
476 silly packumentCache full:https://registry.npmjs.org/gopd cache-miss
477 silly fetch manifest get-proto@^1.0.1
478 silly packumentCache full:https://registry.npmjs.org/get-proto cache-miss
479 silly fetch manifest has-symbols@^1.1.0
480 silly packumentCache full:https://registry.npmjs.org/has-symbols cache-miss
481 http fetch GET 200 https://registry.npmjs.org/get-proto 41ms (cache miss)
482 silly packumentCache full:https://registry.npmjs.org/get-proto set size:undefined disposed:false
483 silly fetch manifest es-object-atoms@^1.1.1
484 silly packumentCache full:https://registry.npmjs.org/es-object-atoms cache-miss
485 http fetch GET 200 https://registry.npmjs.org/gopd 56ms (cache miss)
486 silly packumentCache full:https://registry.npmjs.org/gopd set size:undefined disposed:false
487 silly fetch manifest math-intrinsics@^1.1.0
488 silly packumentCache full:https://registry.npmjs.org/math-intrinsics cache-miss
489 http fetch GET 200 https://registry.npmjs.org/es-object-atoms 37ms (cache miss)
490 silly packumentCache full:https://registry.npmjs.org/es-object-atoms set size:undefined disposed:false
491 silly fetch manifest es-define-property@^1.0.1
492 silly packumentCache full:https://registry.npmjs.org/es-define-property cache-miss
493 http fetch GET 200 https://registry.npmjs.org/math-intrinsics 48ms (cache miss)
494 silly packumentCache full:https://registry.npmjs.org/math-intrinsics set size:undefined disposed:false
495 silly fetch manifest call-bind-apply-helpers@^1.0.2
496 silly packumentCache full:https://registry.npmjs.org/call-bind-apply-helpers cache-miss
497 http fetch GET 200 https://registry.npmjs.org/es-define-property 53ms (cache miss)
498 silly packumentCache full:https://registry.npmjs.org/es-define-property set size:undefined disposed:false
499 silly fetch manifest has-symbols@^1.0.3
500 silly packumentCache full:https://registry.npmjs.org/has-symbols cache-miss
501 http fetch GET 200 https://registry.npmjs.org/call-bind-apply-helpers 43ms (cache miss)
502 silly packumentCache full:https://registry.npmjs.org/call-bind-apply-helpers set size:undefined disposed:false
503 http fetch GET 200 https://registry.npmjs.org/has-symbols 97ms (cache miss)
504 silly packumentCache full:https://registry.npmjs.org/has-symbols set size:undefined disposed:false
505 http fetch GET 200 https://registry.npmjs.org/has-symbols 242ms (cache miss)
506 silly packumentCache full:https://registry.npmjs.org/has-symbols set size:undefined disposed:false
507 silly placeDep ROOT call-bind-apply-helpers@1.0.2 OK for: get-intrinsic@1.3.0 want: ^1.0.2
508 silly placeDep ROOT es-define-property@1.0.1 OK for: get-intrinsic@1.3.0 want: ^1.0.1
509 silly placeDep ROOT es-object-atoms@1.1.1 OK for: get-intrinsic@1.3.0 want: ^1.1.1
510 silly placeDep ROOT function-bind@1.1.2 OK for: get-intrinsic@1.3.0 want: ^1.1.2
511 silly placeDep ROOT get-proto@1.0.1 OK for: get-intrinsic@1.3.0 want: ^1.0.1
512 silly placeDep ROOT gopd@1.2.0 OK for: get-intrinsic@1.3.0 want: ^1.2.0
513 silly placeDep ROOT has-symbols@1.1.0 OK for: get-intrinsic@1.3.0 want: ^1.1.0
514 silly placeDep ROOT math-intrinsics@1.1.0 OK for: get-intrinsic@1.3.0 want: ^1.1.0
515 silly fetch manifest dunder-proto@^1.0.1
516 silly packumentCache full:https://registry.npmjs.org/dunder-proto cache-miss
517 http fetch GET 200 https://registry.npmjs.org/dunder-proto 53ms (cache miss)
518 silly packumentCache full:https://registry.npmjs.org/dunder-proto set size:undefined disposed:false
519 silly placeDep ROOT dunder-proto@1.0.1 OK for: get-proto@1.0.1 want: ^1.0.1
520 silly placeDep node_modules/htmlparser2 entities@7.0.1 OK for: htmlparser2@10.1.0 want: ^7.0.1
521 silly placeDep ROOT inherits@2.0.4 OK for: http-errors@2.0.1 want: ~2.0.4
522 silly placeDep ROOT setprototypeof@1.2.0 OK for: http-errors@2.0.1 want: ~1.2.0
523 silly placeDep ROOT toidentifier@1.0.1 OK for: http-errors@2.0.1 want: ~1.0.1
524 silly placeDep ROOT safer-buffer@2.1.2 OK for: iconv-lite@0.6.3 want: >= 2.1.2 < 3.0.0
525 silly placeDep ROOT mime-db@1.54.0 OK for: mime-types@3.0.2 want: ^1.54.0
526 silly placeDep ROOT clone@2.1.2 OK for: node-cache@5.1.2 want: 2.x
527 silly placeDep ROOT ee-first@1.1.1 OK for: on-finished@2.4.1 want: 1.1.1
528 silly placeDep ROOT wrappy@1.0.2 OK for: once@1.4.0 want: 1
529 silly placeDep node_modules/parse5 entities@6.0.1 OK for: parse5@7.3.0 want: ^6.0.0
530 silly placeDep ROOT forwarded@0.2.0 OK for: proxy-addr@2.0.7 want: 0.2.0
531 silly placeDep ROOT ipaddr.js@1.9.1 OK for: proxy-addr@2.0.7 want: 1.9.1
532 silly placeDep ROOT side-channel@1.1.0 OK for: qs@6.15.0 want: ^1.1.0
533 silly fetch manifest object-inspect@^1.13.3
534 silly packumentCache full:https://registry.npmjs.org/object-inspect cache-miss
535 silly fetch manifest side-channel-list@^1.0.0
536 silly packumentCache full:https://registry.npmjs.org/side-channel-list cache-miss
537 silly fetch manifest side-channel-map@^1.0.1
538 silly packumentCache full:https://registry.npmjs.org/side-channel-map cache-miss
539 http fetch GET 200 https://registry.npmjs.org/side-channel-map 60ms (cache miss)
540 silly packumentCache full:https://registry.npmjs.org/side-channel-map set size:undefined disposed:false
541 silly fetch manifest side-channel-weakmap@^1.0.2
542 silly packumentCache full:https://registry.npmjs.org/side-channel-weakmap cache-miss
543 http fetch GET 200 https://registry.npmjs.org/side-channel-list 64ms (cache miss)
544 silly packumentCache full:https://registry.npmjs.org/side-channel-list set size:undefined disposed:false
545 http fetch GET 200 https://registry.npmjs.org/object-inspect 68ms (cache miss)
546 silly packumentCache full:https://registry.npmjs.org/object-inspect set size:undefined disposed:false
547 http fetch GET 200 https://registry.npmjs.org/side-channel-weakmap 46ms (cache miss)
548 silly packumentCache full:https://registry.npmjs.org/side-channel-weakmap set size:undefined disposed:false
549 silly placeDep node_modules/raw-body iconv-lite@0.7.2 OK for: raw-body@3.0.2 want: ~0.7.0
550 silly placeDep ROOT unpipe@1.0.0 OK for: raw-body@3.0.2 want: ~1.0.0
551 silly placeDep ROOT is-promise@4.0.0 OK for: router@2.2.0 want: ^4.0.0
552 silly placeDep ROOT path-to-regexp@8.3.0 OK for: router@2.2.0 want: ^8.0.0
553 silly placeDep ROOT object-inspect@1.13.4 OK for: side-channel@1.1.0 want: ^1.13.3
554 silly placeDep ROOT side-channel-list@1.0.0 OK for: side-channel@1.1.0 want: ^1.0.0
555 silly placeDep ROOT side-channel-map@1.0.1 OK for: side-channel@1.1.0 want: ^1.0.1
556 silly placeDep ROOT side-channel-weakmap@1.0.2 OK for: side-channel@1.1.0 want: ^1.0.2
557 silly fetch manifest call-bound@^1.0.2
558 silly packumentCache full:https://registry.npmjs.org/call-bound cache-miss
559 silly fetch manifest call-bound@^1.0.2
560 silly packumentCache full:https://registry.npmjs.org/call-bound cache-miss
561 http fetch GET 200 https://registry.npmjs.org/call-bound 42ms (cache miss)
562 silly packumentCache full:https://registry.npmjs.org/call-bound set size:undefined disposed:false
563 http fetch GET 200 https://registry.npmjs.org/call-bound 48ms (cache miss)
564 silly packumentCache full:https://registry.npmjs.org/call-bound set size:undefined disposed:false
565 silly placeDep ROOT call-bound@1.0.4 OK for: side-channel-map@1.0.1 want: ^1.0.2
566 silly placeDep ROOT media-typer@1.1.0 OK for: type-is@2.0.1 want: ^1.1.0
567 silly placeDep node_modules/form-data mime-db@1.52.0 OK for: mime-types@2.1.35 want: 1.52.0
568 silly reify moves {}
569 silly audit bulk request {
569 silly audit   axios: [ '1.13.6' ],
569 silly audit   cheerio: [ '1.2.0' ],
569 silly audit   cors: [ '2.8.6' ],
569 silly audit   dotenv: [ '17.3.1' ],
569 silly audit   express: [ '5.2.1' ],
569 silly audit   'node-cache': [ '5.1.2' ],
569 silly audit   'follow-redirects': [ '1.15.11' ],
569 silly audit   'form-data': [ '4.0.5' ],
569 silly audit   'proxy-from-env': [ '1.1.0' ],
569 silly audit   'cheerio-select': [ '2.1.0' ],
569 silly audit   'dom-serializer': [ '2.0.0' ],
569 silly audit   domhandler: [ '5.0.3' ],
569 silly audit   domutils: [ '3.2.2' ],
569 silly audit   'encoding-sniffer': [ '0.2.1' ],
569 silly audit   htmlparser2: [ '10.1.0' ],
569 silly audit   parse5: [ '7.3.0' ],
569 silly audit   'parse5-htmlparser2-tree-adapter': [ '7.1.0' ],
569 silly audit   'parse5-parser-stream': [ '7.1.2' ],
569 silly audit   undici: [ '7.22.0' ],
569 silly audit   'whatwg-mimetype': [ '4.0.0' ],
569 silly audit   boolbase: [ '1.0.0' ],
569 silly audit   'css-select': [ '5.2.2' ],
569 silly audit   'css-what': [ '6.2.2' ],
569 silly audit   domelementtype: [ '2.3.0' ],
569 silly audit   'object-assign': [ '4.1.1' ],
569 silly audit   vary: [ '1.1.2' ],
569 silly audit   'nth-check': [ '2.1.1' ],
569 silly audit   entities: [ '4.5.0', '7.0.1', '6.0.1' ],
569 silly audit   'iconv-lite': [ '0.6.3', '0.7.2' ],
569 silly audit   'whatwg-encoding': [ '3.1.1' ],
569 silly audit   accepts: [ '2.0.0' ],
569 silly audit   'body-parser': [ '2.2.2' ],
569 silly audit   'content-disposition': [ '1.0.1' ],
569 silly audit   'content-type': [ '1.0.5' ],
569 silly audit   cookie: [ '0.7.2' ],
569 silly audit   'cookie-signature': [ '1.2.2' ],
569 silly audit   debug: [ '4.4.3' ],
569 silly audit   depd: [ '2.0.0' ],
569 silly audit   encodeurl: [ '2.0.0' ],
569 silly audit   'escape-html': [ '1.0.3' ],
569 silly audit   etag: [ '1.8.1' ],
569 silly audit   finalhandler: [ '2.1.1' ],
569 silly audit   fresh: [ '2.0.0' ],
569 silly audit   'http-errors': [ '2.0.1' ],
569 silly audit   'merge-descriptors': [ '2.0.0' ],
569 silly audit   'mime-types': [ '3.0.2', '2.1.35' ],
569 silly audit   'on-finished': [ '2.4.1' ],
569 silly audit   once: [ '1.4.0' ],
569 silly audit   parseurl: [ '1.3.3' ],
569 silly audit   'proxy-addr': [ '2.0.7' ],
569 silly audit   qs: [ '6.15.0' ],
569 silly audit   'range-parser': [ '1.2.1' ],
569 silly audit   router: [ '2.2.0' ],
569 silly audit   send: [ '1.2.1' ],
569 silly audit   'serve-static': [ '2.2.1' ],
569 silly audit   statuses: [ '2.0.2' ],
569 silly audit   'type-is': [ '2.0.1' ],
569 silly audit   negotiator: [ '1.0.0' ],
569 silly audit   bytes: [ '3.1.2' ],
569 silly audit   'raw-body': [ '3.0.2' ],
569 silly audit   ms: [ '2.1.3' ],
569 silly audit   asynckit: [ '0.4.0' ],
569 silly audit   'combined-stream': [ '1.0.8' ],
569 silly audit   'es-set-tostringtag': [ '2.1.0' ],
569 silly audit   hasown: [ '2.0.2' ],
569 silly audit   'delayed-stream': [ '1.0.0' ],
569 silly audit   'es-errors': [ '1.3.0' ],
569 silly audit   'get-intrinsic': [ '1.3.0' ],
569 silly audit   'has-tostringtag': [ '1.0.2' ],
569 silly audit   'call-bind-apply-helpers': [ '1.0.2' ],
569 silly audit   'es-define-property': [ '1.0.1' ],
569 silly audit   'es-object-atoms': [ '1.1.1' ],
569 silly audit   'function-bind': [ '1.1.2' ],
569 silly audit   'get-proto': [ '1.0.1' ],
569 silly audit   gopd: [ '1.2.0' ],
569 silly audit   'has-symbols': [ '1.1.0' ],
569 silly audit   'math-intrinsics': [ '1.1.0' ],
569 silly audit   'dunder-proto': [ '1.0.1' ],
569 silly audit   inherits: [ '2.0.4' ],
569 silly audit   setprototypeof: [ '1.2.0' ],
569 silly audit   toidentifier: [ '1.0.1' ],
569 silly audit   'safer-buffer': [ '2.1.2' ],
569 silly audit   'mime-db': [ '1.54.0', '1.52.0' ],
569 silly audit   clone: [ '2.1.2' ],
569 silly audit   'ee-first': [ '1.1.1' ],
569 silly audit   wrappy: [ '1.0.2' ],
569 silly audit   forwarded: [ '0.2.0' ],
569 silly audit   'ipaddr.js': [ '1.9.1' ],
569 silly audit   'side-channel': [ '1.1.0' ],
569 silly audit   unpipe: [ '1.0.0' ],
569 silly audit   'is-promise': [ '4.0.0' ],
569 silly audit   'path-to-regexp': [ '8.3.0' ],
569 silly audit   'object-inspect': [ '1.13.4' ],
569 silly audit   'side-channel-list': [ '1.0.0' ],
569 silly audit   'side-channel-map': [ '1.0.1' ],
569 silly audit   'side-channel-weakmap': [ '1.0.2' ],
569 silly audit   'call-bound': [ '1.0.4' ],
569 silly audit   'media-typer': [ '1.1.0' ]
569 silly audit }
570 http cache media-typer@https://registry.npmjs.org/media-typer/-/media-typer-1.1.0.tgz 0ms (cache hit)
571 http cache call-bound@https://registry.npmjs.org/call-bound/-/call-bound-1.0.4.tgz 0ms (cache hit)
572 http cache side-channel-weakmap@https://registry.npmjs.org/side-channel-weakmap/-/side-channel-weakmap-1.0.2.tgz 0ms (cache hit)
573 http cache side-channel-map@https://registry.npmjs.org/side-channel-map/-/side-channel-map-1.0.1.tgz 0ms (cache hit)
574 http cache side-channel-list@https://registry.npmjs.org/side-channel-list/-/side-channel-list-1.0.0.tgz 1ms (cache hit)
575 http cache is-promise@https://registry.npmjs.org/is-promise/-/is-promise-4.0.0.tgz 0ms (cache hit)
576 http cache object-inspect@https://registry.npmjs.org/object-inspect/-/object-inspect-1.13.4.tgz 0ms (cache hit)
577 http cache path-to-regexp@https://registry.npmjs.org/path-to-regexp/-/path-to-regexp-8.3.0.tgz 0ms (cache hit)
578 http cache unpipe@https://registry.npmjs.org/unpipe/-/unpipe-1.0.0.tgz 0ms (cache hit)
579 http cache side-channel@https://registry.npmjs.org/side-channel/-/side-channel-1.1.0.tgz 0ms (cache hit)
580 http cache ipaddr.js@https://registry.npmjs.org/ipaddr.js/-/ipaddr.js-1.9.1.tgz 0ms (cache hit)
581 http cache forwarded@https://registry.npmjs.org/forwarded/-/forwarded-0.2.0.tgz 0ms (cache hit)
582 http cache wrappy@https://registry.npmjs.org/wrappy/-/wrappy-1.0.2.tgz 1ms (cache hit)
583 http cache ee-first@https://registry.npmjs.org/ee-first/-/ee-first-1.1.1.tgz 0ms (cache hit)
584 http cache mime-db@https://registry.npmjs.org/mime-db/-/mime-db-1.54.0.tgz 0ms (cache hit)
585 http cache clone@https://registry.npmjs.org/clone/-/clone-2.1.2.tgz 0ms (cache hit)
586 http cache safer-buffer@https://registry.npmjs.org/safer-buffer/-/safer-buffer-2.1.2.tgz 0ms (cache hit)
587 http cache setprototypeof@https://registry.npmjs.org/setprototypeof/-/setprototypeof-1.2.0.tgz 0ms (cache hit)
588 http cache inherits@https://registry.npmjs.org/inherits/-/inherits-2.0.4.tgz 0ms (cache hit)
589 http cache toidentifier@https://registry.npmjs.org/toidentifier/-/toidentifier-1.0.1.tgz 0ms (cache hit)
590 http cache math-intrinsics@https://registry.npmjs.org/math-intrinsics/-/math-intrinsics-1.1.0.tgz 0ms (cache hit)
591 http cache has-symbols@https://registry.npmjs.org/has-symbols/-/has-symbols-1.1.0.tgz 0ms (cache hit)
592 http cache gopd@https://registry.npmjs.org/gopd/-/gopd-1.2.0.tgz 0ms (cache hit)
593 http cache dunder-proto@https://registry.npmjs.org/dunder-proto/-/dunder-proto-1.0.1.tgz 0ms (cache hit)
594 http cache get-proto@https://registry.npmjs.org/get-proto/-/get-proto-1.0.1.tgz 1ms (cache hit)
595 http cache es-object-atoms@https://registry.npmjs.org/es-object-atoms/-/es-object-atoms-1.1.1.tgz 0ms (cache hit)
596 http cache function-bind@https://registry.npmjs.org/function-bind/-/function-bind-1.1.2.tgz 0ms (cache hit)
597 http cache call-bind-apply-helpers@https://registry.npmjs.org/call-bind-apply-helpers/-/call-bind-apply-helpers-1.0.2.tgz 0ms (cache hit)
598 http cache es-define-property@https://registry.npmjs.org/es-define-property/-/es-define-property-1.0.1.tgz 0ms (cache hit)
599 http cache has-tostringtag@https://registry.npmjs.org/has-tostringtag/-/has-tostringtag-1.0.2.tgz 0ms (cache hit)
600 http cache get-intrinsic@https://registry.npmjs.org/get-intrinsic/-/get-intrinsic-1.3.0.tgz 0ms (cache hit)
601 http cache es-errors@https://registry.npmjs.org/es-errors/-/es-errors-1.3.0.tgz 0ms (cache hit)
602 http cache delayed-stream@https://registry.npmjs.org/delayed-stream/-/delayed-stream-1.0.0.tgz 0ms (cache hit)
603 http cache hasown@https://registry.npmjs.org/hasown/-/hasown-2.0.2.tgz 0ms (cache hit)
604 http cache es-set-tostringtag@https://registry.npmjs.org/es-set-tostringtag/-/es-set-tostringtag-2.1.0.tgz 0ms (cache hit)
605 http cache combined-stream@https://registry.npmjs.org/combined-stream/-/combined-stream-1.0.8.tgz 0ms (cache hit)
606 http cache ms@https://registry.npmjs.org/ms/-/ms-2.1.3.tgz 0ms (cache hit)
607 http cache asynckit@https://registry.npmjs.org/asynckit/-/asynckit-0.4.0.tgz 0ms (cache hit)
608 http cache bytes@https://registry.npmjs.org/bytes/-/bytes-3.1.2.tgz 0ms (cache hit)
609 http cache raw-body@https://registry.npmjs.org/raw-body/-/raw-body-3.0.2.tgz 0ms (cache hit)
610 http cache negotiator@https://registry.npmjs.org/negotiator/-/negotiator-1.0.0.tgz 0ms (cache hit)
611 http cache type-is@https://registry.npmjs.org/type-is/-/type-is-2.0.1.tgz 0ms (cache hit)
612 http cache statuses@https://registry.npmjs.org/statuses/-/statuses-2.0.2.tgz 0ms (cache hit)
613 http cache serve-static@https://registry.npmjs.org/serve-static/-/serve-static-2.2.1.tgz 0ms (cache hit)
614 http cache send@https://registry.npmjs.org/send/-/send-1.2.1.tgz 0ms (cache hit)
615 http cache router@https://registry.npmjs.org/router/-/router-2.2.0.tgz 0ms (cache hit)
616 http cache range-parser@https://registry.npmjs.org/range-parser/-/range-parser-1.2.1.tgz 0ms (cache hit)
617 http cache qs@https://registry.npmjs.org/qs/-/qs-6.15.0.tgz 0ms (cache hit)
618 http cache proxy-addr@https://registry.npmjs.org/proxy-addr/-/proxy-addr-2.0.7.tgz 0ms (cache hit)
619 http cache parseurl@https://registry.npmjs.org/parseurl/-/parseurl-1.3.3.tgz 0ms (cache hit)
620 http cache once@https://registry.npmjs.org/once/-/once-1.4.0.tgz 0ms (cache hit)
621 http cache on-finished@https://registry.npmjs.org/on-finished/-/on-finished-2.4.1.tgz 0ms (cache hit)
622 http cache mime-types@https://registry.npmjs.org/mime-types/-/mime-types-3.0.2.tgz 0ms (cache hit)
623 http cache merge-descriptors@https://registry.npmjs.org/merge-descriptors/-/merge-descriptors-2.0.0.tgz 0ms (cache hit)
624 http cache fresh@https://registry.npmjs.org/fresh/-/fresh-2.0.0.tgz 0ms (cache hit)
625 http cache finalhandler@https://registry.npmjs.org/finalhandler/-/finalhandler-2.1.1.tgz 0ms (cache hit)
626 http cache etag@https://registry.npmjs.org/etag/-/etag-1.8.1.tgz 0ms (cache hit)
627 http cache escape-html@https://registry.npmjs.org/escape-html/-/escape-html-1.0.3.tgz 0ms (cache hit)
628 http cache encodeurl@https://registry.npmjs.org/encodeurl/-/encodeurl-2.0.0.tgz 0ms (cache hit)
629 http cache depd@https://registry.npmjs.org/depd/-/depd-2.0.0.tgz 0ms (cache hit)
630 http cache debug@https://registry.npmjs.org/debug/-/debug-4.4.3.tgz 0ms (cache hit)
631 http cache cookie-signature@https://registry.npmjs.org/cookie-signature/-/cookie-signature-1.2.2.tgz 0ms (cache hit)
632 http cache cookie@https://registry.npmjs.org/cookie/-/cookie-0.7.2.tgz 0ms (cache hit)
633 http cache content-type@https://registry.npmjs.org/content-type/-/content-type-1.0.5.tgz 0ms (cache hit)
634 http cache content-disposition@https://registry.npmjs.org/content-disposition/-/content-disposition-1.0.1.tgz 0ms (cache hit)
635 http cache body-parser@https://registry.npmjs.org/body-parser/-/body-parser-2.2.2.tgz 0ms (cache hit)
636 http cache accepts@https://registry.npmjs.org/accepts/-/accepts-2.0.0.tgz 0ms (cache hit)
637 http cache whatwg-encoding@https://registry.npmjs.org/whatwg-encoding/-/whatwg-encoding-3.1.1.tgz 0ms (cache hit)
638 http cache iconv-lite@https://registry.npmjs.org/iconv-lite/-/iconv-lite-0.6.3.tgz 0ms (cache hit)
639 http cache entities@https://registry.npmjs.org/entities/-/entities-4.5.0.tgz 0ms (cache hit)
640 http cache nth-check@https://registry.npmjs.org/nth-check/-/nth-check-2.1.1.tgz 0ms (cache hit)
641 http cache vary@https://registry.npmjs.org/vary/-/vary-1.1.2.tgz 0ms (cache hit)
642 http cache object-assign@https://registry.npmjs.org/object-assign/-/object-assign-4.1.1.tgz 0ms (cache hit)
643 http cache domelementtype@https://registry.npmjs.org/domelementtype/-/domelementtype-2.3.0.tgz 0ms (cache hit)
644 http cache css-what@https://registry.npmjs.org/css-what/-/css-what-6.2.2.tgz 0ms (cache hit)
645 http cache css-select@https://registry.npmjs.org/css-select/-/css-select-5.2.2.tgz 0ms (cache hit)
646 http cache boolbase@https://registry.npmjs.org/boolbase/-/boolbase-1.0.0.tgz 0ms (cache hit)
647 http cache whatwg-mimetype@https://registry.npmjs.org/whatwg-mimetype/-/whatwg-mimetype-4.0.0.tgz 0ms (cache hit)
648 http cache undici@https://registry.npmjs.org/undici/-/undici-7.22.0.tgz 0ms (cache hit)
649 http cache parse5-parser-stream@https://registry.npmjs.org/parse5-parser-stream/-/parse5-parser-stream-7.1.2.tgz 0ms (cache hit)
650 http cache parse5-htmlparser2-tree-adapter@https://registry.npmjs.org/parse5-htmlparser2-tree-adapter/-/parse5-htmlparser2-tree-adapter-7.1.0.tgz 0ms (cache hit)
651 http cache parse5@https://registry.npmjs.org/parse5/-/parse5-7.3.0.tgz 0ms (cache hit)
652 http cache htmlparser2@https://registry.npmjs.org/htmlparser2/-/htmlparser2-10.1.0.tgz 0ms (cache hit)
653 http cache encoding-sniffer@https://registry.npmjs.org/encoding-sniffer/-/encoding-sniffer-0.2.1.tgz 0ms (cache hit)
654 http cache domutils@https://registry.npmjs.org/domutils/-/domutils-3.2.2.tgz 0ms (cache hit)
655 http cache domhandler@https://registry.npmjs.org/domhandler/-/domhandler-5.0.3.tgz 0ms (cache hit)
656 http cache cheerio-select@https://registry.npmjs.org/cheerio-select/-/cheerio-select-2.1.0.tgz 0ms (cache hit)
657 http cache dom-serializer@https://registry.npmjs.org/dom-serializer/-/dom-serializer-2.0.0.tgz 0ms (cache hit)
658 http cache proxy-from-env@https://registry.npmjs.org/proxy-from-env/-/proxy-from-env-1.1.0.tgz 0ms (cache hit)
659 http cache form-data@https://registry.npmjs.org/form-data/-/form-data-4.0.5.tgz 0ms (cache hit)
660 http cache follow-redirects@https://registry.npmjs.org/follow-redirects/-/follow-redirects-1.15.11.tgz 0ms (cache hit)
661 http cache node-cache@https://registry.npmjs.org/node-cache/-/node-cache-5.1.2.tgz 0ms (cache hit)
662 http cache dotenv@https://registry.npmjs.org/dotenv/-/dotenv-17.3.1.tgz 0ms (cache hit)
663 http cache express@https://registry.npmjs.org/express/-/express-5.2.1.tgz 0ms (cache hit)
664 http cache cheerio@https://registry.npmjs.org/cheerio/-/cheerio-1.2.0.tgz 0ms (cache hit)
665 http cache cors@https://registry.npmjs.org/cors/-/cors-2.8.6.tgz 0ms (cache hit)
666 http cache axios@https://registry.npmjs.org/axios/-/axios-1.13.6.tgz 0ms (cache hit)
667 http cache http-errors@https://registry.npmjs.org/http-errors/-/http-errors-2.0.1.tgz 0ms (cache hit)
668 http cache iconv-lite@https://registry.npmjs.org/iconv-lite/-/iconv-lite-0.7.2.tgz 0ms (cache hit)
669 http cache entities@https://registry.npmjs.org/entities/-/entities-6.0.1.tgz 0ms (cache hit)
670 http cache entities@https://registry.npmjs.org/entities/-/entities-7.0.1.tgz 0ms (cache hit)
671 silly tarball no local data for media-typer@https://registry.npmjs.org/media-typer/-/media-typer-1.1.0.tgz. Extracting by manifest.
672 silly tarball no local data for call-bound@https://registry.npmjs.org/call-bound/-/call-bound-1.0.4.tgz. Extracting by manifest.
673 silly tarball no local data for side-channel-weakmap@https://registry.npmjs.org/side-channel-weakmap/-/side-channel-weakmap-1.0.2.tgz. Extracting by manifest.
674 silly tarball no local data for side-channel-map@https://registry.npmjs.org/side-channel-map/-/side-channel-map-1.0.1.tgz. Extracting by manifest.
675 http cache iconv-lite@https://registry.npmjs.org/iconv-lite/-/iconv-lite-0.7.2.tgz 0ms (cache hit)
676 silly tarball no local data for side-channel-list@https://registry.npmjs.org/side-channel-list/-/side-channel-list-1.0.0.tgz. Extracting by manifest.
677 silly tarball no local data for object-inspect@https://registry.npmjs.org/object-inspect/-/object-inspect-1.13.4.tgz. Extracting by manifest.
678 silly tarball no local data for is-promise@https://registry.npmjs.org/is-promise/-/is-promise-4.0.0.tgz. Extracting by manifest.
679 silly tarball no local data for path-to-regexp@https://registry.npmjs.org/path-to-regexp/-/path-to-regexp-8.3.0.tgz. Extracting by manifest.
680 silly tarball no local data for unpipe@https://registry.npmjs.org/unpipe/-/unpipe-1.0.0.tgz. Extracting by manifest.
681 silly tarball no local data for side-channel@https://registry.npmjs.org/side-channel/-/side-channel-1.1.0.tgz. Extracting by manifest.
682 silly tarball no local data for ipaddr.js@https://registry.npmjs.org/ipaddr.js/-/ipaddr.js-1.9.1.tgz. Extracting by manifest.
683 silly tarball no local data for forwarded@https://registry.npmjs.org/forwarded/-/forwarded-0.2.0.tgz. Extracting by manifest.
684 silly tarball no local data for wrappy@https://registry.npmjs.org/wrappy/-/wrappy-1.0.2.tgz. Extracting by manifest.
685 silly tarball no local data for ee-first@https://registry.npmjs.org/ee-first/-/ee-first-1.1.1.tgz. Extracting by manifest.
686 silly tarball no local data for mime-db@https://registry.npmjs.org/mime-db/-/mime-db-1.54.0.tgz. Extracting by manifest.
687 silly tarball no local data for clone@https://registry.npmjs.org/clone/-/clone-2.1.2.tgz. Extracting by manifest.
688 silly tarball no local data for safer-buffer@https://registry.npmjs.org/safer-buffer/-/safer-buffer-2.1.2.tgz. Extracting by manifest.
689 silly tarball no local data for setprototypeof@https://registry.npmjs.org/setprototypeof/-/setprototypeof-1.2.0.tgz. Extracting by manifest.
690 silly tarball no local data for inherits@https://registry.npmjs.org/inherits/-/inherits-2.0.4.tgz. Extracting by manifest.
691 silly tarball no local data for toidentifier@https://registry.npmjs.org/toidentifier/-/toidentifier-1.0.1.tgz. Extracting by manifest.
692 silly tarball no local data for math-intrinsics@https://registry.npmjs.org/math-intrinsics/-/math-intrinsics-1.1.0.tgz. Extracting by manifest.
693 silly tarball no local data for has-symbols@https://registry.npmjs.org/has-symbols/-/has-symbols-1.1.0.tgz. Extracting by manifest.
694 silly tarball no local data for gopd@https://registry.npmjs.org/gopd/-/gopd-1.2.0.tgz. Extracting by manifest.
695 silly tarball no local data for dunder-proto@https://registry.npmjs.org/dunder-proto/-/dunder-proto-1.0.1.tgz. Extracting by manifest.
696 silly tarball no local data for get-proto@https://registry.npmjs.org/get-proto/-/get-proto-1.0.1.tgz. Extracting by manifest.
697 silly tarball no local data for es-object-atoms@https://registry.npmjs.org/es-object-atoms/-/es-object-atoms-1.1.1.tgz. Extracting by manifest.
698 silly tarball no local data for function-bind@https://registry.npmjs.org/function-bind/-/function-bind-1.1.2.tgz. Extracting by manifest.
699 silly tarball no local data for call-bind-apply-helpers@https://registry.npmjs.org/call-bind-apply-helpers/-/call-bind-apply-helpers-1.0.2.tgz. Extracting by manifest.
700 silly tarball no local data for es-define-property@https://registry.npmjs.org/es-define-property/-/es-define-property-1.0.1.tgz. Extracting by manifest.
701 silly tarball no local data for has-tostringtag@https://registry.npmjs.org/has-tostringtag/-/has-tostringtag-1.0.2.tgz. Extracting by manifest.
702 silly tarball no local data for get-intrinsic@https://registry.npmjs.org/get-intrinsic/-/get-intrinsic-1.3.0.tgz. Extracting by manifest.
703 silly tarball no local data for es-errors@https://registry.npmjs.org/es-errors/-/es-errors-1.3.0.tgz. Extracting by manifest.
704 silly tarball no local data for delayed-stream@https://registry.npmjs.org/delayed-stream/-/delayed-stream-1.0.0.tgz. Extracting by manifest.
705 silly tarball no local data for hasown@https://registry.npmjs.org/hasown/-/hasown-2.0.2.tgz. Extracting by manifest.
706 silly tarball no local data for es-set-tostringtag@https://registry.npmjs.org/es-set-tostringtag/-/es-set-tostringtag-2.1.0.tgz. Extracting by manifest.
707 silly tarball no local data for combined-stream@https://registry.npmjs.org/combined-stream/-/combined-stream-1.0.8.tgz. Extracting by manifest.
708 silly tarball no local data for ms@https://registry.npmjs.org/ms/-/ms-2.1.3.tgz. Extracting by manifest.
709 silly tarball no local data for asynckit@https://registry.npmjs.org/asynckit/-/asynckit-0.4.0.tgz. Extracting by manifest.
710 silly tarball no local data for bytes@https://registry.npmjs.org/bytes/-/bytes-3.1.2.tgz. Extracting by manifest.
711 silly tarball no local data for raw-body@https://registry.npmjs.org/raw-body/-/raw-body-3.0.2.tgz. Extracting by manifest.
712 silly tarball no local data for negotiator@https://registry.npmjs.org/negotiator/-/negotiator-1.0.0.tgz. Extracting by manifest.
713 silly tarball no local data for type-is@https://registry.npmjs.org/type-is/-/type-is-2.0.1.tgz. Extracting by manifest.
714 silly tarball no local data for statuses@https://registry.npmjs.org/statuses/-/statuses-2.0.2.tgz. Extracting by manifest.
715 silly tarball no local data for serve-static@https://registry.npmjs.org/serve-static/-/serve-static-2.2.1.tgz. Extracting by manifest.
716 silly tarball no local data for send@https://registry.npmjs.org/send/-/send-1.2.1.tgz. Extracting by manifest.
717 silly tarball no local data for router@https://registry.npmjs.org/router/-/router-2.2.0.tgz. Extracting by manifest.
718 silly tarball no local data for range-parser@https://registry.npmjs.org/range-parser/-/range-parser-1.2.1.tgz. Extracting by manifest.
719 silly tarball no local data for qs@https://registry.npmjs.org/qs/-/qs-6.15.0.tgz. Extracting by manifest.
720 silly tarball no local data for proxy-addr@https://registry.npmjs.org/proxy-addr/-/proxy-addr-2.0.7.tgz. Extracting by manifest.
721 silly tarball no local data for parseurl@https://registry.npmjs.org/parseurl/-/parseurl-1.3.3.tgz. Extracting by manifest.
722 silly tarball no local data for once@https://registry.npmjs.org/once/-/once-1.4.0.tgz. Extracting by manifest.
723 silly tarball no local data for on-finished@https://registry.npmjs.org/on-finished/-/on-finished-2.4.1.tgz. Extracting by manifest.
724 silly tarball no local data for mime-types@https://registry.npmjs.org/mime-types/-/mime-types-3.0.2.tgz. Extracting by manifest.
725 silly tarball no local data for merge-descriptors@https://registry.npmjs.org/merge-descriptors/-/merge-descriptors-2.0.0.tgz. Extracting by manifest.
726 silly tarball no local data for fresh@https://registry.npmjs.org/fresh/-/fresh-2.0.0.tgz. Extracting by manifest.
727 silly tarball no local data for finalhandler@https://registry.npmjs.org/finalhandler/-/finalhandler-2.1.1.tgz. Extracting by manifest.
728 silly tarball no local data for etag@https://registry.npmjs.org/etag/-/etag-1.8.1.tgz. Extracting by manifest.
729 silly tarball no local data for escape-html@https://registry.npmjs.org/escape-html/-/escape-html-1.0.3.tgz. Extracting by manifest.
730 silly tarball no local data for encodeurl@https://registry.npmjs.org/encodeurl/-/encodeurl-2.0.0.tgz. Extracting by manifest.
731 silly tarball no local data for depd@https://registry.npmjs.org/depd/-/depd-2.0.0.tgz. Extracting by manifest.
732 silly tarball no local data for debug@https://registry.npmjs.org/debug/-/debug-4.4.3.tgz. Extracting by manifest.
733 silly tarball no local data for cookie-signature@https://registry.npmjs.org/cookie-signature/-/cookie-signature-1.2.2.tgz. Extracting by manifest.
734 silly tarball no local data for cookie@https://registry.npmjs.org/cookie/-/cookie-0.7.2.tgz. Extracting by manifest.
735 silly tarball no local data for content-type@https://registry.npmjs.org/content-type/-/content-type-1.0.5.tgz. Extracting by manifest.
736 silly tarball no local data for content-disposition@https://registry.npmjs.org/content-disposition/-/content-disposition-1.0.1.tgz. Extracting by manifest.
737 silly tarball no local data for body-parser@https://registry.npmjs.org/body-parser/-/body-parser-2.2.2.tgz. Extracting by manifest.
738 silly tarball no local data for accepts@https://registry.npmjs.org/accepts/-/accepts-2.0.0.tgz. Extracting by manifest.
739 silly tarball no local data for whatwg-encoding@https://registry.npmjs.org/whatwg-encoding/-/whatwg-encoding-3.1.1.tgz. Extracting by manifest.
740 silly tarball no local data for iconv-lite@https://registry.npmjs.org/iconv-lite/-/iconv-lite-0.6.3.tgz. Extracting by manifest.
741 silly tarball no local data for entities@https://registry.npmjs.org/entities/-/entities-4.5.0.tgz. Extracting by manifest.
742 silly tarball no local data for nth-check@https://registry.npmjs.org/nth-check/-/nth-check-2.1.1.tgz. Extracting by manifest.
743 silly tarball no local data for vary@https://registry.npmjs.org/vary/-/vary-1.1.2.tgz. Extracting by manifest.
744 silly tarball no local data for object-assign@https://registry.npmjs.org/object-assign/-/object-assign-4.1.1.tgz. Extracting by manifest.
745 silly tarball no local data for domelementtype@https://registry.npmjs.org/domelementtype/-/domelementtype-2.3.0.tgz. Extracting by manifest.
746 silly tarball no local data for css-what@https://registry.npmjs.org/css-what/-/css-what-6.2.2.tgz. Extracting by manifest.
747 silly tarball no local data for css-select@https://registry.npmjs.org/css-select/-/css-select-5.2.2.tgz. Extracting by manifest.
748 silly tarball no local data for boolbase@https://registry.npmjs.org/boolbase/-/boolbase-1.0.0.tgz. Extracting by manifest.
749 silly tarball no local data for whatwg-mimetype@https://registry.npmjs.org/whatwg-mimetype/-/whatwg-mimetype-4.0.0.tgz. Extracting by manifest.
750 silly tarball no local data for undici@https://registry.npmjs.org/undici/-/undici-7.22.0.tgz. Extracting by manifest.
751 silly tarball no local data for parse5-parser-stream@https://registry.npmjs.org/parse5-parser-stream/-/parse5-parser-stream-7.1.2.tgz. Extracting by manifest.
752 silly tarball no local data for parse5-htmlparser2-tree-adapter@https://registry.npmjs.org/parse5-htmlparser2-tree-adapter/-/parse5-htmlparser2-tree-adapter-7.1.0.tgz. Extracting by manifest.
753 silly tarball no local data for parse5@https://registry.npmjs.org/parse5/-/parse5-7.3.0.tgz. Extracting by manifest.
754 silly tarball no local data for htmlparser2@https://registry.npmjs.org/htmlparser2/-/htmlparser2-10.1.0.tgz. Extracting by manifest.
755 silly tarball no local data for encoding-sniffer@https://registry.npmjs.org/encoding-sniffer/-/encoding-sniffer-0.2.1.tgz. Extracting by manifest.
756 silly tarball no local data for domutils@https://registry.npmjs.org/domutils/-/domutils-3.2.2.tgz. Extracting by manifest.
757 silly tarball no local data for domhandler@https://registry.npmjs.org/domhandler/-/domhandler-5.0.3.tgz. Extracting by manifest.
758 silly tarball no local data for cheerio-select@https://registry.npmjs.org/cheerio-select/-/cheerio-select-2.1.0.tgz. Extracting by manifest.
759 silly tarball no local data for dom-serializer@https://registry.npmjs.org/dom-serializer/-/dom-serializer-2.0.0.tgz. Extracting by manifest.
760 silly tarball no local data for proxy-from-env@https://registry.npmjs.org/proxy-from-env/-/proxy-from-env-1.1.0.tgz. Extracting by manifest.
761 silly tarball no local data for form-data@https://registry.npmjs.org/form-data/-/form-data-4.0.5.tgz. Extracting by manifest.
762 silly tarball no local data for follow-redirects@https://registry.npmjs.org/follow-redirects/-/follow-redirects-1.15.11.tgz. Extracting by manifest.
763 silly tarball no local data for node-cache@https://registry.npmjs.org/node-cache/-/node-cache-5.1.2.tgz. Extracting by manifest.
764 silly tarball no local data for dotenv@https://registry.npmjs.org/dotenv/-/dotenv-17.3.1.tgz. Extracting by manifest.
765 silly tarball no local data for express@https://registry.npmjs.org/express/-/express-5.2.1.tgz. Extracting by manifest.
766 silly tarball no local data for cheerio@https://registry.npmjs.org/cheerio/-/cheerio-1.2.0.tgz. Extracting by manifest.
767 silly tarball no local data for cors@https://registry.npmjs.org/cors/-/cors-2.8.6.tgz. Extracting by manifest.
768 silly tarball no local data for axios@https://registry.npmjs.org/axios/-/axios-1.13.6.tgz. Extracting by manifest.
769 silly tarball no local data for http-errors@https://registry.npmjs.org/http-errors/-/http-errors-2.0.1.tgz. Extracting by manifest.
770 silly tarball no local data for iconv-lite@https://registry.npmjs.org/iconv-lite/-/iconv-lite-0.7.2.tgz. Extracting by manifest.
771 silly tarball no local data for entities@https://registry.npmjs.org/entities/-/entities-6.0.1.tgz. Extracting by manifest.
772 silly tarball no local data for entities@https://registry.npmjs.org/entities/-/entities-7.0.1.tgz. Extracting by manifest.
773 http cache mime-db@https://registry.npmjs.org/mime-db/-/mime-db-1.52.0.tgz 0ms (cache hit)
774 http cache mime-types@https://registry.npmjs.org/mime-types/-/mime-types-2.1.35.tgz 1ms (cache hit)
775 silly tarball no local data for iconv-lite@https://registry.npmjs.org/iconv-lite/-/iconv-lite-0.7.2.tgz. Extracting by manifest.
776 silly tarball no local data for mime-db@https://registry.npmjs.org/mime-db/-/mime-db-1.52.0.tgz. Extracting by manifest.
777 silly tarball no local data for mime-types@https://registry.npmjs.org/mime-types/-/mime-types-2.1.35.tgz. Extracting by manifest.
778 http fetch POST 200 https://registry.npmjs.org/-/npm/v1/security/advisories/bulk 375ms
779 silly audit report {}
780 http fetch GET 200 https://registry.npmjs.org/clone/-/clone-2.1.2.tgz 1304ms (cache miss)
781 http fetch GET 200 https://registry.npmjs.org/media-typer/-/media-typer-1.1.0.tgz 1312ms (cache miss)
782 http fetch GET 200 https://registry.npmjs.org/call-bound/-/call-bound-1.0.4.tgz 1606ms (cache miss)
783 http fetch GET 200 https://registry.npmjs.org/setprototypeof/-/setprototypeof-1.2.0.tgz 1701ms (cache miss)
784 http fetch GET 200 https://registry.npmjs.org/has-symbols/-/has-symbols-1.1.0.tgz 1701ms (cache miss)
785 http fetch GET 200 https://registry.npmjs.org/math-intrinsics/-/math-intrinsics-1.1.0.tgz 1706ms (cache miss)
786 http fetch GET 200 https://registry.npmjs.org/wrappy/-/wrappy-1.0.2.tgz 1782ms (cache miss)
787 http fetch GET 200 https://registry.npmjs.org/inherits/-/inherits-2.0.4.tgz 1816ms (cache miss)
788 http fetch GET 200 https://registry.npmjs.org/toidentifier/-/toidentifier-1.0.1.tgz 1816ms (cache miss)
789 http fetch GET 200 https://registry.npmjs.org/unpipe/-/unpipe-1.0.0.tgz 1893ms (cache miss)
790 http fetch GET 200 https://registry.npmjs.org/forwarded/-/forwarded-0.2.0.tgz 1951ms (cache miss)
791 http fetch GET 200 https://registry.npmjs.org/get-intrinsic/-/get-intrinsic-1.3.0.tgz 1947ms (cache miss)
792 http fetch GET 200 https://registry.npmjs.org/send/-/send-1.2.1.tgz 1948ms (cache miss)
793 http fetch GET 200 https://registry.npmjs.org/ee-first/-/ee-first-1.1.1.tgz 2026ms (cache miss)
794 http fetch GET 200 https://registry.npmjs.org/is-promise/-/is-promise-4.0.0.tgz 2030ms (cache miss)
795 http fetch GET 200 https://registry.npmjs.org/es-set-tostringtag/-/es-set-tostringtag-2.1.0.tgz 2029ms (cache miss)
796 http fetch GET 200 https://registry.npmjs.org/ms/-/ms-2.1.3.tgz 2143ms (cache miss)
797 http fetch GET 200 https://registry.npmjs.org/combined-stream/-/combined-stream-1.0.8.tgz 2145ms (cache miss)
798 http fetch GET 200 https://registry.npmjs.org/proxy-addr/-/proxy-addr-2.0.7.tgz 2153ms (cache miss)
799 http fetch GET 200 https://registry.npmjs.org/range-parser/-/range-parser-1.2.1.tgz 2188ms (cache miss)
800 http fetch GET 200 https://registry.npmjs.org/once/-/once-1.4.0.tgz 2187ms (cache miss)
801 http fetch GET 200 https://registry.npmjs.org/escape-html/-/escape-html-1.0.3.tgz 2232ms (cache miss)
802 http fetch GET 200 https://registry.npmjs.org/encodeurl/-/encodeurl-2.0.0.tgz 2231ms (cache miss)
803 http fetch GET 200 https://registry.npmjs.org/merge-descriptors/-/merge-descriptors-2.0.0.tgz 2236ms (cache miss)
804 http fetch GET 200 https://registry.npmjs.org/bytes/-/bytes-3.1.2.tgz 2244ms (cache miss)
805 http fetch GET 200 https://registry.npmjs.org/parseurl/-/parseurl-1.3.3.tgz 2240ms (cache miss)
806 http fetch GET 200 https://registry.npmjs.org/content-type/-/content-type-1.0.5.tgz 2237ms (cache miss)
807 http fetch GET 200 https://registry.npmjs.org/parse5-parser-stream/-/parse5-parser-stream-7.1.2.tgz 2249ms (cache miss)
808 http fetch GET 200 https://registry.npmjs.org/cookie-signature/-/cookie-signature-1.2.2.tgz 2282ms (cache miss)
809 http fetch GET 200 https://registry.npmjs.org/content-disposition/-/content-disposition-1.0.1.tgz 2282ms (cache miss)
810 http fetch GET 200 https://registry.npmjs.org/delayed-stream/-/delayed-stream-1.0.0.tgz 2298ms (cache miss)
811 http fetch GET 200 https://registry.npmjs.org/boolbase/-/boolbase-1.0.0.tgz 2309ms (cache miss)
812 http fetch GET 200 https://registry.npmjs.org/whatwg-mimetype/-/whatwg-mimetype-4.0.0.tgz 2348ms (cache miss)
813 http fetch GET 200 https://registry.npmjs.org/parse5-htmlparser2-tree-adapter/-/parse5-htmlparser2-tree-adapter-7.1.0.tgz 2350ms (cache miss)
814 http fetch GET 200 https://registry.npmjs.org/etag/-/etag-1.8.1.tgz 2409ms (cache miss)
815 http fetch GET 200 https://registry.npmjs.org/fresh/-/fresh-2.0.0.tgz 2412ms (cache miss)
816 http fetch GET 200 https://registry.npmjs.org/safer-buffer/-/safer-buffer-2.1.2.tgz 2549ms (cache miss)
817 http fetch GET 200 https://registry.npmjs.org/object-assign/-/object-assign-4.1.1.tgz 2527ms (cache miss)
818 http fetch GET 200 https://registry.npmjs.org/http-errors/-/http-errors-2.0.1.tgz 2571ms (cache miss)
819 http fetch GET 200 https://registry.npmjs.org/statuses/-/statuses-2.0.2.tgz 2620ms (cache miss)
820 http fetch GET 200 https://registry.npmjs.org/vary/-/vary-1.1.2.tgz 2610ms (cache miss)
821 http fetch GET 200 https://registry.npmjs.org/cors/-/cors-2.8.6.tgz 2612ms (cache miss)
822 http fetch GET 200 https://registry.npmjs.org/mime-types/-/mime-types-2.1.35.tgz 2715ms (cache miss)
823 http fetch GET 200 https://registry.npmjs.org/whatwg-encoding/-/whatwg-encoding-3.1.1.tgz 2863ms (cache miss)
824 http fetch GET 200 https://registry.npmjs.org/on-finished/-/on-finished-2.4.1.tgz 2902ms (cache miss)
825 http fetch GET 200 https://registry.npmjs.org/mime-db/-/mime-db-1.54.0.tgz 2997ms (cache miss)
826 http fetch GET 200 https://registry.npmjs.org/serve-static/-/serve-static-2.2.1.tgz 2999ms (cache miss)
827 http fetch GET 200 https://registry.npmjs.org/accepts/-/accepts-2.0.0.tgz 3023ms (cache miss)
828 warn deprecated whatwg-encoding@3.1.1: Use @exodus/bytes instead for a more spec-conformant and faster implementation
829 http fetch GET 200 https://registry.npmjs.org/type-is/-/type-is-2.0.1.tgz 3090ms (cache miss)
830 http fetch GET 200 https://registry.npmjs.org/raw-body/-/raw-body-3.0.2.tgz 3151ms (cache miss)
831 http fetch GET 200 https://registry.npmjs.org/ipaddr.js/-/ipaddr.js-1.9.1.tgz 3194ms (cache miss)
832 http fetch GET 200 https://registry.npmjs.org/cookie/-/cookie-0.7.2.tgz 3199ms (cache miss)
833 http fetch GET 200 https://registry.npmjs.org/finalhandler/-/finalhandler-2.1.1.tgz 3355ms (cache miss)
834 http fetch GET 200 https://registry.npmjs.org/mime-types/-/mime-types-3.0.2.tgz 3396ms (cache miss)
835 http fetch GET 200 https://registry.npmjs.org/hasown/-/hasown-2.0.2.tgz 3466ms (cache miss)
836 http fetch GET 200 https://registry.npmjs.org/depd/-/depd-2.0.0.tgz 3457ms (cache miss)
837 http fetch GET 200 https://registry.npmjs.org/path-to-regexp/-/path-to-regexp-8.3.0.tgz 3480ms (cache miss)
838 http fetch GET 200 https://registry.npmjs.org/mime-db/-/mime-db-1.52.0.tgz 3400ms (cache miss)
839 http fetch GET 200 https://registry.npmjs.org/es-define-property/-/es-define-property-1.0.1.tgz 3541ms (cache miss)
840 http fetch GET 200 https://registry.npmjs.org/side-channel-map/-/side-channel-map-1.0.1.tgz 3554ms (cache miss)
841 http fetch GET 200 https://registry.npmjs.org/negotiator/-/negotiator-1.0.0.tgz 3538ms (cache miss)
842 http fetch GET 200 https://registry.npmjs.org/side-channel-weakmap/-/side-channel-weakmap-1.0.2.tgz 3567ms (cache miss)
843 http fetch GET 200 https://registry.npmjs.org/proxy-from-env/-/proxy-from-env-1.1.0.tgz 3539ms (cache miss)
844 http fetch GET 200 https://registry.npmjs.org/side-channel/-/side-channel-1.1.0.tgz 3601ms (cache miss)
845 http fetch GET 200 https://registry.npmjs.org/body-parser/-/body-parser-2.2.2.tgz 3584ms (cache miss)
846 http fetch GET 200 https://registry.npmjs.org/gopd/-/gopd-1.2.0.tgz 3605ms (cache miss)
847 http fetch GET 200 https://registry.npmjs.org/domelementtype/-/domelementtype-2.3.0.tgz 3587ms (cache miss)
848 http fetch GET 200 https://registry.npmjs.org/debug/-/debug-4.4.3.tgz 3624ms (cache miss)
849 http fetch GET 200 https://registry.npmjs.org/side-channel-list/-/side-channel-list-1.0.0.tgz 3649ms (cache miss)
850 http fetch GET 200 https://registry.npmjs.org/form-data/-/form-data-4.0.5.tgz 3645ms (cache miss)
851 http fetch GET 200 https://registry.npmjs.org/express/-/express-5.2.1.tgz 3670ms (cache miss)
852 http fetch GET 200 https://registry.npmjs.org/function-bind/-/function-bind-1.1.2.tgz 3716ms (cache miss)
853 http fetch GET 200 https://registry.npmjs.org/router/-/router-2.2.0.tgz 3717ms (cache miss)
854 http fetch GET 200 https://registry.npmjs.org/follow-redirects/-/follow-redirects-1.15.11.tgz 3701ms (cache miss)
855 http fetch GET 200 https://registry.npmjs.org/get-proto/-/get-proto-1.0.1.tgz 3999ms (cache miss)
856 http fetch GET 200 https://registry.npmjs.org/dunder-proto/-/dunder-proto-1.0.1.tgz 4007ms (cache miss)
857 http fetch GET 200 https://registry.npmjs.org/dotenv/-/dotenv-17.3.1.tgz 4009ms (cache miss)
858 http fetch GET 200 https://registry.npmjs.org/node-cache/-/node-cache-5.1.2.tgz 4017ms (cache miss)
859 http fetch GET 200 https://registry.npmjs.org/es-object-atoms/-/es-object-atoms-1.1.1.tgz 4057ms (cache miss)
860 http fetch GET 200 https://registry.npmjs.org/has-tostringtag/-/has-tostringtag-1.0.2.tgz 4102ms (cache miss)
861 http fetch GET 200 https://registry.npmjs.org/dom-serializer/-/dom-serializer-2.0.0.tgz 4202ms (cache miss)
862 http fetch GET 200 https://registry.npmjs.org/domhandler/-/domhandler-5.0.3.tgz 4249ms (cache miss)
863 http fetch GET 200 https://registry.npmjs.org/call-bind-apply-helpers/-/call-bind-apply-helpers-1.0.2.tgz 4319ms (cache miss)
864 http fetch GET 200 https://registry.npmjs.org/asynckit/-/asynckit-0.4.0.tgz 4329ms (cache miss)
865 http fetch GET 200 https://registry.npmjs.org/es-errors/-/es-errors-1.3.0.tgz 4338ms (cache miss)
866 http fetch GET 200 https://registry.npmjs.org/encoding-sniffer/-/encoding-sniffer-0.2.1.tgz 4493ms (cache miss)
867 http fetch GET 200 https://registry.npmjs.org/nth-check/-/nth-check-2.1.1.tgz 4562ms (cache miss)
868 http fetch GET 200 https://registry.npmjs.org/css-what/-/css-what-6.2.2.tgz 4581ms (cache miss)
869 http fetch GET 200 https://registry.npmjs.org/cheerio-select/-/cheerio-select-2.1.0.tgz 4594ms (cache miss)
870 http fetch GET 200 https://registry.npmjs.org/qs/-/qs-6.15.0.tgz 4650ms (cache miss)
871 http fetch GET 200 https://registry.npmjs.org/iconv-lite/-/iconv-lite-0.7.2.tgz 4789ms (cache miss)
872 http fetch GET 200 https://registry.npmjs.org/iconv-lite/-/iconv-lite-0.7.2.tgz 4813ms (cache miss)
873 http fetch GET 200 https://registry.npmjs.org/object-inspect/-/object-inspect-1.13.4.tgz 4897ms (cache miss)
874 http fetch GET 200 https://registry.npmjs.org/htmlparser2/-/htmlparser2-10.1.0.tgz 5466ms (cache miss)
875 http fetch GET 200 https://registry.npmjs.org/iconv-lite/-/iconv-lite-0.6.3.tgz 5519ms (cache miss)
876 http fetch GET 200 https://registry.npmjs.org/domutils/-/domutils-3.2.2.tgz 5950ms (cache miss)
877 http fetch GET 200 https://registry.npmjs.org/entities/-/entities-4.5.0.tgz 6242ms (cache miss)
878 http fetch GET 200 https://registry.npmjs.org/parse5/-/parse5-7.3.0.tgz 6655ms (cache miss)
879 http fetch GET 200 https://registry.npmjs.org/entities/-/entities-6.0.1.tgz 7200ms (cache miss)
880 http fetch GET 200 https://registry.npmjs.org/css-select/-/css-select-5.2.2.tgz 7776ms (cache miss)
881 http fetch GET 200 https://registry.npmjs.org/entities/-/entities-7.0.1.tgz 7924ms (cache miss)
882 http fetch GET 200 https://registry.npmjs.org/axios/-/axios-1.13.6.tgz 8049ms (cache miss)
883 http fetch GET 200 https://registry.npmjs.org/undici/-/undici-7.22.0.tgz 8884ms (cache miss)
884 http fetch GET 200 https://registry.npmjs.org/cheerio/-/cheerio-1.2.0.tgz 8902ms (cache miss)
885 silly ADD node_modules/media-typer
886 silly ADD node_modules/call-bound
887 silly ADD node_modules/side-channel-weakmap
888 silly ADD node_modules/side-channel-map
889 silly ADD node_modules/side-channel-list
890 silly ADD node_modules/object-inspect
891 silly ADD node_modules/path-to-regexp
892 silly ADD node_modules/is-promise
893 silly ADD node_modules/unpipe
894 silly ADD node_modules/side-channel
895 silly ADD node_modules/ipaddr.js
896 silly ADD node_modules/forwarded
897 silly ADD node_modules/wrappy
898 silly ADD node_modules/ee-first
899 silly ADD node_modules/clone
900 silly ADD node_modules/mime-db
901 silly ADD node_modules/safer-buffer
902 silly ADD node_modules/toidentifier
903 silly ADD node_modules/setprototypeof
904 silly ADD node_modules/inherits
905 silly ADD node_modules/dunder-proto
906 silly ADD node_modules/math-intrinsics
907 silly ADD node_modules/has-symbols
908 silly ADD node_modules/gopd
909 silly ADD node_modules/get-proto
910 silly ADD node_modules/function-bind
911 silly ADD node_modules/es-object-atoms
912 silly ADD node_modules/es-define-property
913 silly ADD node_modules/call-bind-apply-helpers
914 silly ADD node_modules/has-tostringtag
915 silly ADD node_modules/get-intrinsic
916 silly ADD node_modules/es-errors
917 silly ADD node_modules/delayed-stream
918 silly ADD node_modules/hasown
919 silly ADD node_modules/es-set-tostringtag
920 silly ADD node_modules/combined-stream
921 silly ADD node_modules/asynckit
922 silly ADD node_modules/ms
923 silly ADD node_modules/raw-body
924 silly ADD node_modules/raw-body/node_modules/iconv-lite
925 silly ADD node_modules/bytes
926 silly ADD node_modules/negotiator
927 silly ADD node_modules/type-is
928 silly ADD node_modules/statuses
929 silly ADD node_modules/serve-static
930 silly ADD node_modules/send
931 silly ADD node_modules/router
932 silly ADD node_modules/range-parser
933 silly ADD node_modules/qs
934 silly ADD node_modules/proxy-addr
935 silly ADD node_modules/parseurl
936 silly ADD node_modules/once
937 silly ADD node_modules/on-finished
938 silly ADD node_modules/mime-types
939 silly ADD node_modules/merge-descriptors
940 silly ADD node_modules/http-errors
941 silly ADD node_modules/fresh
942 silly ADD node_modules/finalhandler
943 silly ADD node_modules/etag
944 silly ADD node_modules/escape-html
945 silly ADD node_modules/encodeurl
946 silly ADD node_modules/depd
947 silly ADD node_modules/debug
948 silly ADD node_modules/cookie-signature
949 silly ADD node_modules/cookie
950 silly ADD node_modules/content-type
951 silly ADD node_modules/content-disposition
952 silly ADD node_modules/body-parser
953 silly ADD node_modules/body-parser/node_modules/iconv-lite
954 silly ADD node_modules/accepts
955 silly ADD node_modules/whatwg-encoding
956 silly ADD node_modules/iconv-lite
957 silly ADD node_modules/entities
958 silly ADD node_modules/nth-check
959 silly ADD node_modules/vary
960 silly ADD node_modules/object-assign
961 silly ADD node_modules/domelementtype
962 silly ADD node_modules/css-what
963 silly ADD node_modules/css-select
964 silly ADD node_modules/boolbase
965 silly ADD node_modules/whatwg-mimetype
966 silly ADD node_modules/undici
967 silly ADD node_modules/parse5-parser-stream
968 silly ADD node_modules/parse5-htmlparser2-tree-adapter
969 silly ADD node_modules/parse5
970 silly ADD node_modules/parse5/node_modules/entities
971 silly ADD node_modules/htmlparser2
972 silly ADD node_modules/htmlparser2/node_modules/entities
973 silly ADD node_modules/encoding-sniffer
974 silly ADD node_modules/domutils
975 silly ADD node_modules/domhandler
976 silly ADD node_modules/dom-serializer
977 silly ADD node_modules/cheerio-select
978 silly ADD node_modules/proxy-from-env
979 silly ADD node_modules/form-data
980 silly ADD node_modules/form-data/node_modules/mime-db
981 silly ADD node_modules/form-data/node_modules/mime-types
982 silly ADD node_modules/follow-redirects
983 silly ADD node_modules/node-cache
984 silly ADD node_modules/express
985 silly ADD node_modules/dotenv
986 silly ADD node_modules/cors
987 silly ADD node_modules/cheerio
988 silly ADD node_modules/axios
989 verbose cwd D:\c backup\crio\OctaByte\backend
990 verbose os Windows_NT 10.0.26200
991 verbose node v22.18.0
992 verbose npm  v10.9.3
993 verbose exit 0
994 info ok
